<?xml version="1.0" encoding="UTF-8"?>
<coverage generated="1773246548351" clover="3.2.0">
  <project timestamp="1773246548352" name="All files">
    <metrics statements="1580" coveredstatements="1342" conditionals="391" coveredconditionals="330" methods="128" coveredmethods="116" elements="2099" coveredelements="1788" complexity="0" loc="1580" ncloc="1580" packages="9" files="27" classes="27"/>
    <package name="docs.assets">
      <metrics statements="79" coveredstatements="0" conditionals="5" coveredconditionals="0" methods="5" coveredmethods="0"/>
      <file name="hierarchy.js" path="/home/sam/Documents/Code/TypeScript/FP-Devicer-Suite/fp-devicer/docs/assets/hierarchy.js">
        <metrics statements="1" coveredstatements="0" conditionals="1" coveredconditionals="0" methods="1" coveredmethods="0"/>
        <line num="1" count="0" type="cond" truecount="0" falsecount="1"/>
      </file>
      <file name="icons.js" path="/home/sam/Documents/Code/TypeScript/FP-Devicer-Suite/fp-devicer/docs/assets/icons.js">
        <metrics statements="17" coveredstatements="0" conditionals="1" coveredconditionals="0" methods="1" coveredmethods="0"/>
        <line num="1" count="0" type="cond" truecount="0" falsecount="1"/>
        <line num="2" count="0" type="stmt"/>
        <line num="3" count="0" type="stmt"/>
        <line num="4" count="0" type="stmt"/>
        <line num="5" count="0" type="stmt"/>
        <line num="6" count="0" type="stmt"/>
        <line num="7" count="0" type="stmt"/>
        <line num="8" count="0" type="stmt"/>
        <line num="9" count="0" type="stmt"/>
        <line num="11" count="0" type="stmt"/>
        <line num="12" count="0" type="stmt"/>
        <line num="13" count="0" type="stmt"/>
        <line num="14" count="0" type="stmt"/>
        <line num="15" count="0" type="stmt"/>
        <line num="16" count="0" type="stmt"/>
        <line num="17" count="0" type="stmt"/>
        <line num="18" count="0" type="stmt"/>
      </file>
      <file name="main.js" path="/home/sam/Documents/Code/TypeScript/FP-Devicer-Suite/fp-devicer/docs/assets/main.js">
        <metrics statements="59" coveredstatements="0" conditionals="1" coveredconditionals="0" methods="1" coveredmethods="0"/>
        <line num="1" count="0" type="cond" truecount="0" falsecount="1"/>
        <line num="2" count="0" type="stmt"/>
        <line num="3" count="0" type="stmt"/>
        <line num="4" count="0" type="stmt"/>
        <line num="5" count="0" type="stmt"/>
        <line num="6" count="0" type="stmt"/>
        <line num="7" count="0" type="stmt"/>
        <line num="9" count="0" type="stmt"/>
        <line num="10" count="0" type="stmt"/>
        <line num="11" count="0" type="stmt"/>
        <line num="12" count="0" type="stmt"/>
        <line num="13" count="0" type="stmt"/>
        <line num="14" count="0" type="stmt"/>
        <line num="15" count="0" type="stmt"/>
        <line num="16" count="0" type="stmt"/>
        <line num="17" count="0" type="stmt"/>
        <line num="18" count="0" type="stmt"/>
        <line num="19" count="0" type="stmt"/>
        <line num="20" count="0" type="stmt"/>
        <line num="21" count="0" type="stmt"/>
        <line num="22" count="0" type="stmt"/>
        <line num="23" count="0" type="stmt"/>
        <line num="24" count="0" type="stmt"/>
        <line num="25" count="0" type="stmt"/>
        <line num="26" count="0" type="stmt"/>
        <line num="27" count="0" type="stmt"/>
        <line num="28" count="0" type="stmt"/>
        <line num="29" count="0" type="stmt"/>
        <line num="30" count="0" type="stmt"/>
        <line num="31" count="0" type="stmt"/>
        <line num="32" count="0" type="stmt"/>
        <line num="33" count="0" type="stmt"/>
        <line num="34" count="0" type="stmt"/>
        <line num="35" count="0" type="stmt"/>
        <line num="36" count="0" type="stmt"/>
        <line num="37" count="0" type="stmt"/>
        <line num="38" count="0" type="stmt"/>
        <line num="39" count="0" type="stmt"/>
        <line num="40" count="0" type="stmt"/>
        <line num="41" count="0" type="stmt"/>
        <line num="42" count="0" type="stmt"/>
        <line num="43" count="0" type="stmt"/>
        <line num="44" count="0" type="stmt"/>
        <line num="45" count="0" type="stmt"/>
        <line num="46" count="0" type="stmt"/>
        <line num="47" count="0" type="stmt"/>
        <line num="48" count="0" type="stmt"/>
        <line num="49" count="0" type="stmt"/>
        <line num="50" count="0" type="stmt"/>
        <line num="51" count="0" type="stmt"/>
        <line num="52" count="0" type="stmt"/>
        <line num="53" count="0" type="stmt"/>
        <line num="54" count="0" type="stmt"/>
        <line num="55" count="0" type="stmt"/>
        <line num="56" count="0" type="stmt"/>
        <line num="57" count="0" type="stmt"/>
        <line num="58" count="0" type="stmt"/>
        <line num="59" count="0" type="stmt"/>
        <line num="60" count="0" type="stmt"/>
      </file>
      <file name="navigation.js" path="/home/sam/Documents/Code/TypeScript/FP-Devicer-Suite/fp-devicer/docs/assets/navigation.js">
        <metrics statements="1" coveredstatements="0" conditionals="1" coveredconditionals="0" methods="1" coveredmethods="0"/>
        <line num="1" count="0" type="cond" truecount="0" falsecount="1"/>
      </file>
      <file name="search.js" path="/home/sam/Documents/Code/TypeScript/FP-Devicer-Suite/fp-devicer/docs/assets/search.js">
        <metrics statements="1" coveredstatements="0" conditionals="1" coveredconditionals="0" methods="1" coveredmethods="0"/>
        <line num="1" count="0" type="cond" truecount="0" falsecount="1"/>
      </file>
    </package>
    <package name="src">
      <metrics statements="13" coveredstatements="13" conditionals="0" coveredconditionals="0" methods="0" coveredmethods="0"/>
      <file name="main.ts" path="/home/sam/Documents/Code/TypeScript/FP-Devicer-Suite/fp-devicer/src/main.ts">
        <metrics statements="13" coveredstatements="13" conditionals="0" coveredconditionals="0" methods="0" coveredmethods="0"/>
        <line num="1" count="1" type="stmt"/>
        <line num="2" count="1" type="stmt"/>
        <line num="3" count="1" type="stmt"/>
        <line num="4" count="1" type="stmt"/>
        <line num="5" count="1" type="stmt"/>
        <line num="15" count="1" type="stmt"/>
        <line num="16" count="1" type="stmt"/>
        <line num="17" count="1" type="stmt"/>
        <line num="18" count="1" type="stmt"/>
        <line num="19" count="1" type="stmt"/>
        <line num="20" count="1" type="stmt"/>
        <line num="21" count="1" type="stmt"/>
        <line num="22" count="1" type="stmt"/>
      </file>
    </package>
    <package name="src.benchmarks">
      <metrics statements="604" coveredstatements="532" conditionals="83" coveredconditionals="83" methods="36" coveredmethods="36"/>
      <file name="data-generator.ts" path="/home/sam/Documents/Code/TypeScript/FP-Devicer-Suite/fp-devicer/src/benchmarks/data-generator.ts">
        <metrics statements="532" coveredstatements="532" conditionals="82" coveredconditionals="82" methods="35" coveredmethods="35"/>
        <line num="2" count="1" type="stmt"/>
        <line num="14" count="410" type="cond" truecount="1" falsecount="0"/>
        <line num="15" count="410" type="stmt"/>
        <line num="16" count="410" type="stmt"/>
        <line num="17" count="410" type="cond" truecount="1" falsecount="0"/>
        <line num="18" count="27779" type="stmt"/>
        <line num="19" count="27779" type="stmt"/>
        <line num="20" count="27779" type="stmt"/>
        <line num="21" count="410" type="cond" truecount="1" falsecount="0"/>
        <line num="22" count="25538" type="stmt"/>
        <line num="23" count="25538" type="stmt"/>
        <line num="24" count="410" type="cond" truecount="1" falsecount="0"/>
        <line num="25" count="1057" type="stmt"/>
        <line num="26" count="1057" type="stmt"/>
        <line num="27" count="410" type="cond" truecount="1" falsecount="0"/>
        <line num="28" count="180" type="stmt"/>
        <line num="29" count="180" type="stmt"/>
        <line num="30" count="410" type="cond" truecount="1" falsecount="0"/>
        <line num="31" count="190" type="stmt"/>
        <line num="32" count="190" type="cond" truecount="1" falsecount="0"/>
        <line num="33" count="3325" type="stmt"/>
        <line num="34" count="3325" type="stmt"/>
        <line num="35" count="3325" type="stmt"/>
        <line num="36" count="190" type="stmt"/>
        <line num="37" count="190" type="stmt"/>
        <line num="38" count="410" type="stmt"/>
        <line num="39" count="410" type="stmt"/>
        <line num="44" count="325" type="cond" truecount="1" falsecount="0"/>
        <line num="45" count="325" type="stmt"/>
        <line num="46" count="325" type="cond" truecount="1" falsecount="0"/>
        <line num="47" count="37784" type="stmt"/>
        <line num="48" count="37784" type="stmt"/>
        <line num="49" count="37784" type="stmt"/>
        <line num="50" count="325" type="stmt"/>
        <line num="51" count="325" type="stmt"/>
        <line num="62" count="1" type="cond" truecount="1" falsecount="0"/>
        <line num="66" count="95" type="stmt"/>
        <line num="69" count="95" type="stmt"/>
        <line num="70" count="95" type="stmt"/>
        <line num="71" count="95" type="cond" truecount="1" falsecount="0"/>
        <line num="72" count="19000" type="stmt"/>
        <line num="73" count="19000" type="stmt"/>
        <line num="76" count="95" type="stmt"/>
        <line num="77" count="95" type="cond" truecount="1" falsecount="0"/>
        <line num="78" count="950" type="stmt"/>
        <line num="79" count="950" type="stmt"/>
        <line num="82" count="95" type="stmt"/>
        <line num="83" count="95" type="stmt"/>
        <line num="92" count="1" type="cond" truecount="1" falsecount="0"/>
        <line num="93" count="95" type="stmt"/>
        <line num="94" count="95" type="stmt"/>
        <line num="95" count="95" type="stmt"/>
        <line num="96" count="95" type="stmt"/>
        <line num="97" count="95" type="stmt"/>
        <line num="98" count="95" type="stmt"/>
        <line num="99" count="95" type="stmt"/>
        <line num="100" count="95" type="stmt"/>
        <line num="101" count="95" type="stmt"/>
        <line num="102" count="95" type="stmt"/>
        <line num="103" count="95" type="stmt"/>
        <line num="104" count="95" type="stmt"/>
        <line num="105" count="95" type="stmt"/>
        <line num="106" count="95" type="stmt"/>
        <line num="107" count="95" type="stmt"/>
        <line num="108" count="95" type="stmt"/>
        <line num="110" count="95" type="stmt"/>
        <line num="111" count="95" type="stmt"/>
        <line num="114" count="95" type="stmt"/>
        <line num="115" count="95" type="cond" truecount="1" falsecount="0"/>
        <line num="116" count="95" type="stmt"/>
        <line num="119" count="95" type="stmt"/>
        <line num="120" count="95" type="stmt"/>
        <line num="129" count="1" type="cond" truecount="1" falsecount="0"/>
        <line num="130" count="95" type="stmt"/>
        <line num="133" count="95" type="stmt"/>
        <line num="134" count="95" type="stmt"/>
        <line num="135" count="95" type="stmt"/>
        <line num="137" count="95" type="stmt"/>
        <line num="138" count="95" type="stmt"/>
        <line num="139" count="95" type="stmt"/>
        <line num="144" count="1" type="stmt"/>
        <line num="145" count="1" type="stmt"/>
        <line num="146" count="1" type="stmt"/>
        <line num="147" count="1" type="stmt"/>
        <line num="148" count="1" type="stmt"/>
        <line num="149" count="1" type="stmt"/>
        <line num="150" count="1" type="stmt"/>
        <line num="151" count="1" type="stmt"/>
        <line num="152" count="1" type="stmt"/>
        <line num="153" count="1" type="stmt"/>
        <line num="154" count="1" type="stmt"/>
        <line num="155" count="1" type="stmt"/>
        <line num="156" count="1" type="stmt"/>
        <line num="158" count="1" type="stmt"/>
        <line num="160" count="1" type="stmt"/>
        <line num="161" count="1" type="cond" truecount="1" falsecount="0"/>
        <line num="162" count="7" type="stmt"/>
        <line num="163" count="1" type="stmt"/>
        <line num="164" count="1" type="stmt"/>
        <line num="165" count="1" type="stmt"/>
        <line num="166" count="1" type="stmt"/>
        <line num="167" count="1" type="stmt"/>
        <line num="169" count="1" type="stmt"/>
        <line num="170" count="1" type="cond" truecount="1" falsecount="0"/>
        <line num="171" count="5" type="stmt"/>
        <line num="172" count="1" type="stmt"/>
        <line num="173" count="1" type="stmt"/>
        <line num="174" count="1" type="stmt"/>
        <line num="175" count="1" type="stmt"/>
        <line num="176" count="1" type="stmt"/>
        <line num="178" count="1" type="stmt"/>
        <line num="179" count="1" type="cond" truecount="1" falsecount="0"/>
        <line num="180" count="2" type="stmt"/>
        <line num="181" count="1" type="stmt"/>
        <line num="182" count="1" type="stmt"/>
        <line num="183" count="1" type="stmt"/>
        <line num="184" count="1" type="stmt"/>
        <line num="185" count="1" type="stmt"/>
        <line num="187" count="1" type="stmt"/>
        <line num="188" count="1" type="cond" truecount="1" falsecount="0"/>
        <line num="189" count="14" type="stmt"/>
        <line num="190" count="1" type="stmt"/>
        <line num="191" count="1" type="stmt"/>
        <line num="192" count="1" type="stmt"/>
        <line num="193" count="1" type="stmt"/>
        <line num="194" count="1" type="stmt"/>
        <line num="196" count="1" type="stmt"/>
        <line num="197" count="1" type="cond" truecount="1" falsecount="0"/>
        <line num="198" count="2" type="stmt"/>
        <line num="199" count="1" type="stmt"/>
        <line num="200" count="1" type="stmt"/>
        <line num="201" count="1" type="stmt"/>
        <line num="202" count="1" type="stmt"/>
        <line num="203" count="1" type="stmt"/>
        <line num="205" count="1" type="stmt"/>
        <line num="206" count="1" type="cond" truecount="1" falsecount="0"/>
        <line num="207" count="5" type="stmt"/>
        <line num="208" count="1" type="stmt"/>
        <line num="209" count="1" type="stmt"/>
        <line num="210" count="1" type="stmt"/>
        <line num="211" count="1" type="stmt"/>
        <line num="212" count="1" type="stmt"/>
        <line num="214" count="1" type="stmt"/>
        <line num="215" count="1" type="cond" truecount="1" falsecount="0"/>
        <line num="216" count="5" type="stmt"/>
        <line num="217" count="1" type="stmt"/>
        <line num="218" count="1" type="stmt"/>
        <line num="219" count="1" type="stmt"/>
        <line num="220" count="1" type="stmt"/>
        <line num="221" count="1" type="stmt"/>
        <line num="223" count="1" type="stmt"/>
        <line num="224" count="1" type="cond" truecount="1" falsecount="0"/>
        <line num="225" count="7" type="stmt"/>
        <line num="226" count="1" type="stmt"/>
        <line num="227" count="1" type="stmt"/>
        <line num="228" count="1" type="stmt"/>
        <line num="229" count="1" type="stmt"/>
        <line num="230" count="1" type="stmt"/>
        <line num="232" count="1" type="stmt"/>
        <line num="233" count="1" type="cond" truecount="1" falsecount="0"/>
        <line num="234" count="2" type="stmt"/>
        <line num="235" count="1" type="stmt"/>
        <line num="236" count="1" type="stmt"/>
        <line num="237" count="1" type="stmt"/>
        <line num="238" count="1" type="stmt"/>
        <line num="239" count="1" type="stmt"/>
        <line num="241" count="1" type="stmt"/>
        <line num="242" count="1" type="cond" truecount="1" falsecount="0"/>
        <line num="243" count="4" type="stmt"/>
        <line num="244" count="1" type="stmt"/>
        <line num="245" count="1" type="stmt"/>
        <line num="246" count="1" type="stmt"/>
        <line num="247" count="1" type="stmt"/>
        <line num="248" count="1" type="stmt"/>
        <line num="250" count="1" type="stmt"/>
        <line num="251" count="1" type="cond" truecount="1" falsecount="0"/>
        <line num="252" count="3" type="stmt"/>
        <line num="253" count="1" type="stmt"/>
        <line num="254" count="1" type="stmt"/>
        <line num="255" count="1" type="stmt"/>
        <line num="256" count="1" type="stmt"/>
        <line num="257" count="1" type="stmt"/>
        <line num="259" count="1" type="stmt"/>
        <line num="260" count="1" type="cond" truecount="1" falsecount="0"/>
        <line num="261" count="4" type="stmt"/>
        <line num="262" count="1" type="stmt"/>
        <line num="263" count="1" type="stmt"/>
        <line num="264" count="1" type="stmt"/>
        <line num="265" count="1" type="stmt"/>
        <line num="266" count="1" type="stmt"/>
        <line num="268" count="1" type="stmt"/>
        <line num="269" count="1" type="cond" truecount="1" falsecount="0"/>
        <line num="270" count="2" type="stmt"/>
        <line num="271" count="1" type="stmt"/>
        <line num="272" count="1" type="stmt"/>
        <line num="273" count="1" type="stmt"/>
        <line num="274" count="1" type="stmt"/>
        <line num="275" count="1" type="stmt"/>
        <line num="277" count="1" type="stmt"/>
        <line num="278" count="1" type="cond" truecount="1" falsecount="0"/>
        <line num="279" count="4" type="stmt"/>
        <line num="280" count="1" type="stmt"/>
        <line num="281" count="1" type="stmt"/>
        <line num="282" count="1" type="stmt"/>
        <line num="283" count="1" type="stmt"/>
        <line num="284" count="1" type="stmt"/>
        <line num="286" count="1" type="stmt"/>
        <line num="287" count="1" type="cond" truecount="1" falsecount="0"/>
        <line num="288" count="3" type="stmt"/>
        <line num="289" count="1" type="stmt"/>
        <line num="290" count="1" type="stmt"/>
        <line num="291" count="1" type="stmt"/>
        <line num="292" count="1" type="stmt"/>
        <line num="293" count="1" type="stmt"/>
        <line num="295" count="1" type="stmt"/>
        <line num="296" count="1" type="cond" truecount="1" falsecount="0"/>
        <line num="297" count="5" type="stmt"/>
        <line num="298" count="1" type="stmt"/>
        <line num="299" count="1" type="stmt"/>
        <line num="300" count="1" type="stmt"/>
        <line num="301" count="1" type="stmt"/>
        <line num="302" count="1" type="stmt"/>
        <line num="304" count="1" type="stmt"/>
        <line num="305" count="1" type="cond" truecount="1" falsecount="0"/>
        <line num="306" count="5" type="stmt"/>
        <line num="307" count="1" type="stmt"/>
        <line num="308" count="1" type="stmt"/>
        <line num="309" count="1" type="stmt"/>
        <line num="310" count="1" type="stmt"/>
        <line num="311" count="1" type="stmt"/>
        <line num="313" count="1" type="stmt"/>
        <line num="314" count="1" type="cond" truecount="1" falsecount="0"/>
        <line num="315" count="4" type="stmt"/>
        <line num="316" count="1" type="stmt"/>
        <line num="317" count="1" type="stmt"/>
        <line num="318" count="1" type="stmt"/>
        <line num="319" count="1" type="stmt"/>
        <line num="320" count="1" type="stmt"/>
        <line num="322" count="1" type="stmt"/>
        <line num="323" count="1" type="cond" truecount="1" falsecount="0"/>
        <line num="324" count="5" type="stmt"/>
        <line num="325" count="1" type="stmt"/>
        <line num="326" count="1" type="stmt"/>
        <line num="327" count="1" type="stmt"/>
        <line num="328" count="1" type="stmt"/>
        <line num="329" count="1" type="stmt"/>
        <line num="331" count="1" type="stmt"/>
        <line num="332" count="1" type="cond" truecount="1" falsecount="0"/>
        <line num="333" count="2" type="stmt"/>
        <line num="334" count="1" type="stmt"/>
        <line num="335" count="1" type="stmt"/>
        <line num="336" count="1" type="stmt"/>
        <line num="337" count="1" type="stmt"/>
        <line num="338" count="1" type="stmt"/>
        <line num="340" count="1" type="stmt"/>
        <line num="341" count="1" type="cond" truecount="1" falsecount="0"/>
        <line num="342" count="5" type="stmt"/>
        <line num="343" count="1" type="stmt"/>
        <line num="344" count="1" type="stmt"/>
        <line num="345" count="1" type="stmt"/>
        <line num="346" count="1" type="stmt"/>
        <line num="347" count="1" type="stmt"/>
        <line num="348" count="1" type="stmt"/>
        <line num="350" count="1" type="stmt"/>
        <line num="352" count="1" type="stmt"/>
        <line num="353" count="1" type="stmt"/>
        <line num="354" count="1" type="stmt"/>
        <line num="355" count="1" type="stmt"/>
        <line num="356" count="1" type="stmt"/>
        <line num="357" count="1" type="stmt"/>
        <line num="359" count="1" type="stmt"/>
        <line num="360" count="1" type="stmt"/>
        <line num="361" count="1" type="stmt"/>
        <line num="362" count="1" type="stmt"/>
        <line num="363" count="1" type="stmt"/>
        <line num="364" count="1" type="stmt"/>
        <line num="365" count="1" type="stmt"/>
        <line num="366" count="1" type="stmt"/>
        <line num="367" count="1" type="stmt"/>
        <line num="368" count="1" type="stmt"/>
        <line num="370" count="1" type="stmt"/>
        <line num="371" count="1" type="stmt"/>
        <line num="372" count="1" type="stmt"/>
        <line num="373" count="1" type="stmt"/>
        <line num="374" count="1" type="stmt"/>
        <line num="376" count="1" type="stmt"/>
        <line num="377" count="1" type="stmt"/>
        <line num="379" count="1" type="stmt"/>
        <line num="380" count="1" type="stmt"/>
        <line num="381" count="1" type="stmt"/>
        <line num="382" count="1" type="stmt"/>
        <line num="383" count="1" type="stmt"/>
        <line num="385" count="1" type="stmt"/>
        <line num="387" count="1" type="stmt"/>
        <line num="389" count="1" type="stmt"/>
        <line num="390" count="1" type="stmt"/>
        <line num="392" count="1" type="stmt"/>
        <line num="393" count="1" type="stmt"/>
        <line num="394" count="1" type="stmt"/>
        <line num="395" count="1" type="stmt"/>
        <line num="396" count="1" type="stmt"/>
        <line num="397" count="1" type="stmt"/>
        <line num="399" count="1" type="stmt"/>
        <line num="400" count="1" type="stmt"/>
        <line num="401" count="1" type="stmt"/>
        <line num="402" count="1" type="stmt"/>
        <line num="403" count="1" type="stmt"/>
        <line num="428" count="1" type="cond" truecount="1" falsecount="0"/>
        <line num="429" count="90" type="stmt"/>
        <line num="431" count="90" type="stmt"/>
        <line num="432" count="90" type="stmt"/>
        <line num="433" count="90" type="stmt"/>
        <line num="434" count="90" type="stmt"/>
        <line num="435" count="90" type="stmt"/>
        <line num="436" count="90" type="stmt"/>
        <line num="437" count="90" type="cond" truecount="2" falsecount="0"/>
        <line num="438" count="90" type="stmt"/>
        <line num="439" count="90" type="cond" truecount="2" falsecount="0"/>
        <line num="440" count="90" type="stmt"/>
        <line num="441" count="90" type="cond" truecount="2" falsecount="0"/>
        <line num="443" count="90" type="stmt"/>
        <line num="444" count="90" type="stmt"/>
        <line num="446" count="90" type="stmt"/>
        <line num="447" count="90" type="stmt"/>
        <line num="449" count="90" type="cond" truecount="1" falsecount="0"/>
        <line num="450" count="73" type="cond" truecount="1" falsecount="0"/>
        <line num="451" count="17" type="stmt"/>
        <line num="454" count="90" type="stmt"/>
        <line num="455" count="90" type="stmt"/>
        <line num="456" count="90" type="stmt"/>
        <line num="458" count="90" type="stmt"/>
        <line num="459" count="90" type="stmt"/>
        <line num="460" count="90" type="stmt"/>
        <line num="461" count="90" type="stmt"/>
        <line num="462" count="90" type="stmt"/>
        <line num="463" count="90" type="stmt"/>
        <line num="464" count="90" type="stmt"/>
        <line num="465" count="90" type="stmt"/>
        <line num="466" count="90" type="stmt"/>
        <line num="468" count="90" type="stmt"/>
        <line num="469" count="90" type="stmt"/>
        <line num="470" count="90" type="stmt"/>
        <line num="471" count="90" type="stmt"/>
        <line num="472" count="90" type="stmt"/>
        <line num="473" count="90" type="stmt"/>
        <line num="474" count="90" type="stmt"/>
        <line num="475" count="90" type="stmt"/>
        <line num="476" count="90" type="stmt"/>
        <line num="477" count="90" type="stmt"/>
        <line num="478" count="90" type="stmt"/>
        <line num="479" count="90" type="stmt"/>
        <line num="480" count="90" type="stmt"/>
        <line num="481" count="90" type="stmt"/>
        <line num="482" count="90" type="stmt"/>
        <line num="483" count="90" type="stmt"/>
        <line num="484" count="90" type="stmt"/>
        <line num="485" count="90" type="stmt"/>
        <line num="486" count="90" type="stmt"/>
        <line num="487" count="90" type="stmt"/>
        <line num="488" count="90" type="stmt"/>
        <line num="489" count="90" type="stmt"/>
        <line num="490" count="90" type="stmt"/>
        <line num="491" count="90" type="stmt"/>
        <line num="492" count="90" type="cond" truecount="2" falsecount="0"/>
        <line num="493" count="90" type="stmt"/>
        <line num="494" count="90" type="stmt"/>
        <line num="495" count="90" type="stmt"/>
        <line num="496" count="90" type="stmt"/>
        <line num="497" count="90" type="stmt"/>
        <line num="498" count="90" type="stmt"/>
        <line num="499" count="90" type="stmt"/>
        <line num="500" count="90" type="stmt"/>
        <line num="501" count="90" type="stmt"/>
        <line num="502" count="90" type="stmt"/>
        <line num="542" count="1" type="cond" truecount="1" falsecount="0"/>
        <line num="543" count="5" type="stmt"/>
        <line num="545" count="5" type="cond" truecount="1" falsecount="0"/>
        <line num="546" count="5" type="stmt"/>
        <line num="547" count="5" type="stmt"/>
        <line num="548" count="5" type="stmt"/>
        <line num="549" count="5" type="stmt"/>
        <line num="550" count="5" type="stmt"/>
        <line num="551" count="5" type="stmt"/>
        <line num="552" count="5" type="stmt"/>
        <line num="553" count="5" type="stmt"/>
        <line num="554" count="5" type="stmt"/>
        <line num="555" count="5" type="stmt"/>
        <line num="557" count="5" type="stmt"/>
        <line num="558" count="5" type="stmt"/>
        <line num="560" count="5" type="stmt"/>
        <line num="561" count="5" type="stmt"/>
        <line num="563" count="5" type="cond" truecount="1" falsecount="0"/>
        <line num="564" count="3" type="cond" truecount="1" falsecount="0"/>
        <line num="565" count="2" type="stmt"/>
        <line num="567" count="5" type="stmt"/>
        <line num="568" count="5" type="stmt"/>
        <line num="569" count="5" type="stmt"/>
        <line num="571" count="5" type="stmt"/>
        <line num="572" count="5" type="stmt"/>
        <line num="573" count="5" type="stmt"/>
        <line num="574" count="5" type="stmt"/>
        <line num="575" count="5" type="stmt"/>
        <line num="576" count="5" type="stmt"/>
        <line num="577" count="5" type="stmt"/>
        <line num="578" count="5" type="stmt"/>
        <line num="579" count="5" type="stmt"/>
        <line num="581" count="5" type="stmt"/>
        <line num="582" count="5" type="stmt"/>
        <line num="583" count="5" type="stmt"/>
        <line num="584" count="5" type="stmt"/>
        <line num="585" count="5" type="stmt"/>
        <line num="586" count="5" type="stmt"/>
        <line num="587" count="5" type="stmt"/>
        <line num="588" count="5" type="stmt"/>
        <line num="589" count="5" type="stmt"/>
        <line num="590" count="5" type="stmt"/>
        <line num="591" count="5" type="stmt"/>
        <line num="592" count="5" type="stmt"/>
        <line num="593" count="5" type="stmt"/>
        <line num="594" count="5" type="stmt"/>
        <line num="595" count="5" type="stmt"/>
        <line num="596" count="5" type="stmt"/>
        <line num="597" count="5" type="stmt"/>
        <line num="598" count="5" type="stmt"/>
        <line num="599" count="5" type="stmt"/>
        <line num="600" count="5" type="stmt"/>
        <line num="601" count="5" type="stmt"/>
        <line num="602" count="5" type="stmt"/>
        <line num="603" count="5" type="stmt"/>
        <line num="604" count="5" type="stmt"/>
        <line num="605" count="5" type="stmt"/>
        <line num="606" count="5" type="stmt"/>
        <line num="607" count="5" type="stmt"/>
        <line num="608" count="5" type="stmt"/>
        <line num="609" count="5" type="stmt"/>
        <line num="610" count="5" type="stmt"/>
        <line num="611" count="5" type="stmt"/>
        <line num="612" count="5" type="stmt"/>
        <line num="613" count="5" type="stmt"/>
        <line num="614" count="5" type="stmt"/>
        <line num="615" count="5" type="stmt"/>
        <line num="645" count="1" type="cond" truecount="1" falsecount="0"/>
        <line num="646" count="182" type="stmt"/>
        <line num="648" count="182" type="stmt"/>
        <line num="649" count="182" type="cond" truecount="1" falsecount="0"/>
        <line num="650" count="70" type="stmt"/>
        <line num="652" count="182" type="cond" truecount="1" falsecount="0"/>
        <line num="654" count="83" type="stmt"/>
        <line num="656" count="83" type="stmt"/>
        <line num="657" count="83" type="cond" truecount="1" falsecount="0"/>
        <line num="658" count="15" type="stmt"/>
        <line num="659" count="15" type="stmt"/>
        <line num="661" count="83" type="cond" truecount="1" falsecount="0"/>
        <line num="662" count="42" type="cond" truecount="1" falsecount="0"/>
        <line num="663" count="42" type="stmt"/>
        <line num="664" count="83" type="stmt"/>
        <line num="665" count="83" type="stmt"/>
        <line num="667" count="182" type="cond" truecount="1" falsecount="0"/>
        <line num="669" count="10" type="stmt"/>
        <line num="670" count="10" type="stmt"/>
        <line num="671" count="10" type="cond" truecount="1" falsecount="0"/>
        <line num="672" count="10" type="stmt"/>
        <line num="673" count="10" type="stmt"/>
        <line num="674" count="10" type="stmt"/>
        <line num="675" count="10" type="cond" truecount="1" falsecount="0"/>
        <line num="676" count="10" type="stmt"/>
        <line num="678" count="10" type="cond" truecount="2" falsecount="0"/>
        <line num="679" count="7" type="cond" truecount="1" falsecount="0"/>
        <line num="680" count="7" type="stmt"/>
        <line num="681" count="10" type="cond" truecount="1" falsecount="0"/>
        <line num="682" count="3" type="stmt"/>
        <line num="683" count="3" type="stmt"/>
        <line num="685" count="10" type="cond" truecount="1" falsecount="0"/>
        <line num="686" count="2" type="stmt"/>
        <line num="687" count="2" type="stmt"/>
        <line num="691" count="10" type="stmt"/>
        <line num="692" count="10" type="stmt"/>
        <line num="694" count="10" type="stmt"/>
        <line num="695" count="10" type="stmt"/>
        <line num="696" count="10" type="stmt"/>
        <line num="698" count="182" type="cond" truecount="1" falsecount="0"/>
        <line num="700" count="10" type="stmt"/>
        <line num="701" count="10" type="stmt"/>
        <line num="702" count="10" type="stmt"/>
        <line num="704" count="10" type="stmt"/>
        <line num="705" count="10" type="stmt"/>
        <line num="706" count="10" type="cond" truecount="1" falsecount="0"/>
        <line num="707" count="10" type="stmt"/>
        <line num="708" count="10" type="stmt"/>
        <line num="709" count="10" type="stmt"/>
        <line num="710" count="10" type="cond" truecount="1" falsecount="0"/>
        <line num="711" count="10" type="stmt"/>
        <line num="713" count="10" type="cond" truecount="2" falsecount="0"/>
        <line num="715" count="10" type="cond" truecount="1" falsecount="0"/>
        <line num="716" count="3" type="cond" truecount="1" falsecount="0"/>
        <line num="717" count="3" type="stmt"/>
        <line num="718" count="10" type="cond" truecount="1" falsecount="0"/>
        <line num="719" count="7" type="stmt"/>
        <line num="720" count="7" type="stmt"/>
        <line num="722" count="10" type="stmt"/>
        <line num="723" count="10" type="stmt"/>
        <line num="725" count="10" type="stmt"/>
        <line num="726" count="10" type="stmt"/>
        <line num="727" count="10" type="stmt"/>
        <line num="728" count="10" type="stmt"/>
        <line num="730" count="182" type="cond" truecount="1" falsecount="0"/>
        <line num="732" count="9" type="stmt"/>
        <line num="733" count="9" type="stmt"/>
        <line num="734" count="9" type="stmt"/>
        <line num="735" count="9" type="stmt"/>
        <line num="736" count="182" type="cond" truecount="1" falsecount="0"/>
        <line num="737" count="173" type="stmt"/>
        <line num="738" count="173" type="stmt"/>
        <line num="761" count="1" type="cond" truecount="1" falsecount="0"/>
        <line num="762" count="2" type="stmt"/>
        <line num="763" count="2" type="stmt"/>
        <line num="765" count="2" type="cond" truecount="1" falsecount="0"/>
        <line num="766" count="70" type="stmt"/>
        <line num="767" count="70" type="stmt"/>
        <line num="770" count="70" type="stmt"/>
        <line num="771" count="70" type="cond" truecount="2" falsecount="0"/>
        <line num="773" count="70" type="cond" truecount="1" falsecount="0"/>
        <line num="774" count="120" type="stmt"/>
        <line num="777" count="120" type="stmt"/>
        <line num="778" count="120" type="cond" truecount="2" falsecount="0"/>
        <line num="779" count="23" type="stmt"/>
        <line num="780" count="23" type="stmt"/>
        <line num="782" count="120" type="stmt"/>
        <line num="783" count="120" type="stmt"/>
        <line num="784" count="70" type="stmt"/>
        <line num="785" count="2" type="stmt"/>
        <line num="786" count="2" type="stmt"/>
      </file>
      <file name="metrics.ts" path="/home/sam/Documents/Code/TypeScript/FP-Devicer-Suite/fp-devicer/src/benchmarks/metrics.ts">
        <metrics statements="72" coveredstatements="0" conditionals="1" coveredconditionals="1" methods="1" coveredmethods="1"/>
        <line num="17" count="0" type="stmt"/>
        <line num="18" count="0" type="stmt"/>
        <line num="19" count="0" type="stmt"/>
        <line num="20" count="0" type="stmt"/>
        <line num="21" count="0" type="stmt"/>
        <line num="22" count="0" type="stmt"/>
        <line num="23" count="0" type="stmt"/>
        <line num="24" count="0" type="stmt"/>
        <line num="25" count="0" type="stmt"/>
        <line num="26" count="0" type="stmt"/>
        <line num="27" count="0" type="stmt"/>
        <line num="28" count="0" type="stmt"/>
        <line num="29" count="0" type="stmt"/>
        <line num="30" count="0" type="stmt"/>
        <line num="31" count="0" type="stmt"/>
        <line num="32" count="0" type="stmt"/>
        <line num="33" count="0" type="stmt"/>
        <line num="34" count="0" type="stmt"/>
        <line num="37" count="0" type="stmt"/>
        <line num="38" count="0" type="stmt"/>
        <line num="39" count="0" type="stmt"/>
        <line num="40" count="0" type="stmt"/>
        <line num="42" count="0" type="stmt"/>
        <line num="43" count="0" type="stmt"/>
        <line num="44" count="0" type="stmt"/>
        <line num="46" count="0" type="stmt"/>
        <line num="47" count="0" type="stmt"/>
        <line num="48" count="0" type="stmt"/>
        <line num="49" count="0" type="stmt"/>
        <line num="50" count="0" type="stmt"/>
        <line num="52" count="0" type="stmt"/>
        <line num="53" count="0" type="stmt"/>
        <line num="54" count="0" type="stmt"/>
        <line num="55" count="0" type="stmt"/>
        <line num="56" count="0" type="stmt"/>
        <line num="57" count="0" type="stmt"/>
        <line num="58" count="0" type="stmt"/>
        <line num="59" count="0" type="stmt"/>
        <line num="60" count="0" type="stmt"/>
        <line num="61" count="0" type="stmt"/>
        <line num="62" count="0" type="stmt"/>
        <line num="63" count="0" type="stmt"/>
        <line num="64" count="0" type="stmt"/>
        <line num="65" count="0" type="stmt"/>
        <line num="66" count="0" type="stmt"/>
        <line num="67" count="0" type="stmt"/>
        <line num="68" count="0" type="stmt"/>
        <line num="69" count="0" type="stmt"/>
        <line num="70" count="0" type="stmt"/>
        <line num="71" count="0" type="stmt"/>
        <line num="72" count="0" type="stmt"/>
        <line num="73" count="0" type="stmt"/>
        <line num="74" count="0" type="stmt"/>
        <line num="75" count="0" type="stmt"/>
        <line num="76" count="0" type="stmt"/>
        <line num="77" count="0" type="stmt"/>
        <line num="78" count="0" type="stmt"/>
        <line num="79" count="0" type="stmt"/>
        <line num="80" count="0" type="stmt"/>
        <line num="81" count="0" type="stmt"/>
        <line num="82" count="0" type="stmt"/>
        <line num="83" count="0" type="stmt"/>
        <line num="84" count="0" type="stmt"/>
        <line num="85" count="0" type="stmt"/>
        <line num="86" count="0" type="stmt"/>
        <line num="87" count="0" type="stmt"/>
        <line num="88" count="0" type="stmt"/>
        <line num="89" count="0" type="stmt"/>
        <line num="90" count="0" type="stmt"/>
        <line num="91" count="0" type="stmt"/>
        <line num="92" count="0" type="stmt"/>
        <line num="93" count="0" type="stmt"/>
      </file>
    </package>
    <package name="src.core">
      <metrics statements="167" coveredstatements="167" conditionals="59" coveredconditionals="55" methods="7" coveredmethods="7"/>
      <file name="AdapterFactory.ts" path="/home/sam/Documents/Code/TypeScript/FP-Devicer-Suite/fp-devicer/src/core/AdapterFactory.ts">
        <metrics statements="37" coveredstatements="37" conditionals="13" coveredconditionals="13" methods="1" coveredmethods="1"/>
        <line num="1" count="1" type="stmt"/>
        <line num="2" count="1" type="stmt"/>
        <line num="3" count="1" type="stmt"/>
        <line num="4" count="1" type="stmt"/>
        <line num="48" count="1" type="stmt"/>
        <line num="59" count="1" type="cond" truecount="1" falsecount="0"/>
        <line num="60" count="13" type="stmt"/>
        <line num="61" count="13" type="cond" truecount="1" falsecount="0"/>
        <line num="62" count="4" type="stmt"/>
        <line num="64" count="13" type="cond" truecount="1" falsecount="0"/>
        <line num="65" count="3" type="cond" truecount="1" falsecount="0"/>
        <line num="66" count="3" type="cond" truecount="1" falsecount="0"/>
        <line num="67" count="2" type="stmt"/>
        <line num="68" count="2" type="cond" truecount="1" falsecount="0"/>
        <line num="69" count="1" type="stmt"/>
        <line num="70" count="1" type="stmt"/>
        <line num="72" count="13" type="cond" truecount="1" falsecount="0"/>
        <line num="73" count="2" type="cond" truecount="1" falsecount="0"/>
        <line num="74" count="2" type="cond" truecount="1" falsecount="0"/>
        <line num="75" count="1" type="stmt"/>
        <line num="76" count="1" type="stmt"/>
        <line num="77" count="1" type="stmt"/>
        <line num="78" count="1" type="stmt"/>
        <line num="79" count="1" type="stmt"/>
        <line num="80" count="1" type="stmt"/>
        <line num="82" count="13" type="cond" truecount="1" falsecount="0"/>
        <line num="83" count="2" type="cond" truecount="1" falsecount="0"/>
        <line num="84" count="2" type="cond" truecount="1" falsecount="0"/>
        <line num="85" count="1" type="stmt"/>
        <line num="86" count="1" type="stmt"/>
        <line num="87" count="1" type="stmt"/>
        <line num="88" count="1" type="stmt"/>
        <line num="90" count="13" type="cond" truecount="1" falsecount="0"/>
        <line num="91" count="2" type="stmt"/>
        <line num="92" count="13" type="stmt"/>
        <line num="93" count="13" type="stmt"/>
        <line num="94" count="1" type="stmt"/>
      </file>
      <file name="DeviceManager.ts" path="/home/sam/Documents/Code/TypeScript/FP-Devicer-Suite/fp-devicer/src/core/DeviceManager.ts">
        <metrics statements="130" coveredstatements="130" conditionals="46" coveredconditionals="42" methods="6" coveredmethods="6"/>
        <line num="3" count="1" type="stmt"/>
        <line num="4" count="1" type="stmt"/>
        <line num="5" count="1" type="stmt"/>
        <line num="6" count="1" type="stmt"/>
        <line num="8" count="1" type="stmt"/>
        <line num="42" count="1" type="stmt"/>
        <line num="43" count="1" type="stmt"/>
        <line num="44" count="1" type="stmt"/>
        <line num="50" count="1" type="stmt"/>
        <line num="68" count="1" type="cond" truecount="1" falsecount="0"/>
        <line num="75" count="36" type="stmt"/>
        <line num="76" count="36" type="stmt"/>
        <line num="77" count="36" type="stmt"/>
        <line num="78" count="36" type="stmt"/>
        <line num="79" count="36" type="stmt"/>
        <line num="80" count="36" type="cond" truecount="1" falsecount="0"/>
        <line num="81" count="36" type="cond" truecount="1" falsecount="0"/>
        <line num="82" count="36" type="stmt"/>
        <line num="96" count="1" type="cond" truecount="1" falsecount="0"/>
        <line num="97" count="5" type="cond" truecount="0" falsecount="1"/>
        <line num="98" count="5" type="stmt"/>
        <line num="99" count="5" type="stmt"/>
        <line num="101" count="5" type="cond" truecount="1" falsecount="0"/>
        <line num="102" count="130" type="cond" truecount="2" falsecount="0"/>
        <line num="103" count="130" type="stmt"/>
        <line num="104" count="130" type="stmt"/>
        <line num="105" count="130" type="cond" truecount="1" falsecount="0"/>
        <line num="106" count="208" type="stmt"/>
        <line num="107" count="208" type="stmt"/>
        <line num="108" count="208" type="stmt"/>
        <line num="109" count="208" type="stmt"/>
        <line num="110" count="208" type="stmt"/>
        <line num="111" count="208" type="stmt"/>
        <line num="112" count="208" type="stmt"/>
        <line num="115" count="130" type="cond" truecount="0" falsecount="1"/>
        <line num="116" count="130" type="stmt"/>
        <line num="117" count="5" type="stmt"/>
        <line num="118" count="5" type="stmt"/>
        <line num="143" count="1" type="cond" truecount="1" falsecount="0"/>
        <line num="144" count="60" type="stmt"/>
        <line num="147" count="60" type="stmt"/>
        <line num="148" count="60" type="stmt"/>
        <line num="149" count="60" type="cond" truecount="1" falsecount="0"/>
        <line num="150" count="9" type="stmt"/>
        <line num="151" count="9" type="stmt"/>
        <line num="152" count="9" type="cond" truecount="2" falsecount="0"/>
        <line num="153" count="3" type="stmt"/>
        <line num="154" count="3" type="stmt"/>
        <line num="155" count="3" type="stmt"/>
        <line num="156" count="9" type="cond" truecount="1" falsecount="0"/>
        <line num="158" count="60" type="cond" truecount="2" falsecount="0"/>
        <line num="161" count="60" type="cond" truecount="1" falsecount="0"/>
        <line num="164" count="56" type="stmt"/>
        <line num="165" count="56" type="stmt"/>
        <line num="166" count="60" type="cond" truecount="1" falsecount="0"/>
        <line num="167" count="27" type="cond" truecount="1" falsecount="0"/>
        <line num="168" count="26" type="cond" truecount="0" falsecount="1"/>
        <line num="172" count="26" type="cond" truecount="1" falsecount="0"/>
        <line num="175" count="26" type="stmt"/>
        <line num="176" count="26" type="cond" truecount="1" falsecount="0"/>
        <line num="177" count="5" type="stmt"/>
        <line num="178" count="5" type="stmt"/>
        <line num="179" count="5" type="cond" truecount="1" falsecount="0"/>
        <line num="180" count="130" type="cond" truecount="0" falsecount="1"/>
        <line num="181" count="130" type="stmt"/>
        <line num="182" count="5" type="stmt"/>
        <line num="183" count="5" type="stmt"/>
        <line num="186" count="26" type="stmt"/>
        <line num="187" count="27" type="cond" truecount="3" falsecount="0"/>
        <line num="188" count="25" type="stmt"/>
        <line num="189" count="25" type="stmt"/>
        <line num="190" count="27" type="cond" truecount="1" falsecount="0"/>
        <line num="192" count="60" type="cond" truecount="1" falsecount="0"/>
        <line num="193" count="60" type="cond" truecount="2" falsecount="0"/>
        <line num="194" count="60" type="stmt"/>
        <line num="195" count="60" type="cond" truecount="2" falsecount="0"/>
        <line num="196" count="60" type="stmt"/>
        <line num="199" count="60" type="stmt"/>
        <line num="200" count="60" type="stmt"/>
        <line num="201" count="60" type="stmt"/>
        <line num="202" count="60" type="cond" truecount="1" falsecount="0"/>
        <line num="203" count="60" type="stmt"/>
        <line num="204" count="60" type="stmt"/>
        <line num="205" count="60" type="cond" truecount="1" falsecount="0"/>
        <line num="206" count="60" type="stmt"/>
        <line num="207" count="60" type="cond" truecount="1" falsecount="0"/>
        <line num="210" count="54" type="stmt"/>
        <line num="211" count="54" type="stmt"/>
        <line num="212" count="54" type="stmt"/>
        <line num="213" count="54" type="stmt"/>
        <line num="214" count="54" type="stmt"/>
        <line num="215" count="54" type="stmt"/>
        <line num="216" count="54" type="stmt"/>
        <line num="218" count="54" type="stmt"/>
        <line num="219" count="54" type="stmt"/>
        <line num="220" count="54" type="stmt"/>
        <line num="221" count="54" type="stmt"/>
        <line num="222" count="54" type="stmt"/>
        <line num="223" count="54" type="stmt"/>
        <line num="224" count="54" type="stmt"/>
        <line num="226" count="54" type="stmt"/>
        <line num="227" count="54" type="stmt"/>
        <line num="228" count="54" type="stmt"/>
        <line num="229" count="54" type="stmt"/>
        <line num="230" count="54" type="stmt"/>
        <line num="231" count="60" type="cond" truecount="1" falsecount="0"/>
        <line num="232" count="60" type="stmt"/>
        <line num="234" count="60" type="cond" truecount="2" falsecount="0"/>
        <line num="235" count="6" type="stmt"/>
        <line num="236" count="6" type="cond" truecount="1" falsecount="0"/>
        <line num="238" count="54" type="stmt"/>
        <line num="239" count="60" type="stmt"/>
        <line num="248" count="1" type="cond" truecount="1" falsecount="0"/>
        <line num="249" count="4" type="stmt"/>
        <line num="250" count="4" type="cond" truecount="1" falsecount="0"/>
        <line num="251" count="8" type="stmt"/>
        <line num="252" count="8" type="stmt"/>
        <line num="253" count="8" type="stmt"/>
        <line num="254" count="4" type="stmt"/>
        <line num="255" count="4" type="stmt"/>
        <line num="261" count="1" type="cond" truecount="1" falsecount="0"/>
        <line num="262" count="1" type="stmt"/>
        <line num="263" count="1" type="stmt"/>
        <line num="271" count="1" type="cond" truecount="1" falsecount="0"/>
        <line num="272" count="2" type="cond" truecount="1" falsecount="0"/>
        <line num="273" count="1" type="stmt"/>
        <line num="274" count="1" type="stmt"/>
        <line num="275" count="1" type="stmt"/>
        <line num="276" count="2" type="stmt"/>
        <line num="277" count="1" type="stmt"/>
      </file>
    </package>
    <package name="src.examples">
      <metrics statements="76" coveredstatements="0" conditionals="3" coveredconditionals="0" methods="3" coveredmethods="0"/>
      <file name="bundle.js" path="/home/sam/Documents/Code/TypeScript/FP-Devicer-Suite/fp-devicer/src/examples/bundle.js">
        <metrics statements="2" coveredstatements="0" conditionals="1" coveredconditionals="0" methods="1" coveredmethods="0"/>
        <line num="1" count="0" type="cond" truecount="0" falsecount="1"/>
        <line num="2" count="0" type="stmt"/>
      </file>
      <file name="promethius-metrics.ts" path="/home/sam/Documents/Code/TypeScript/FP-Devicer-Suite/fp-devicer/src/examples/promethius-metrics.ts">
        <metrics statements="58" coveredstatements="0" conditionals="1" coveredconditionals="0" methods="1" coveredmethods="0"/>
        <line num="1" count="0" type="cond" truecount="0" falsecount="1"/>
        <line num="4" count="0" type="stmt"/>
        <line num="5" count="0" type="stmt"/>
        <line num="6" count="0" type="stmt"/>
        <line num="7" count="0" type="stmt"/>
        <line num="8" count="0" type="stmt"/>
        <line num="9" count="0" type="stmt"/>
        <line num="10" count="0" type="stmt"/>
        <line num="11" count="0" type="stmt"/>
        <line num="13" count="0" type="stmt"/>
        <line num="14" count="0" type="stmt"/>
        <line num="15" count="0" type="stmt"/>
        <line num="16" count="0" type="stmt"/>
        <line num="18" count="0" type="stmt"/>
        <line num="19" count="0" type="stmt"/>
        <line num="20" count="0" type="stmt"/>
        <line num="21" count="0" type="stmt"/>
        <line num="22" count="0" type="stmt"/>
        <line num="24" count="0" type="stmt"/>
        <line num="25" count="0" type="stmt"/>
        <line num="26" count="0" type="stmt"/>
        <line num="27" count="0" type="stmt"/>
        <line num="28" count="0" type="stmt"/>
        <line num="29" count="0" type="stmt"/>
        <line num="30" count="0" type="stmt"/>
        <line num="31" count="0" type="stmt"/>
        <line num="32" count="0" type="stmt"/>
        <line num="33" count="0" type="stmt"/>
        <line num="34" count="0" type="stmt"/>
        <line num="35" count="0" type="stmt"/>
        <line num="36" count="0" type="stmt"/>
        <line num="37" count="0" type="stmt"/>
        <line num="38" count="0" type="stmt"/>
        <line num="40" count="0" type="stmt"/>
        <line num="41" count="0" type="stmt"/>
        <line num="42" count="0" type="stmt"/>
        <line num="43" count="0" type="stmt"/>
        <line num="44" count="0" type="stmt"/>
        <line num="45" count="0" type="stmt"/>
        <line num="46" count="0" type="stmt"/>
        <line num="47" count="0" type="stmt"/>
        <line num="48" count="0" type="stmt"/>
        <line num="49" count="0" type="stmt"/>
        <line num="50" count="0" type="stmt"/>
        <line num="51" count="0" type="stmt"/>
        <line num="53" count="0" type="stmt"/>
        <line num="54" count="0" type="stmt"/>
        <line num="55" count="0" type="stmt"/>
        <line num="56" count="0" type="stmt"/>
        <line num="57" count="0" type="stmt"/>
        <line num="58" count="0" type="stmt"/>
        <line num="59" count="0" type="stmt"/>
        <line num="60" count="0" type="stmt"/>
        <line num="61" count="0" type="stmt"/>
        <line num="62" count="0" type="stmt"/>
        <line num="63" count="0" type="stmt"/>
        <line num="64" count="0" type="stmt"/>
        <line num="65" count="0" type="stmt"/>
      </file>
      <file name="quickstart.ts" path="/home/sam/Documents/Code/TypeScript/FP-Devicer-Suite/fp-devicer/src/examples/quickstart.ts">
        <metrics statements="16" coveredstatements="0" conditionals="1" coveredconditionals="0" methods="1" coveredmethods="0"/>
        <line num="1" count="0" type="cond" truecount="0" falsecount="1"/>
        <line num="2" count="0" type="stmt"/>
        <line num="4" count="0" type="stmt"/>
        <line num="5" count="0" type="stmt"/>
        <line num="6" count="0" type="stmt"/>
        <line num="8" count="0" type="stmt"/>
        <line num="9" count="0" type="stmt"/>
        <line num="10" count="0" type="stmt"/>
        <line num="12" count="0" type="stmt"/>
        <line num="13" count="0" type="stmt"/>
        <line num="14" count="0" type="stmt"/>
        <line num="16" count="0" type="stmt"/>
        <line num="17" count="0" type="stmt"/>
        <line num="18" count="0" type="stmt"/>
        <line num="19" count="0" type="stmt"/>
        <line num="21" count="0" type="stmt"/>
      </file>
    </package>
    <package name="src.libs">
      <metrics statements="313" coveredstatements="313" conditionals="158" coveredconditionals="130" methods="44" coveredmethods="42"/>
      <file name="comparators.ts" path="/home/sam/Documents/Code/TypeScript/FP-Devicer-Suite/fp-devicer/src/libs/comparators.ts">
        <metrics statements="41" coveredstatements="41" conditionals="43" coveredconditionals="43" methods="5" coveredmethods="5"/>
        <line num="13" count="1" type="cond" truecount="1" falsecount="0"/>
        <line num="14" count="193" type="cond" truecount="3" falsecount="0"/>
        <line num="15" count="193" type="cond" truecount="4" falsecount="0"/>
        <line num="16" count="27" type="stmt"/>
        <line num="17" count="27" type="stmt"/>
        <line num="18" count="27" type="stmt"/>
        <line num="19" count="161" type="cond" truecount="1" falsecount="0"/>
        <line num="20" count="1158" type="cond" truecount="1" falsecount="0"/>
        <line num="21" count="1158" type="cond" truecount="1" falsecount="0"/>
        <line num="22" count="27" type="stmt"/>
        <line num="23" count="27" type="stmt"/>
        <line num="35" count="1" type="cond" truecount="1" falsecount="0"/>
        <line num="36" count="41" type="cond" truecount="2" falsecount="0"/>
        <line num="37" count="41" type="cond" truecount="2" falsecount="0"/>
        <line num="38" count="41" type="cond" truecount="3" falsecount="0"/>
        <line num="39" count="39" type="stmt"/>
        <line num="40" count="41" type="cond" truecount="1" falsecount="0"/>
        <line num="41" count="138" type="cond" truecount="1" falsecount="0"/>
        <line num="42" count="138" type="cond" truecount="1" falsecount="0"/>
        <line num="43" count="39" type="stmt"/>
        <line num="44" count="39" type="stmt"/>
        <line num="55" count="12" type="cond" truecount="1" falsecount="0"/>
        <line num="56" count="12" type="cond" truecount="2" falsecount="0"/>
        <line num="57" count="12" type="cond" truecount="2" falsecount="0"/>
        <line num="58" count="12" type="stmt"/>
        <line num="71" count="1" type="cond" truecount="1" falsecount="0"/>
        <line num="72" count="59" type="cond" truecount="3" falsecount="0"/>
        <line num="73" count="59" type="cond" truecount="5" falsecount="0"/>
        <line num="74" count="59" type="cond" truecount="2" falsecount="0"/>
        <line num="75" count="8" type="stmt"/>
        <line num="76" count="8" type="stmt"/>
        <line num="77" count="8" type="stmt"/>
        <line num="90" count="1" type="cond" truecount="1" falsecount="0"/>
        <line num="91" count="16" type="cond" truecount="3" falsecount="0"/>
        <line num="92" count="12" type="stmt"/>
        <line num="93" count="12" type="stmt"/>
        <line num="94" count="12" type="stmt"/>
        <line num="95" count="12" type="stmt"/>
        <line num="96" count="16" type="cond" truecount="1" falsecount="0"/>
        <line num="97" count="16" type="stmt"/>
        <line num="98" count="16" type="stmt"/>
      </file>
      <file name="confidence.ts" path="/home/sam/Documents/Code/TypeScript/FP-Devicer-Suite/fp-devicer/src/libs/confidence.ts">
        <metrics statements="105" coveredstatements="105" conditionals="34" coveredconditionals="28" methods="6" coveredmethods="6"/>
        <line num="1" count="1" type="stmt"/>
        <line num="2" count="1" type="stmt"/>
        <line num="13" count="1" type="stmt"/>
        <line num="14" count="1" type="stmt"/>
        <line num="15" count="1" type="stmt"/>
        <line num="16" count="1" type="stmt"/>
        <line num="17" count="1" type="stmt"/>
        <line num="18" count="1" type="stmt"/>
        <line num="19" count="1" type="stmt"/>
        <line num="20" count="1" type="stmt"/>
        <line num="21" count="1" type="stmt"/>
        <line num="22" count="1" type="stmt"/>
        <line num="23" count="1" type="stmt"/>
        <line num="24" count="1" type="stmt"/>
        <line num="25" count="1" type="stmt"/>
        <line num="26" count="1" type="stmt"/>
        <line num="27" count="1" type="stmt"/>
        <line num="28" count="1" type="stmt"/>
        <line num="29" count="1" type="stmt"/>
        <line num="30" count="1" type="stmt"/>
        <line num="31" count="1" type="stmt"/>
        <line num="32" count="1" type="stmt"/>
        <line num="33" count="1" type="stmt"/>
        <line num="34" count="1" type="stmt"/>
        <line num="35" count="1" type="stmt"/>
        <line num="36" count="1" type="stmt"/>
        <line num="37" count="1" type="stmt"/>
        <line num="38" count="1" type="stmt"/>
        <line num="39" count="1" type="stmt"/>
        <line num="40" count="1" type="stmt"/>
        <line num="73" count="1" type="cond" truecount="1" falsecount="0"/>
        <line num="74" count="21" type="stmt"/>
        <line num="75" count="21" type="stmt"/>
        <line num="76" count="21" type="stmt"/>
        <line num="77" count="21" type="stmt"/>
        <line num="78" count="21" type="stmt"/>
        <line num="79" count="21" type="stmt"/>
        <line num="80" count="21" type="stmt"/>
        <line num="81" count="21" type="stmt"/>
        <line num="84" count="21" type="cond" truecount="2" falsecount="0"/>
        <line num="86" count="21" type="cond" truecount="0" falsecount="2"/>
        <line num="87" count="21" type="stmt"/>
        <line num="88" count="21" type="stmt"/>
        <line num="90" count="21" type="cond" truecount="1" falsecount="0"/>
        <line num="92" count="21" type="cond" truecount="2" falsecount="0"/>
        <line num="94" count="21" type="cond" truecount="2" falsecount="0"/>
        <line num="111" count="21" type="cond" truecount="1" falsecount="0"/>
        <line num="112" count="6090" type="stmt"/>
        <line num="113" count="6090" type="stmt"/>
        <line num="114" count="6090" type="stmt"/>
        <line num="115" count="6090" type="stmt"/>
        <line num="116" count="6090" type="stmt"/>
        <line num="117" count="6090" type="cond" truecount="0" falsecount="1"/>
        <line num="118" count="6090" type="cond" truecount="0" falsecount="1"/>
        <line num="121" count="6090" type="cond" truecount="4" falsecount="0"/>
        <line num="122" count="4833" type="stmt"/>
        <line num="123" count="4833" type="stmt"/>
        <line num="124" count="4833" type="stmt"/>
        <line num="125" count="4833" type="stmt"/>
        <line num="126" count="4833" type="cond" truecount="1" falsecount="0"/>
        <line num="129" count="6090" type="cond" truecount="2" falsecount="0"/>
        <line num="130" count="420" type="stmt"/>
        <line num="131" count="420" type="stmt"/>
        <line num="132" count="420" type="stmt"/>
        <line num="133" count="420" type="cond" truecount="1" falsecount="0"/>
        <line num="134" count="1564" type="stmt"/>
        <line num="135" count="1564" type="stmt"/>
        <line num="136" count="1564" type="stmt"/>
        <line num="137" count="1564" type="stmt"/>
        <line num="138" count="420" type="stmt"/>
        <line num="139" count="420" type="cond" truecount="1" falsecount="0"/>
        <line num="142" count="837" type="stmt"/>
        <line num="143" count="837" type="stmt"/>
        <line num="144" count="6090" type="cond" truecount="0" falsecount="2"/>
        <line num="146" count="6090" type="cond" truecount="1" falsecount="0"/>
        <line num="147" count="4441" type="cond" truecount="2" falsecount="0"/>
        <line num="148" count="4441" type="stmt"/>
        <line num="149" count="4441" type="stmt"/>
        <line num="150" count="4441" type="stmt"/>
        <line num="151" count="4441" type="cond" truecount="1" falsecount="0"/>
        <line num="153" count="837" type="stmt"/>
        <line num="154" count="6090" type="stmt"/>
        <line num="156" count="21" type="stmt"/>
        <line num="165" count="21" type="cond" truecount="1" falsecount="0"/>
        <line num="166" count="85" type="stmt"/>
        <line num="167" count="85" type="stmt"/>
        <line num="168" count="85" type="cond" truecount="2" falsecount="0"/>
        <line num="173" count="85" type="stmt"/>
        <line num="174" count="85" type="stmt"/>
        <line num="175" count="85" type="cond" truecount="1" falsecount="0"/>
        <line num="176" count="78" type="stmt"/>
        <line num="177" count="78" type="stmt"/>
        <line num="178" count="78" type="stmt"/>
        <line num="179" count="78" type="stmt"/>
        <line num="180" count="78" type="cond" truecount="1" falsecount="0"/>
        <line num="182" count="84" type="stmt"/>
        <line num="183" count="84" type="stmt"/>
        <line num="184" count="84" type="cond" truecount="1" falsecount="0"/>
        <line num="185" count="1" type="stmt"/>
        <line num="186" count="1" type="stmt"/>
        <line num="187" count="1" type="stmt"/>
        <line num="188" count="85" type="stmt"/>
        <line num="189" count="21" type="stmt"/>
        <line num="190" count="21" type="stmt"/>
        <line num="202" count="1" type="stmt"/>
      </file>
      <file name="default-observability.ts" path="/home/sam/Documents/Code/TypeScript/FP-Devicer-Suite/fp-devicer/src/libs/default-observability.ts">
        <metrics statements="37" coveredstatements="37" conditionals="16" coveredconditionals="13" methods="10" coveredmethods="8"/>
        <line num="11" count="1" type="stmt"/>
        <line num="12" count="1" type="cond" truecount="1" falsecount="1"/>
        <line num="13" count="1" type="stmt"/>
        <line num="14" count="1" type="stmt"/>
        <line num="15" count="1" type="cond" truecount="1" falsecount="1"/>
        <line num="16" count="1" type="stmt"/>
        <line num="28" count="1" type="stmt"/>
        <line num="29" count="1" type="cond" truecount="1" falsecount="0"/>
        <line num="30" count="5" type="stmt"/>
        <line num="36" count="1" type="cond" truecount="1" falsecount="0"/>
        <line num="37" count="111" type="cond" truecount="1" falsecount="0"/>
        <line num="38" count="111" type="stmt"/>
        <line num="44" count="1" type="cond" truecount="1" falsecount="0"/>
        <line num="45" count="108" type="cond" truecount="1" falsecount="0"/>
        <line num="46" count="108" type="stmt"/>
        <line num="47" count="108" type="stmt"/>
        <line num="53" count="1" type="cond" truecount="1" falsecount="0"/>
        <line num="54" count="108" type="stmt"/>
        <line num="55" count="108" type="stmt"/>
        <line num="67" count="1" type="cond" truecount="1" falsecount="0"/>
        <line num="68" count="54" type="stmt"/>
        <line num="69" count="54" type="cond" truecount="1" falsecount="0"/>
        <line num="70" count="54" type="cond" truecount="1" falsecount="0"/>
        <line num="72" count="54" type="stmt"/>
        <line num="73" count="54" type="stmt"/>
        <line num="74" count="54" type="stmt"/>
        <line num="75" count="54" type="stmt"/>
        <line num="76" count="54" type="stmt"/>
        <line num="86" count="1" type="cond" truecount="1" falsecount="0"/>
        <line num="87" count="1" type="stmt"/>
        <line num="88" count="1" type="stmt"/>
        <line num="89" count="1" type="stmt"/>
        <line num="90" count="1" type="cond" truecount="1" falsecount="1"/>
        <line num="91" count="1" type="stmt"/>
        <line num="92" count="1" type="stmt"/>
        <line num="93" count="1" type="stmt"/>
        <line num="101" count="1" type="stmt"/>
      </file>
      <file name="default-plugins.ts" path="/home/sam/Documents/Code/TypeScript/FP-Devicer-Suite/fp-devicer/src/libs/default-plugins.ts">
        <metrics statements="59" coveredstatements="59" conditionals="36" coveredconditionals="18" methods="11" coveredmethods="11"/>
        <line num="1" count="1" type="stmt"/>
        <line num="3" count="1" type="stmt"/>
        <line num="13" count="1" type="stmt"/>
        <line num="14" count="1" type="stmt"/>
        <line num="15" count="1" type="stmt"/>
        <line num="16" count="1" type="stmt"/>
        <line num="17" count="1" type="cond" truecount="1" falsecount="2"/>
        <line num="18" count="1" type="stmt"/>
        <line num="19" count="1" type="stmt"/>
        <line num="20" count="1" type="stmt"/>
        <line num="21" count="1" type="stmt"/>
        <line num="22" count="1" type="cond" truecount="1" falsecount="2"/>
        <line num="23" count="1" type="stmt"/>
        <line num="24" count="1" type="stmt"/>
        <line num="25" count="1" type="stmt"/>
        <line num="26" count="1" type="stmt"/>
        <line num="27" count="1" type="cond" truecount="1" falsecount="2"/>
        <line num="28" count="1" type="stmt"/>
        <line num="29" count="1" type="stmt"/>
        <line num="30" count="1" type="stmt"/>
        <line num="31" count="1" type="stmt"/>
        <line num="32" count="1" type="cond" truecount="1" falsecount="2"/>
        <line num="33" count="1" type="stmt"/>
        <line num="34" count="1" type="stmt"/>
        <line num="35" count="1" type="stmt"/>
        <line num="36" count="1" type="stmt"/>
        <line num="37" count="1" type="cond" truecount="1" falsecount="2"/>
        <line num="38" count="1" type="stmt"/>
        <line num="39" count="1" type="stmt"/>
        <line num="40" count="1" type="stmt"/>
        <line num="41" count="1" type="stmt"/>
        <line num="42" count="1" type="cond" truecount="1" falsecount="2"/>
        <line num="43" count="1" type="stmt"/>
        <line num="44" count="1" type="stmt"/>
        <line num="45" count="1" type="stmt"/>
        <line num="46" count="1" type="stmt"/>
        <line num="47" count="1" type="cond" truecount="1" falsecount="0"/>
        <line num="48" count="1" type="stmt"/>
        <line num="49" count="1" type="stmt"/>
        <line num="50" count="1" type="stmt"/>
        <line num="51" count="1" type="stmt"/>
        <line num="52" count="1" type="cond" truecount="3" falsecount="2"/>
        <line num="53" count="1" type="stmt"/>
        <line num="54" count="1" type="stmt"/>
        <line num="55" count="1" type="stmt"/>
        <line num="56" count="1" type="stmt"/>
        <line num="57" count="1" type="cond" truecount="3" falsecount="2"/>
        <line num="58" count="1" type="stmt"/>
        <line num="59" count="1" type="stmt"/>
        <line num="60" count="1" type="stmt"/>
        <line num="61" count="1" type="stmt"/>
        <line num="62" count="1" type="cond" truecount="3" falsecount="2"/>
        <line num="63" count="1" type="stmt"/>
        <line num="64" count="1" type="stmt"/>
        <line num="74" count="1" type="cond" truecount="1" falsecount="0"/>
        <line num="75" count="20" type="cond" truecount="1" falsecount="0"/>
        <line num="76" count="200" type="stmt"/>
        <line num="77" count="200" type="stmt"/>
        <line num="78" count="20" type="stmt"/>
      </file>
      <file name="registry.ts" path="/home/sam/Documents/Code/TypeScript/FP-Devicer-Suite/fp-devicer/src/libs/registry.ts">
        <metrics statements="52" coveredstatements="52" conditionals="17" coveredconditionals="17" methods="9" coveredmethods="9"/>
        <line num="2" count="1" type="stmt"/>
        <line num="14" count="1" type="stmt"/>
        <line num="15" count="1" type="stmt"/>
        <line num="16" count="1" type="stmt"/>
        <line num="17" count="1" type="stmt"/>
        <line num="18" count="1" type="stmt"/>
        <line num="20" count="1" type="stmt"/>
        <line num="27" count="42" type="cond" truecount="1" falsecount="0"/>
        <line num="28" count="42" type="cond" truecount="1" falsecount="0"/>
        <line num="29" count="11" type="stmt"/>
        <line num="30" count="11" type="stmt"/>
        <line num="31" count="11" type="stmt"/>
        <line num="32" count="42" type="stmt"/>
        <line num="45" count="1" type="cond" truecount="1" falsecount="0"/>
        <line num="46" count="210" type="cond" truecount="1" falsecount="0"/>
        <line num="47" count="3" type="stmt"/>
        <line num="48" count="3" type="cond" truecount="1" falsecount="0"/>
        <line num="49" count="207" type="stmt"/>
        <line num="50" count="207" type="stmt"/>
        <line num="62" count="1" type="cond" truecount="1" falsecount="0"/>
        <line num="63" count="210" type="cond" truecount="2" falsecount="0"/>
        <line num="64" count="3" type="stmt"/>
        <line num="65" count="3" type="cond" truecount="1" falsecount="0"/>
        <line num="66" count="207" type="stmt"/>
        <line num="67" count="207" type="stmt"/>
        <line num="86" count="1" type="cond" truecount="1" falsecount="0"/>
        <line num="87" count="204" type="stmt"/>
        <line num="88" count="204" type="stmt"/>
        <line num="89" count="204" type="stmt"/>
        <line num="90" count="204" type="cond" truecount="1" falsecount="0"/>
        <line num="91" count="204" type="cond" truecount="1" falsecount="0"/>
        <line num="92" count="204" type="stmt"/>
        <line num="100" count="1" type="cond" truecount="1" falsecount="0"/>
        <line num="101" count="4" type="stmt"/>
        <line num="102" count="4" type="stmt"/>
        <line num="113" count="1" type="cond" truecount="1" falsecount="0"/>
        <line num="114" count="2" type="stmt"/>
        <line num="115" count="2" type="stmt"/>
        <line num="125" count="1" type="cond" truecount="1" falsecount="0"/>
        <line num="126" count="1" type="stmt"/>
        <line num="127" count="1" type="stmt"/>
        <line num="136" count="1" type="cond" truecount="1" falsecount="0"/>
        <line num="137" count="30" type="stmt"/>
        <line num="138" count="30" type="stmt"/>
        <line num="148" count="1" type="cond" truecount="1" falsecount="0"/>
        <line num="149" count="42" type="stmt"/>
        <line num="150" count="42" type="stmt"/>
        <line num="151" count="42" type="stmt"/>
        <line num="152" count="42" type="stmt"/>
        <line num="153" count="42" type="stmt"/>
        <line num="154" count="42" type="stmt"/>
        <line num="155" count="42" type="stmt"/>
      </file>
      <file name="tlsh.ts" path="/home/sam/Documents/Code/TypeScript/FP-Devicer-Suite/fp-devicer/src/libs/tlsh.ts">
        <metrics statements="19" coveredstatements="19" conditionals="12" coveredconditionals="11" methods="3" coveredmethods="3"/>
        <line num="1" count="1" type="stmt"/>
        <line num="2" count="1" type="stmt"/>
        <line num="15" count="1" type="cond" truecount="1" falsecount="0"/>
        <line num="16" count="11870" type="cond" truecount="3" falsecount="0"/>
        <line num="17" count="11870" type="cond" truecount="2" falsecount="0"/>
        <line num="18" count="11870" type="cond" truecount="2" falsecount="0"/>
        <line num="19" count="1627" type="stmt"/>
        <line num="20" count="1627" type="cond" truecount="1" falsecount="0"/>
        <line num="21" count="1627" type="stmt"/>
        <line num="33" count="1" type="cond" truecount="1" falsecount="0"/>
        <line num="35" count="178" type="cond" truecount="0" falsecount="1"/>
        <line num="38" count="178" type="stmt"/>
        <line num="41" count="178" type="stmt"/>
        <line num="42" count="178" type="stmt"/>
        <line num="56" count="1" type="cond" truecount="1" falsecount="0"/>
        <line num="57" count="85" type="stmt"/>
        <line num="58" count="85" type="stmt"/>
        <line num="59" count="85" type="stmt"/>
        <line num="60" count="85" type="stmt"/>
      </file>
    </package>
    <package name="src.libs.adapters">
      <metrics statements="322" coveredstatements="311" conditionals="83" coveredconditionals="62" methods="33" coveredmethods="31"/>
      <file name="inmemory.ts" path="/home/sam/Documents/Code/TypeScript/FP-Devicer-Suite/fp-devicer/src/libs/adapters/inmemory.ts">
        <metrics statements="49" coveredstatements="42" conditionals="16" coveredconditionals="14" methods="8" coveredmethods="8"/>
        <line num="2" count="1" type="stmt"/>
        <line num="19" count="1" type="cond" truecount="1" falsecount="0"/>
        <line num="20" count="47" type="stmt"/>
        <line num="22" count="47" type="stmt"/>
        <line num="23" count="47" type="cond" truecount="1" falsecount="0"/>
        <line num="24" count="47" type="cond" truecount="1" falsecount="0"/>
        <line num="25" count="64" type="cond" truecount="1" falsecount="0"/>
        <line num="26" count="64" type="stmt"/>
        <line num="27" count="64" type="stmt"/>
        <line num="28" count="64" type="stmt"/>
        <line num="29" count="47" type="cond" truecount="1" falsecount="0"/>
        <line num="30" count="34" type="cond" truecount="1" falsecount="0"/>
        <line num="31" count="34" type="stmt"/>
        <line num="32" count="47" type="cond" truecount="1" falsecount="0"/>
        <line num="33" count="59" type="stmt"/>
        <line num="34" count="59" type="cond" truecount="1" falsecount="0"/>
        <line num="35" count="30" type="cond" truecount="0" falsecount="1"/>
        <line num="36" count="30" type="stmt"/>
        <line num="37" count="30" type="stmt"/>
        <line num="38" count="30" type="cond" truecount="1" falsecount="0"/>
        <line num="39" count="29" type="stmt"/>
        <line num="40" count="29" type="stmt"/>
        <line num="41" count="30" type="cond" truecount="0" falsecount="1"/>
        <line num="42" count="30" type="stmt"/>
        <line num="43" count="59" type="cond" truecount="1" falsecount="0"/>
        <line num="44" count="59" type="stmt"/>
        <line num="45" count="47" type="cond" truecount="1" falsecount="0"/>
        <line num="47" count="1" type="stmt"/>
        <line num="48" count="47" type="cond" truecount="1" falsecount="0"/>
        <line num="49" count="1" type="stmt"/>
        <line num="50" count="0" type="stmt"/>
        <line num="51" count="0" type="stmt"/>
        <line num="52" count="0" type="stmt"/>
        <line num="53" count="0" type="stmt"/>
        <line num="54" count="0" type="stmt"/>
        <line num="55" count="0" type="stmt"/>
        <line num="56" count="0" type="stmt"/>
        <line num="57" count="1" type="stmt"/>
        <line num="58" count="1" type="stmt"/>
        <line num="59" count="1" type="stmt"/>
        <line num="60" count="47" type="cond" truecount="1" falsecount="0"/>
        <line num="61" count="2" type="stmt"/>
        <line num="62" count="2" type="cond" truecount="1" falsecount="0"/>
        <line num="63" count="4" type="stmt"/>
        <line num="64" count="4" type="stmt"/>
        <line num="65" count="2" type="stmt"/>
        <line num="66" count="2" type="stmt"/>
        <line num="67" count="47" type="stmt"/>
        <line num="68" count="47" type="stmt"/>
      </file>
      <file name="postgres.ts" path="/home/sam/Documents/Code/TypeScript/FP-Devicer-Suite/fp-devicer/src/libs/adapters/postgres.ts">
        <metrics statements="89" coveredstatements="87" conditionals="20" coveredconditionals="14" methods="8" coveredmethods="7"/>
        <line num="1" count="1" type="stmt"/>
        <line num="2" count="1" type="stmt"/>
        <line num="3" count="1" type="stmt"/>
        <line num="4" count="1" type="stmt"/>
        <line num="5" count="1" type="stmt"/>
        <line num="6" count="1" type="stmt"/>
        <line num="8" count="1" type="stmt"/>
        <line num="11" count="1" type="stmt"/>
        <line num="12" count="1" type="stmt"/>
        <line num="13" count="1" type="stmt"/>
        <line num="14" count="1" type="stmt"/>
        <line num="15" count="1" type="stmt"/>
        <line num="16" count="1" type="stmt"/>
        <line num="36" count="1" type="cond" truecount="1" falsecount="0"/>
        <line num="37" count="6" type="stmt"/>
        <line num="39" count="6" type="stmt"/>
        <line num="40" count="6" type="cond" truecount="1" falsecount="0"/>
        <line num="41" count="5" type="stmt"/>
        <line num="42" count="5" type="stmt"/>
        <line num="48" count="5" type="stmt"/>
        <line num="49" count="5" type="stmt"/>
        <line num="50" count="6" type="cond" truecount="1" falsecount="0"/>
        <line num="51" count="8" type="stmt"/>
        <line num="52" count="8" type="stmt"/>
        <line num="53" count="8" type="stmt"/>
        <line num="54" count="8" type="stmt"/>
        <line num="55" count="8" type="stmt"/>
        <line num="56" count="8" type="cond" truecount="0" falsecount="1"/>
        <line num="58" count="8" type="stmt"/>
        <line num="59" count="8" type="stmt"/>
        <line num="60" count="8" type="stmt"/>
        <line num="61" count="6" type="cond" truecount="1" falsecount="0"/>
        <line num="62" count="2" type="stmt"/>
        <line num="63" count="2" type="stmt"/>
        <line num="64" count="2" type="stmt"/>
        <line num="65" count="2" type="stmt"/>
        <line num="66" count="2" type="stmt"/>
        <line num="67" count="2" type="stmt"/>
        <line num="68" count="2" type="cond" truecount="2" falsecount="0"/>
        <line num="69" count="1" type="stmt"/>
        <line num="70" count="1" type="stmt"/>
        <line num="71" count="1" type="stmt"/>
        <line num="72" count="1" type="cond" truecount="0" falsecount="1"/>
        <line num="73" count="2" type="stmt"/>
        <line num="74" count="2" type="stmt"/>
        <line num="75" count="6" type="cond" truecount="1" falsecount="0"/>
        <line num="79" count="2" type="stmt"/>
        <line num="80" count="2" type="stmt"/>
        <line num="81" count="2" type="stmt"/>
        <line num="82" count="2" type="stmt"/>
        <line num="83" count="2" type="stmt"/>
        <line num="86" count="2" type="cond" truecount="1" falsecount="0"/>
        <line num="87" count="3" type="stmt"/>
        <line num="88" count="3" type="cond" truecount="0" falsecount="1"/>
        <line num="89" count="0" type="stmt"/>
        <line num="90" count="2" type="stmt"/>
        <line num="94" count="2" type="cond" truecount="0" falsecount="1"/>
        <line num="95" count="2" type="stmt"/>
        <line num="96" count="2" type="cond" truecount="1" falsecount="0"/>
        <line num="97" count="3" type="stmt"/>
        <line num="98" count="3" type="stmt"/>
        <line num="99" count="3" type="stmt"/>
        <line num="100" count="3" type="stmt"/>
        <line num="101" count="3" type="stmt"/>
        <line num="102" count="3" type="cond" truecount="0" falsecount="1"/>
        <line num="103" count="3" type="stmt"/>
        <line num="104" count="3" type="stmt"/>
        <line num="105" count="3" type="stmt"/>
        <line num="106" count="2" type="cond" truecount="1" falsecount="0"/>
        <line num="107" count="2" type="stmt"/>
        <line num="108" count="2" type="stmt"/>
        <line num="109" count="6" type="stmt"/>
        <line num="111" count="0" type="stmt"/>
        <line num="112" count="6" type="cond" truecount="1" falsecount="0"/>
        <line num="113" count="1" type="stmt"/>
        <line num="114" count="1" type="stmt"/>
        <line num="115" count="1" type="stmt"/>
        <line num="116" count="1" type="stmt"/>
        <line num="117" count="6" type="cond" truecount="1" falsecount="0"/>
        <line num="118" count="1" type="stmt"/>
        <line num="119" count="1" type="cond" truecount="2" falsecount="0"/>
        <line num="120" count="2" type="stmt"/>
        <line num="121" count="2" type="stmt"/>
        <line num="122" count="2" type="stmt"/>
        <line num="123" count="2" type="cond" truecount="0" falsecount="1"/>
        <line num="124" count="1" type="stmt"/>
        <line num="125" count="1" type="stmt"/>
        <line num="126" count="6" type="stmt"/>
        <line num="127" count="6" type="stmt"/>
      </file>
      <file name="redis.ts" path="/home/sam/Documents/Code/TypeScript/FP-Devicer-Suite/fp-devicer/src/libs/adapters/redis.ts">
        <metrics statements="96" coveredstatements="95" conditionals="26" coveredconditionals="19" methods="9" coveredmethods="9"/>
        <line num="1" count="1" type="stmt"/>
        <line num="2" count="1" type="stmt"/>
        <line num="4" count="1" type="stmt"/>
        <line num="31" count="1" type="cond" truecount="1" falsecount="0"/>
        <line num="32" count="8" type="cond" truecount="0" falsecount="1"/>
        <line num="34" count="8" type="stmt"/>
        <line num="35" count="8" type="cond" truecount="1" falsecount="0"/>
        <line num="36" count="8" type="cond" truecount="1" falsecount="0"/>
        <line num="37" count="9" type="stmt"/>
        <line num="38" count="9" type="stmt"/>
        <line num="39" count="9" type="stmt"/>
        <line num="40" count="9" type="stmt"/>
        <line num="41" count="9" type="stmt"/>
        <line num="42" count="9" type="stmt"/>
        <line num="43" count="9" type="stmt"/>
        <line num="44" count="9" type="stmt"/>
        <line num="45" count="9" type="stmt"/>
        <line num="46" count="9" type="stmt"/>
        <line num="47" count="9" type="stmt"/>
        <line num="48" count="9" type="stmt"/>
        <line num="49" count="8" type="cond" truecount="1" falsecount="0"/>
        <line num="50" count="1" type="stmt"/>
        <line num="51" count="1" type="stmt"/>
        <line num="52" count="1" type="cond" truecount="1" falsecount="0"/>
        <line num="53" count="1" type="stmt"/>
        <line num="54" count="8" type="cond" truecount="1" falsecount="0"/>
        <line num="57" count="2" type="stmt"/>
        <line num="59" count="2" type="stmt"/>
        <line num="60" count="2" type="stmt"/>
        <line num="61" count="2" type="stmt"/>
        <line num="62" count="2" type="stmt"/>
        <line num="63" count="2" type="stmt"/>
        <line num="64" count="2" type="stmt"/>
        <line num="65" count="2" type="stmt"/>
        <line num="66" count="2" type="stmt"/>
        <line num="67" count="2" type="stmt"/>
        <line num="69" count="2" type="cond" truecount="0" falsecount="1"/>
        <line num="72" count="2" type="stmt"/>
        <line num="73" count="2" type="cond" truecount="0" falsecount="1"/>
        <line num="74" count="0" type="stmt"/>
        <line num="75" count="2" type="stmt"/>
        <line num="76" count="2" type="stmt"/>
        <line num="77" count="2" type="stmt"/>
        <line num="80" count="2" type="stmt"/>
        <line num="82" count="2" type="cond" truecount="0" falsecount="1"/>
        <line num="85" count="2" type="stmt"/>
        <line num="86" count="2" type="cond" truecount="1" falsecount="0"/>
        <line num="88" count="3" type="stmt"/>
        <line num="89" count="3" type="stmt"/>
        <line num="90" count="2" type="stmt"/>
        <line num="92" count="2" type="stmt"/>
        <line num="94" count="2" type="cond" truecount="1" falsecount="0"/>
        <line num="95" count="3" type="stmt"/>
        <line num="96" count="3" type="cond" truecount="0" falsecount="1"/>
        <line num="98" count="3" type="stmt"/>
        <line num="99" count="3" type="stmt"/>
        <line num="101" count="3" type="stmt"/>
        <line num="102" count="3" type="stmt"/>
        <line num="103" count="3" type="stmt"/>
        <line num="104" count="3" type="stmt"/>
        <line num="105" count="3" type="stmt"/>
        <line num="106" count="3" type="stmt"/>
        <line num="107" count="3" type="stmt"/>
        <line num="108" count="3" type="stmt"/>
        <line num="110" count="3" type="cond" truecount="0" falsecount="1"/>
        <line num="111" count="3" type="stmt"/>
        <line num="114" count="2" type="cond" truecount="1" falsecount="0"/>
        <line num="115" count="2" type="stmt"/>
        <line num="116" count="8" type="cond" truecount="1" falsecount="0"/>
        <line num="117" count="1" type="stmt"/>
        <line num="118" count="1" type="stmt"/>
        <line num="119" count="8" type="cond" truecount="1" falsecount="0"/>
        <line num="121" count="1" type="stmt"/>
        <line num="122" count="1" type="stmt"/>
        <line num="123" count="8" type="cond" truecount="1" falsecount="0"/>
        <line num="124" count="1" type="stmt"/>
        <line num="125" count="1" type="stmt"/>
        <line num="127" count="1" type="cond" truecount="1" falsecount="0"/>
        <line num="128" count="1" type="cond" truecount="1" falsecount="0"/>
        <line num="129" count="1" type="stmt"/>
        <line num="130" count="1" type="stmt"/>
        <line num="131" count="1" type="cond" truecount="1" falsecount="0"/>
        <line num="132" count="1" type="stmt"/>
        <line num="133" count="1" type="cond" truecount="1" falsecount="0"/>
        <line num="134" count="2" type="cond" truecount="0" falsecount="1"/>
        <line num="135" count="2" type="cond" truecount="1" falsecount="0"/>
        <line num="136" count="1" type="stmt"/>
        <line num="137" count="1" type="stmt"/>
        <line num="138" count="1" type="stmt"/>
        <line num="139" count="1" type="cond" truecount="1" falsecount="0"/>
        <line num="140" count="1" type="stmt"/>
        <line num="141" count="1" type="stmt"/>
        <line num="142" count="1" type="stmt"/>
        <line num="143" count="8" type="cond" truecount="1" falsecount="0"/>
        <line num="144" count="8" type="stmt"/>
        <line num="145" count="8" type="stmt"/>
      </file>
      <file name="sqlite.ts" path="/home/sam/Documents/Code/TypeScript/FP-Devicer-Suite/fp-devicer/src/libs/adapters/sqlite.ts">
        <metrics statements="88" coveredstatements="87" conditionals="21" coveredconditionals="15" methods="8" coveredmethods="7"/>
        <line num="1" count="1" type="stmt"/>
        <line num="2" count="1" type="stmt"/>
        <line num="3" count="1" type="stmt"/>
        <line num="4" count="1" type="stmt"/>
        <line num="5" count="1" type="stmt"/>
        <line num="6" count="1" type="stmt"/>
        <line num="8" count="1" type="stmt"/>
        <line num="11" count="1" type="stmt"/>
        <line num="12" count="1" type="stmt"/>
        <line num="13" count="1" type="stmt"/>
        <line num="14" count="1" type="stmt"/>
        <line num="15" count="1" type="stmt"/>
        <line num="16" count="1" type="stmt"/>
        <line num="35" count="1" type="cond" truecount="1" falsecount="0"/>
        <line num="36" count="6" type="stmt"/>
        <line num="38" count="6" type="stmt"/>
        <line num="39" count="6" type="cond" truecount="1" falsecount="0"/>
        <line num="40" count="5" type="stmt"/>
        <line num="41" count="5" type="stmt"/>
        <line num="47" count="5" type="stmt"/>
        <line num="48" count="5" type="stmt"/>
        <line num="49" count="6" type="cond" truecount="1" falsecount="0"/>
        <line num="50" count="8" type="stmt"/>
        <line num="51" count="8" type="stmt"/>
        <line num="52" count="8" type="stmt"/>
        <line num="53" count="8" type="stmt"/>
        <line num="54" count="8" type="stmt"/>
        <line num="55" count="8" type="cond" truecount="0" falsecount="1"/>
        <line num="57" count="8" type="stmt"/>
        <line num="58" count="8" type="stmt"/>
        <line num="59" count="8" type="stmt"/>
        <line num="60" count="6" type="cond" truecount="1" falsecount="0"/>
        <line num="61" count="2" type="stmt"/>
        <line num="62" count="2" type="stmt"/>
        <line num="63" count="2" type="stmt"/>
        <line num="64" count="2" type="stmt"/>
        <line num="65" count="2" type="stmt"/>
        <line num="66" count="2" type="stmt"/>
        <line num="67" count="2" type="cond" truecount="2" falsecount="0"/>
        <line num="68" count="1" type="stmt"/>
        <line num="69" count="1" type="stmt"/>
        <line num="70" count="1" type="stmt"/>
        <line num="71" count="1" type="cond" truecount="0" falsecount="1"/>
        <line num="72" count="2" type="stmt"/>
        <line num="73" count="2" type="stmt"/>
        <line num="74" count="6" type="cond" truecount="1" falsecount="0"/>
        <line num="76" count="2" type="stmt"/>
        <line num="77" count="2" type="stmt"/>
        <line num="78" count="2" type="stmt"/>
        <line num="79" count="2" type="stmt"/>
        <line num="80" count="2" type="stmt"/>
        <line num="83" count="2" type="cond" truecount="1" falsecount="0"/>
        <line num="84" count="3" type="stmt"/>
        <line num="85" count="3" type="cond" truecount="0" falsecount="1"/>
        <line num="86" count="0" type="stmt"/>
        <line num="87" count="2" type="stmt"/>
        <line num="91" count="2" type="cond" truecount="0" falsecount="1"/>
        <line num="92" count="2" type="stmt"/>
        <line num="93" count="2" type="cond" truecount="1" falsecount="0"/>
        <line num="94" count="3" type="stmt"/>
        <line num="95" count="3" type="stmt"/>
        <line num="96" count="3" type="stmt"/>
        <line num="97" count="3" type="stmt"/>
        <line num="98" count="3" type="stmt"/>
        <line num="99" count="3" type="cond" truecount="0" falsecount="1"/>
        <line num="100" count="3" type="stmt"/>
        <line num="101" count="3" type="stmt"/>
        <line num="102" count="3" type="stmt"/>
        <line num="103" count="2" type="cond" truecount="1" falsecount="0"/>
        <line num="104" count="2" type="stmt"/>
        <line num="105" count="2" type="stmt"/>
        <line num="106" count="6" type="stmt"/>
        <line num="107" count="6" type="cond" truecount="1" falsecount="0"/>
        <line num="108" count="6" type="stmt"/>
        <line num="109" count="6" type="stmt"/>
        <line num="110" count="6" type="cond" truecount="1" falsecount="0"/>
        <line num="111" count="6" type="stmt"/>
        <line num="112" count="6" type="cond" truecount="1" falsecount="0"/>
        <line num="113" count="1" type="stmt"/>
        <line num="114" count="1" type="cond" truecount="2" falsecount="0"/>
        <line num="115" count="2" type="stmt"/>
        <line num="116" count="2" type="stmt"/>
        <line num="117" count="2" type="stmt"/>
        <line num="118" count="2" type="cond" truecount="0" falsecount="1"/>
        <line num="119" count="1" type="stmt"/>
        <line num="120" count="1" type="stmt"/>
        <line num="121" count="6" type="stmt"/>
        <line num="122" count="6" type="stmt"/>
      </file>
    </package>
    <package name="src.tests.fixtures">
      <metrics statements="6" coveredstatements="6" conditionals="0" coveredconditionals="0" methods="0" coveredmethods="0"/>
      <file name="fingerprints.ts" path="/home/sam/Documents/Code/TypeScript/FP-Devicer-Suite/fp-devicer/src/tests/fixtures/fingerprints.ts">
        <metrics statements="6" coveredstatements="6" conditionals="0" coveredconditionals="0" methods="0" coveredmethods="0"/>
        <line num="1" count="1" type="stmt"/>
        <line num="3" count="1" type="stmt"/>
        <line num="4" count="1" type="stmt"/>
        <line num="5" count="1" type="stmt"/>
        <line num="6" count="1" type="stmt"/>
        <line num="7" count="1" type="stmt"/>
      </file>
    </package>
    <package name="src.types">
      <metrics statements="0" coveredstatements="0" conditionals="0" coveredconditionals="0" methods="0" coveredmethods="0"/>
      <file name="data.ts" path="/home/sam/Documents/Code/TypeScript/FP-Devicer-Suite/fp-devicer/src/types/data.ts">
        <metrics statements="0" coveredstatements="0" conditionals="0" coveredconditionals="0" methods="0" coveredmethods="0"/>
      </file>
      <file name="observability.ts" path="/home/sam/Documents/Code/TypeScript/FP-Devicer-Suite/fp-devicer/src/types/observability.ts">
        <metrics statements="0" coveredstatements="0" conditionals="0" coveredconditionals="0" methods="0" coveredmethods="0"/>
      </file>
      <file name="storage.ts" path="/home/sam/Documents/Code/TypeScript/FP-Devicer-Suite/fp-devicer/src/types/storage.ts">
        <metrics statements="0" coveredstatements="0" conditionals="0" coveredconditionals="0" methods="0" coveredmethods="0"/>
      </file>
    </package>
  </project>
</coverage>
