{"/home/sam/Documents/Code/TypeScript/FP-Devicer-Suite/fp-devicer/docs/assets/hierarchy.js": {"path":"/home/sam/Documents/Code/TypeScript/FP-Devicer-Suite/fp-devicer/docs/assets/hierarchy.js","all":true,"statementMap":{"0":{"start":{"line":1,"column":0},"end":{"line":1,"column":73}}},"s":{"0":0},"branchMap":{"0":{"type":"branch","line":1,"loc":{"start":{"line":1,"column":0},"end":{"line":1,"column":73}},"locations":[{"start":{"line":1,"column":0},"end":{"line":1,"column":73}}]}},"b":{"0":[0]},"fnMap":{"0":{"name":"(empty-report)","decl":{"start":{"line":1,"column":0},"end":{"line":1,"column":73}},"loc":{"start":{"line":1,"column":0},"end":{"line":1,"column":73}},"line":1}},"f":{"0":0}}
,"/home/sam/Documents/Code/TypeScript/FP-Devicer-Suite/fp-devicer/docs/assets/icons.js": {"path":"/home/sam/Documents/Code/TypeScript/FP-Devicer-Suite/fp-devicer/docs/assets/icons.js","all":true,"statementMap":{"0":{"start":{"line":1,"column":0},"end":{"line":1,"column":13}},"1":{"start":{"line":2,"column":0},"end":{"line":2,"column":15}},"2":{"start":{"line":3,"column":0},"end":{"line":3,"column":25}},"3":{"start":{"line":4,"column":0},"end":{"line":4,"column":110}},"4":{"start":{"line":5,"column":0},"end":{"line":5,"column":109}},"5":{"start":{"line":6,"column":0},"end":{"line":6,"column":11900}},"6":{"start":{"line":7,"column":0},"end":{"line":7,"column":35}},"7":{"start":{"line":8,"column":0},"end":{"line":8,"column":63}},"8":{"start":{"line":9,"column":0},"end":{"line":9,"column":5}},"10":{"start":{"line":11,"column":0},"end":{"line":11,"column":34}},"11":{"start":{"line":12,"column":0},"end":{"line":12,"column":56}},"12":{"start":{"line":13,"column":0},"end":{"line":13,"column":61}},"13":{"start":{"line":14,"column":0},"end":{"line":14,"column":85}},"14":{"start":{"line":15,"column":0},"end":{"line":15,"column":13}},"15":{"start":{"line":16,"column":0},"end":{"line":16,"column":11}},"16":{"start":{"line":17,"column":0},"end":{"line":17,"column":5}},"17":{"start":{"line":18,"column":0},"end":{"line":18,"column":4}}},"s":{"0":0,"1":0,"2":0,"3":0,"4":0,"5":0,"6":0,"7":0,"8":0,"10":0,"11":0,"12":0,"13":0,"14":0,"15":0,"16":0,"17":0},"branchMap":{"0":{"type":"branch","line":1,"loc":{"start":{"line":1,"column":0},"end":{"line":18,"column":4}},"locations":[{"start":{"line":1,"column":0},"end":{"line":18,"column":4}}]}},"b":{"0":[0]},"fnMap":{"0":{"name":"(empty-report)","decl":{"start":{"line":1,"column":0},"end":{"line":18,"column":4}},"loc":{"start":{"line":1,"column":0},"end":{"line":18,"column":4}},"line":1}},"f":{"0":0}}
,"/home/sam/Documents/Code/TypeScript/FP-Devicer-Suite/fp-devicer/docs/assets/main.js": {"path":"/home/sam/Documents/Code/TypeScript/FP-Devicer-Suite/fp-devicer/docs/assets/main.js","all":true,"statementMap":{"0":{"start":{"line":1,"column":0},"end":{"line":1,"column":13}},"1":{"start":{"line":2,"column":0},"end":{"line":2,"column":949}},"2":{"start":{"line":3,"column":0},"end":{"line":3,"column":3990}},"3":{"start":{"line":4,"column":0},"end":{"line":4,"column":31770}},"4":{"start":{"line":5,"column":0},"end":{"line":5,"column":3319}},"5":{"start":{"line":6,"column":0},"end":{"line":6,"column":10179}},"6":{"start":{"line":7,"column":0},"end":{"line":7,"column":32}},"8":{"start":{"line":9,"column":0},"end":{"line":9,"column":13}},"9":{"start":{"line":10,"column":0},"end":{"line":10,"column":5}},"10":{"start":{"line":11,"column":0},"end":{"line":11,"column":91}},"11":{"start":{"line":12,"column":0},"end":{"line":12,"column":42}},"12":{"start":{"line":13,"column":0},"end":{"line":13,"column":17}},"13":{"start":{"line":14,"column":0},"end":{"line":14,"column":5}},"14":{"start":{"line":15,"column":0},"end":{"line":15,"column":5}},"15":{"start":{"line":16,"column":0},"end":{"line":16,"column":15}},"16":{"start":{"line":17,"column":0},"end":{"line":17,"column":42}},"17":{"start":{"line":18,"column":0},"end":{"line":18,"column":5}},"18":{"start":{"line":19,"column":0},"end":{"line":19,"column":5}},"19":{"start":{"line":20,"column":0},"end":{"line":20,"column":13}},"20":{"start":{"line":21,"column":0},"end":{"line":21,"column":42}},"21":{"start":{"line":22,"column":0},"end":{"line":22,"column":5}},"22":{"start":{"line":23,"column":0},"end":{"line":23,"column":5}},"23":{"start":{"line":24,"column":0},"end":{"line":24,"column":19}},"24":{"start":{"line":25,"column":0},"end":{"line":25,"column":42}},"25":{"start":{"line":26,"column":0},"end":{"line":26,"column":5}},"26":{"start":{"line":27,"column":0},"end":{"line":27,"column":5}},"27":{"start":{"line":28,"column":0},"end":{"line":28,"column":18}},"28":{"start":{"line":29,"column":0},"end":{"line":29,"column":42}},"29":{"start":{"line":30,"column":0},"end":{"line":30,"column":5}},"30":{"start":{"line":31,"column":0},"end":{"line":31,"column":5}},"31":{"start":{"line":32,"column":0},"end":{"line":32,"column":16}},"32":{"start":{"line":33,"column":0},"end":{"line":33,"column":42}},"33":{"start":{"line":34,"column":0},"end":{"line":34,"column":5}},"34":{"start":{"line":35,"column":0},"end":{"line":35,"column":5}},"35":{"start":{"line":36,"column":0},"end":{"line":36,"column":17}},"36":{"start":{"line":37,"column":0},"end":{"line":37,"column":42}},"37":{"start":{"line":38,"column":0},"end":{"line":38,"column":74}},"38":{"start":{"line":39,"column":0},"end":{"line":39,"column":5}},"39":{"start":{"line":40,"column":0},"end":{"line":40,"column":5}},"40":{"start":{"line":41,"column":0},"end":{"line":41,"column":24}},"41":{"start":{"line":42,"column":0},"end":{"line":42,"column":42}},"42":{"start":{"line":43,"column":0},"end":{"line":43,"column":5}},"43":{"start":{"line":44,"column":0},"end":{"line":44,"column":5}},"44":{"start":{"line":45,"column":0},"end":{"line":45,"column":17}},"45":{"start":{"line":46,"column":0},"end":{"line":46,"column":42}},"46":{"start":{"line":47,"column":0},"end":{"line":47,"column":5}},"47":{"start":{"line":48,"column":0},"end":{"line":48,"column":5}},"48":{"start":{"line":49,"column":0},"end":{"line":49,"column":18}},"49":{"start":{"line":50,"column":0},"end":{"line":50,"column":42}},"50":{"start":{"line":51,"column":0},"end":{"line":51,"column":5}},"51":{"start":{"line":52,"column":0},"end":{"line":52,"column":5}},"52":{"start":{"line":53,"column":0},"end":{"line":53,"column":15}},"53":{"start":{"line":54,"column":0},"end":{"line":54,"column":42}},"54":{"start":{"line":55,"column":0},"end":{"line":55,"column":5}},"55":{"start":{"line":56,"column":0},"end":{"line":56,"column":5}},"56":{"start":{"line":57,"column":0},"end":{"line":57,"column":17}},"57":{"start":{"line":58,"column":0},"end":{"line":58,"column":42}},"58":{"start":{"line":59,"column":0},"end":{"line":59,"column":5}},"59":{"start":{"line":60,"column":0},"end":{"line":60,"column":2}}},"s":{"0":0,"1":0,"2":0,"3":0,"4":0,"5":0,"6":0,"8":0,"9":0,"10":0,"11":0,"12":0,"13":0,"14":0,"15":0,"16":0,"17":0,"18":0,"19":0,"20":0,"21":0,"22":0,"23":0,"24":0,"25":0,"26":0,"27":0,"28":0,"29":0,"30":0,"31":0,"32":0,"33":0,"34":0,"35":0,"36":0,"37":0,"38":0,"39":0,"40":0,"41":0,"42":0,"43":0,"44":0,"45":0,"46":0,"47":0,"48":0,"49":0,"50":0,"51":0,"52":0,"53":0,"54":0,"55":0,"56":0,"57":0,"58":0,"59":0},"branchMap":{"0":{"type":"branch","line":1,"loc":{"start":{"line":1,"column":0},"end":{"line":60,"column":-65}},"locations":[{"start":{"line":1,"column":0},"end":{"line":60,"column":-65}}]}},"b":{"0":[0]},"fnMap":{"0":{"name":"(empty-report)","decl":{"start":{"line":1,"column":0},"end":{"line":60,"column":-65}},"loc":{"start":{"line":1,"column":0},"end":{"line":60,"column":-65}},"line":1}},"f":{"0":0}}
,"/home/sam/Documents/Code/TypeScript/FP-Devicer-Suite/fp-devicer/docs/assets/navigation.js": {"path":"/home/sam/Documents/Code/TypeScript/FP-Devicer-Suite/fp-devicer/docs/assets/navigation.js","all":true,"statementMap":{"0":{"start":{"line":1,"column":0},"end":{"line":1,"column":662}}},"s":{"0":0},"branchMap":{"0":{"type":"branch","line":1,"loc":{"start":{"line":1,"column":0},"end":{"line":1,"column":662}},"locations":[{"start":{"line":1,"column":0},"end":{"line":1,"column":662}}]}},"b":{"0":[0]},"fnMap":{"0":{"name":"(empty-report)","decl":{"start":{"line":1,"column":0},"end":{"line":1,"column":662}},"loc":{"start":{"line":1,"column":0},"end":{"line":1,"column":662}},"line":1}},"f":{"0":0}}
,"/home/sam/Documents/Code/TypeScript/FP-Devicer-Suite/fp-devicer/docs/assets/search.js": {"path":"/home/sam/Documents/Code/TypeScript/FP-Devicer-Suite/fp-devicer/docs/assets/search.js","all":true,"statementMap":{"0":{"start":{"line":1,"column":0},"end":{"line":1,"column":5083}}},"s":{"0":0},"branchMap":{"0":{"type":"branch","line":1,"loc":{"start":{"line":1,"column":0},"end":{"line":1,"column":5083}},"locations":[{"start":{"line":1,"column":0},"end":{"line":1,"column":5083}}]}},"b":{"0":[0]},"fnMap":{"0":{"name":"(empty-report)","decl":{"start":{"line":1,"column":0},"end":{"line":1,"column":5083}},"loc":{"start":{"line":1,"column":0},"end":{"line":1,"column":5083}},"line":1}},"f":{"0":0}}
,"/home/sam/Documents/Code/TypeScript/FP-Devicer-Suite/fp-devicer/src/main.ts": {"path":"/home/sam/Documents/Code/TypeScript/FP-Devicer-Suite/fp-devicer/src/main.ts","all":false,"statementMap":{"0":{"start":{"line":1,"column":0},"end":{"line":1,"column":59}},"1":{"start":{"line":2,"column":0},"end":{"line":2,"column":56}},"2":{"start":{"line":3,"column":0},"end":{"line":3,"column":84}},"3":{"start":{"line":4,"column":0},"end":{"line":4,"column":87}},"4":{"start":{"line":5,"column":0},"end":{"line":5,"column":8}},"14":{"start":{"line":15,"column":0},"end":{"line":15,"column":68}},"15":{"start":{"line":16,"column":0},"end":{"line":16,"column":64}},"16":{"start":{"line":17,"column":0},"end":{"line":17,"column":68}},"17":{"start":{"line":18,"column":0},"end":{"line":18,"column":62}},"18":{"start":{"line":19,"column":0},"end":{"line":19,"column":72}},"19":{"start":{"line":20,"column":0},"end":{"line":20,"column":81}},"20":{"start":{"line":21,"column":0},"end":{"line":21,"column":81}},"21":{"start":{"line":22,"column":0},"end":{"line":22,"column":80}}},"s":{"0":1,"1":1,"2":1,"3":1,"4":1,"14":1,"15":1,"16":1,"17":1,"18":1,"19":1,"20":1,"21":1},"branchMap":{},"b":{},"fnMap":{},"f":{}}
,"/home/sam/Documents/Code/TypeScript/FP-Devicer-Suite/fp-devicer/src/benchmarks/data-generator.ts": {"path":"/home/sam/Documents/Code/TypeScript/FP-Devicer-Suite/fp-devicer/src/benchmarks/data-generator.ts","all":false,"statementMap":{"1":{"start":{"line":2,"column":0},"end":{"line":2,"column":36}},"13":{"start":{"line":14,"column":0},"end":{"line":14,"column":33}},"14":{"start":{"line":15,"column":0},"end":{"line":15,"column":21}},"15":{"start":{"line":16,"column":0},"end":{"line":16,"column":10}},"16":{"start":{"line":17,"column":0},"end":{"line":17,"column":40}},"17":{"start":{"line":18,"column":0},"end":{"line":18,"column":53}},"18":{"start":{"line":19,"column":0},"end":{"line":19,"column":29}},"19":{"start":{"line":20,"column":0},"end":{"line":20,"column":6}},"20":{"start":{"line":21,"column":0},"end":{"line":21,"column":58}},"21":{"start":{"line":22,"column":0},"end":{"line":22,"column":61}},"22":{"start":{"line":23,"column":0},"end":{"line":23,"column":6}},"23":{"start":{"line":24,"column":0},"end":{"line":24,"column":26}},"24":{"start":{"line":25,"column":0},"end":{"line":25,"column":46}},"25":{"start":{"line":26,"column":0},"end":{"line":26,"column":6}},"26":{"start":{"line":27,"column":0},"end":{"line":27,"column":31}},"27":{"start":{"line":28,"column":0},"end":{"line":28,"column":32}},"28":{"start":{"line":29,"column":0},"end":{"line":29,"column":6}},"29":{"start":{"line":30,"column":0},"end":{"line":30,"column":31}},"30":{"start":{"line":31,"column":0},"end":{"line":31,"column":25}},"31":{"start":{"line":32,"column":0},"end":{"line":32,"column":46}},"32":{"start":{"line":33,"column":0},"end":{"line":33,"column":33}},"33":{"start":{"line":34,"column":0},"end":{"line":34,"column":36}},"34":{"start":{"line":35,"column":0},"end":{"line":35,"column":7}},"35":{"start":{"line":36,"column":0},"end":{"line":36,"column":15}},"36":{"start":{"line":37,"column":0},"end":{"line":37,"column":6}},"37":{"start":{"line":38,"column":0},"end":{"line":38,"column":4}},"38":{"start":{"line":39,"column":0},"end":{"line":39,"column":1}},"43":{"start":{"line":44,"column":0},"end":{"line":44,"column":42}},"44":{"start":{"line":45,"column":0},"end":{"line":45,"column":18}},"45":{"start":{"line":46,"column":0},"end":{"line":46,"column":40}},"46":{"start":{"line":47,"column":0},"end":{"line":47,"column":52}},"47":{"start":{"line":48,"column":0},"end":{"line":48,"column":23}},"48":{"start":{"line":49,"column":0},"end":{"line":49,"column":3}},"49":{"start":{"line":50,"column":0},"end":{"line":50,"column":35}},"50":{"start":{"line":51,"column":0},"end":{"line":51,"column":1}},"61":{"start":{"line":62,"column":0},"end":{"line":62,"column":92}},"65":{"start":{"line":66,"column":0},"end":{"line":66,"column":48}},"68":{"start":{"line":69,"column":0},"end":{"line":69,"column":83}},"69":{"start":{"line":70,"column":0},"end":{"line":70,"column":21}},"70":{"start":{"line":71,"column":0},"end":{"line":71,"column":33}},"71":{"start":{"line":72,"column":0},"end":{"line":72,"column":59}},"72":{"start":{"line":73,"column":0},"end":{"line":73,"column":3}},"75":{"start":{"line":76,"column":0},"end":{"line":76,"column":21}},"76":{"start":{"line":77,"column":0},"end":{"line":77,"column":32}},"77":{"start":{"line":78,"column":0},"end":{"line":78,"column":53}},"78":{"start":{"line":79,"column":0},"end":{"line":79,"column":3}},"81":{"start":{"line":82,"column":0},"end":{"line":82,"column":43}},"82":{"start":{"line":83,"column":0},"end":{"line":83,"column":1}},"91":{"start":{"line":92,"column":0},"end":{"line":92,"column":91}},"92":{"start":{"line":93,"column":0},"end":{"line":93,"column":20}},"93":{"start":{"line":94,"column":0},"end":{"line":94,"column":63}},"94":{"start":{"line":95,"column":0},"end":{"line":95,"column":61}},"95":{"start":{"line":96,"column":0},"end":{"line":96,"column":65}},"96":{"start":{"line":97,"column":0},"end":{"line":97,"column":34}},"97":{"start":{"line":98,"column":0},"end":{"line":98,"column":34}},"98":{"start":{"line":99,"column":0},"end":{"line":99,"column":49}},"99":{"start":{"line":100,"column":0},"end":{"line":100,"column":22}},"100":{"start":{"line":101,"column":0},"end":{"line":101,"column":20}},"101":{"start":{"line":102,"column":0},"end":{"line":102,"column":4}},"102":{"start":{"line":103,"column":0},"end":{"line":103,"column":22}},"103":{"start":{"line":104,"column":0},"end":{"line":104,"column":80}},"104":{"start":{"line":105,"column":0},"end":{"line":105,"column":69}},"105":{"start":{"line":106,"column":0},"end":{"line":106,"column":64}},"106":{"start":{"line":107,"column":0},"end":{"line":107,"column":74}},"107":{"start":{"line":108,"column":0},"end":{"line":108,"column":4}},"109":{"start":{"line":110,"column":0},"end":{"line":110,"column":48}},"110":{"start":{"line":111,"column":0},"end":{"line":111,"column":69}},"113":{"start":{"line":114,"column":0},"end":{"line":114,"column":33}},"114":{"start":{"line":115,"column":0},"end":{"line":115,"column":64}},"115":{"start":{"line":116,"column":0},"end":{"line":116,"column":53}},"118":{"start":{"line":119,"column":0},"end":{"line":119,"column":44}},"119":{"start":{"line":120,"column":0},"end":{"line":120,"column":1}},"128":{"start":{"line":129,"column":0},"end":{"line":129,"column":91}},"129":{"start":{"line":130,"column":0},"end":{"line":130,"column":47}},"132":{"start":{"line":133,"column":0},"end":{"line":133,"column":45}},"133":{"start":{"line":134,"column":0},"end":{"line":134,"column":82}},"134":{"start":{"line":135,"column":0},"end":{"line":135,"column":83}},"136":{"start":{"line":137,"column":0},"end":{"line":137,"column":59}},"137":{"start":{"line":138,"column":0},"end":{"line":138,"column":30}},"138":{"start":{"line":139,"column":0},"end":{"line":139,"column":1}},"143":{"start":{"line":144,"column":0},"end":{"line":144,"column":19}},"144":{"start":{"line":145,"column":0},"end":{"line":145,"column":99}},"145":{"start":{"line":146,"column":0},"end":{"line":146,"column":99}},"146":{"start":{"line":147,"column":0},"end":{"line":147,"column":102}},"147":{"start":{"line":148,"column":0},"end":{"line":148,"column":102}},"148":{"start":{"line":149,"column":0},"end":{"line":149,"column":102}},"149":{"start":{"line":150,"column":0},"end":{"line":150,"column":85}},"150":{"start":{"line":151,"column":0},"end":{"line":151,"column":92}},"151":{"start":{"line":152,"column":0},"end":{"line":152,"column":87}},"152":{"start":{"line":153,"column":0},"end":{"line":153,"column":87}},"153":{"start":{"line":154,"column":0},"end":{"line":154,"column":91}},"154":{"start":{"line":155,"column":0},"end":{"line":155,"column":91}},"155":{"start":{"line":156,"column":0},"end":{"line":156,"column":2}},"157":{"start":{"line":158,"column":0},"end":{"line":158,"column":26}},"159":{"start":{"line":160,"column":0},"end":{"line":160,"column":3}},"160":{"start":{"line":161,"column":0},"end":{"line":161,"column":64}},"161":{"start":{"line":162,"column":0},"end":{"line":162,"column":106}},"162":{"start":{"line":163,"column":0},"end":{"line":163,"column":26}},"163":{"start":{"line":164,"column":0},"end":{"line":164,"column":24}},"164":{"start":{"line":165,"column":0},"end":{"line":165,"column":21}},"165":{"start":{"line":166,"column":0},"end":{"line":166,"column":27}},"166":{"start":{"line":167,"column":0},"end":{"line":167,"column":4}},"168":{"start":{"line":169,"column":0},"end":{"line":169,"column":3}},"169":{"start":{"line":170,"column":0},"end":{"line":170,"column":64}},"170":{"start":{"line":171,"column":0},"end":{"line":171,"column":106}},"171":{"start":{"line":172,"column":0},"end":{"line":172,"column":26}},"172":{"start":{"line":173,"column":0},"end":{"line":173,"column":24}},"173":{"start":{"line":174,"column":0},"end":{"line":174,"column":21}},"174":{"start":{"line":175,"column":0},"end":{"line":175,"column":27}},"175":{"start":{"line":176,"column":0},"end":{"line":176,"column":4}},"177":{"start":{"line":178,"column":0},"end":{"line":178,"column":3}},"178":{"start":{"line":179,"column":0},"end":{"line":179,"column":64}},"179":{"start":{"line":180,"column":0},"end":{"line":180,"column":78}},"180":{"start":{"line":181,"column":0},"end":{"line":181,"column":15}},"181":{"start":{"line":182,"column":0},"end":{"line":182,"column":24}},"182":{"start":{"line":183,"column":0},"end":{"line":183,"column":21}},"183":{"start":{"line":184,"column":0},"end":{"line":184,"column":27}},"184":{"start":{"line":185,"column":0},"end":{"line":185,"column":4}},"186":{"start":{"line":187,"column":0},"end":{"line":187,"column":3}},"187":{"start":{"line":188,"column":0},"end":{"line":188,"column":64}},"188":{"start":{"line":189,"column":0},"end":{"line":189,"column":78}},"189":{"start":{"line":190,"column":0},"end":{"line":190,"column":15}},"190":{"start":{"line":191,"column":0},"end":{"line":191,"column":24}},"191":{"start":{"line":192,"column":0},"end":{"line":192,"column":21}},"192":{"start":{"line":193,"column":0},"end":{"line":193,"column":27}},"193":{"start":{"line":194,"column":0},"end":{"line":194,"column":4}},"195":{"start":{"line":196,"column":0},"end":{"line":196,"column":3}},"196":{"start":{"line":197,"column":0},"end":{"line":197,"column":64}},"197":{"start":{"line":198,"column":0},"end":{"line":198,"column":107}},"198":{"start":{"line":199,"column":0},"end":{"line":199,"column":35}},"199":{"start":{"line":200,"column":0},"end":{"line":200,"column":24}},"200":{"start":{"line":201,"column":0},"end":{"line":201,"column":21}},"201":{"start":{"line":202,"column":0},"end":{"line":202,"column":27}},"202":{"start":{"line":203,"column":0},"end":{"line":203,"column":4}},"204":{"start":{"line":205,"column":0},"end":{"line":205,"column":3}},"205":{"start":{"line":206,"column":0},"end":{"line":206,"column":64}},"206":{"start":{"line":207,"column":0},"end":{"line":207,"column":118}},"207":{"start":{"line":208,"column":0},"end":{"line":208,"column":35}},"208":{"start":{"line":209,"column":0},"end":{"line":209,"column":24}},"209":{"start":{"line":210,"column":0},"end":{"line":210,"column":21}},"210":{"start":{"line":211,"column":0},"end":{"line":211,"column":27}},"211":{"start":{"line":212,"column":0},"end":{"line":212,"column":4}},"213":{"start":{"line":214,"column":0},"end":{"line":214,"column":3}},"214":{"start":{"line":215,"column":0},"end":{"line":215,"column":64}},"215":{"start":{"line":216,"column":0},"end":{"line":216,"column":123}},"216":{"start":{"line":217,"column":0},"end":{"line":217,"column":26}},"217":{"start":{"line":218,"column":0},"end":{"line":218,"column":24}},"218":{"start":{"line":219,"column":0},"end":{"line":219,"column":21}},"219":{"start":{"line":220,"column":0},"end":{"line":220,"column":27}},"220":{"start":{"line":221,"column":0},"end":{"line":221,"column":4}},"222":{"start":{"line":223,"column":0},"end":{"line":223,"column":2}},"223":{"start":{"line":224,"column":0},"end":{"line":224,"column":62}},"224":{"start":{"line":225,"column":0},"end":{"line":225,"column":126}},"225":{"start":{"line":226,"column":0},"end":{"line":226,"column":24}},"226":{"start":{"line":227,"column":0},"end":{"line":227,"column":22}},"227":{"start":{"line":228,"column":0},"end":{"line":228,"column":19}},"228":{"start":{"line":229,"column":0},"end":{"line":229,"column":25}},"229":{"start":{"line":230,"column":0},"end":{"line":230,"column":3}},"231":{"start":{"line":232,"column":0},"end":{"line":232,"column":2}},"232":{"start":{"line":233,"column":0},"end":{"line":233,"column":62}},"233":{"start":{"line":234,"column":0},"end":{"line":234,"column":117}},"234":{"start":{"line":235,"column":0},"end":{"line":235,"column":33}},"235":{"start":{"line":236,"column":0},"end":{"line":236,"column":22}},"236":{"start":{"line":237,"column":0},"end":{"line":237,"column":19}},"237":{"start":{"line":238,"column":0},"end":{"line":238,"column":25}},"238":{"start":{"line":239,"column":0},"end":{"line":239,"column":3}},"240":{"start":{"line":241,"column":0},"end":{"line":241,"column":2}},"241":{"start":{"line":242,"column":0},"end":{"line":242,"column":62}},"242":{"start":{"line":243,"column":0},"end":{"line":243,"column":83}},"243":{"start":{"line":244,"column":0},"end":{"line":244,"column":13}},"244":{"start":{"line":245,"column":0},"end":{"line":245,"column":22}},"245":{"start":{"line":246,"column":0},"end":{"line":246,"column":19}},"246":{"start":{"line":247,"column":0},"end":{"line":247,"column":25}},"247":{"start":{"line":248,"column":0},"end":{"line":248,"column":3}},"249":{"start":{"line":250,"column":0},"end":{"line":250,"column":2}},"250":{"start":{"line":251,"column":0},"end":{"line":251,"column":62}},"251":{"start":{"line":252,"column":0},"end":{"line":252,"column":113}},"252":{"start":{"line":253,"column":0},"end":{"line":253,"column":13}},"253":{"start":{"line":254,"column":0},"end":{"line":254,"column":22}},"254":{"start":{"line":255,"column":0},"end":{"line":255,"column":19}},"255":{"start":{"line":256,"column":0},"end":{"line":256,"column":25}},"256":{"start":{"line":257,"column":0},"end":{"line":257,"column":3}},"258":{"start":{"line":259,"column":0},"end":{"line":259,"column":2}},"259":{"start":{"line":260,"column":0},"end":{"line":260,"column":62}},"260":{"start":{"line":261,"column":0},"end":{"line":261,"column":144}},"261":{"start":{"line":262,"column":0},"end":{"line":262,"column":24}},"262":{"start":{"line":263,"column":0},"end":{"line":263,"column":22}},"263":{"start":{"line":264,"column":0},"end":{"line":264,"column":19}},"264":{"start":{"line":265,"column":0},"end":{"line":265,"column":25}},"265":{"start":{"line":266,"column":0},"end":{"line":266,"column":3}},"267":{"start":{"line":268,"column":0},"end":{"line":268,"column":2}},"268":{"start":{"line":269,"column":0},"end":{"line":269,"column":62}},"269":{"start":{"line":270,"column":0},"end":{"line":270,"column":135}},"270":{"start":{"line":271,"column":0},"end":{"line":271,"column":33}},"271":{"start":{"line":272,"column":0},"end":{"line":272,"column":22}},"272":{"start":{"line":273,"column":0},"end":{"line":273,"column":19}},"273":{"start":{"line":274,"column":0},"end":{"line":274,"column":25}},"274":{"start":{"line":275,"column":0},"end":{"line":275,"column":3}},"276":{"start":{"line":277,"column":0},"end":{"line":277,"column":2}},"277":{"start":{"line":278,"column":0},"end":{"line":278,"column":62}},"278":{"start":{"line":279,"column":0},"end":{"line":279,"column":120}},"279":{"start":{"line":280,"column":0},"end":{"line":280,"column":24}},"280":{"start":{"line":281,"column":0},"end":{"line":281,"column":22}},"281":{"start":{"line":282,"column":0},"end":{"line":282,"column":19}},"282":{"start":{"line":283,"column":0},"end":{"line":283,"column":25}},"283":{"start":{"line":284,"column":0},"end":{"line":284,"column":3}},"285":{"start":{"line":286,"column":0},"end":{"line":286,"column":2}},"286":{"start":{"line":287,"column":0},"end":{"line":287,"column":62}},"287":{"start":{"line":288,"column":0},"end":{"line":288,"column":120}},"288":{"start":{"line":289,"column":0},"end":{"line":289,"column":24}},"289":{"start":{"line":290,"column":0},"end":{"line":290,"column":22}},"290":{"start":{"line":291,"column":0},"end":{"line":291,"column":19}},"291":{"start":{"line":292,"column":0},"end":{"line":292,"column":25}},"292":{"start":{"line":293,"column":0},"end":{"line":293,"column":3}},"294":{"start":{"line":295,"column":0},"end":{"line":295,"column":2}},"295":{"start":{"line":296,"column":0},"end":{"line":296,"column":62}},"296":{"start":{"line":297,"column":0},"end":{"line":297,"column":143}},"297":{"start":{"line":298,"column":0},"end":{"line":298,"column":24}},"298":{"start":{"line":299,"column":0},"end":{"line":299,"column":22}},"299":{"start":{"line":300,"column":0},"end":{"line":300,"column":19}},"300":{"start":{"line":301,"column":0},"end":{"line":301,"column":25}},"301":{"start":{"line":302,"column":0},"end":{"line":302,"column":3}},"303":{"start":{"line":304,"column":0},"end":{"line":304,"column":2}},"304":{"start":{"line":305,"column":0},"end":{"line":305,"column":62}},"305":{"start":{"line":306,"column":0},"end":{"line":306,"column":159}},"306":{"start":{"line":307,"column":0},"end":{"line":307,"column":24}},"307":{"start":{"line":308,"column":0},"end":{"line":308,"column":22}},"308":{"start":{"line":309,"column":0},"end":{"line":309,"column":19}},"309":{"start":{"line":310,"column":0},"end":{"line":310,"column":25}},"310":{"start":{"line":311,"column":0},"end":{"line":311,"column":3}},"312":{"start":{"line":313,"column":0},"end":{"line":313,"column":2}},"313":{"start":{"line":314,"column":0},"end":{"line":314,"column":62}},"314":{"start":{"line":315,"column":0},"end":{"line":315,"column":103}},"315":{"start":{"line":316,"column":0},"end":{"line":316,"column":24}},"316":{"start":{"line":317,"column":0},"end":{"line":317,"column":22}},"317":{"start":{"line":318,"column":0},"end":{"line":318,"column":19}},"318":{"start":{"line":319,"column":0},"end":{"line":319,"column":25}},"319":{"start":{"line":320,"column":0},"end":{"line":320,"column":3}},"321":{"start":{"line":322,"column":0},"end":{"line":322,"column":2}},"322":{"start":{"line":323,"column":0},"end":{"line":323,"column":62}},"323":{"start":{"line":324,"column":0},"end":{"line":324,"column":103}},"324":{"start":{"line":325,"column":0},"end":{"line":325,"column":24}},"325":{"start":{"line":326,"column":0},"end":{"line":326,"column":22}},"326":{"start":{"line":327,"column":0},"end":{"line":327,"column":19}},"327":{"start":{"line":328,"column":0},"end":{"line":328,"column":25}},"328":{"start":{"line":329,"column":0},"end":{"line":329,"column":3}},"330":{"start":{"line":331,"column":0},"end":{"line":331,"column":2}},"331":{"start":{"line":332,"column":0},"end":{"line":332,"column":62}},"332":{"start":{"line":333,"column":0},"end":{"line":333,"column":103}},"333":{"start":{"line":334,"column":0},"end":{"line":334,"column":24}},"334":{"start":{"line":335,"column":0},"end":{"line":335,"column":22}},"335":{"start":{"line":336,"column":0},"end":{"line":336,"column":19}},"336":{"start":{"line":337,"column":0},"end":{"line":337,"column":25}},"337":{"start":{"line":338,"column":0},"end":{"line":338,"column":3}},"339":{"start":{"line":340,"column":0},"end":{"line":340,"column":2}},"340":{"start":{"line":341,"column":0},"end":{"line":341,"column":62}},"341":{"start":{"line":342,"column":0},"end":{"line":342,"column":75}},"342":{"start":{"line":343,"column":0},"end":{"line":343,"column":13}},"343":{"start":{"line":344,"column":0},"end":{"line":344,"column":22}},"344":{"start":{"line":345,"column":0},"end":{"line":345,"column":19}},"345":{"start":{"line":346,"column":0},"end":{"line":346,"column":25}},"346":{"start":{"line":347,"column":0},"end":{"line":347,"column":3}},"347":{"start":{"line":348,"column":0},"end":{"line":348,"column":1}},"349":{"start":{"line":350,"column":0},"end":{"line":350,"column":60}},"351":{"start":{"line":352,"column":0},"end":{"line":352,"column":19}},"352":{"start":{"line":353,"column":0},"end":{"line":353,"column":81}},"353":{"start":{"line":354,"column":0},"end":{"line":354,"column":72}},"354":{"start":{"line":355,"column":0},"end":{"line":355,"column":65}},"355":{"start":{"line":356,"column":0},"end":{"line":356,"column":41}},"356":{"start":{"line":357,"column":0},"end":{"line":357,"column":2}},"358":{"start":{"line":359,"column":0},"end":{"line":359,"column":49}},"359":{"start":{"line":360,"column":0},"end":{"line":360,"column":27}},"360":{"start":{"line":361,"column":0},"end":{"line":361,"column":27}},"361":{"start":{"line":362,"column":0},"end":{"line":362,"column":33}},"362":{"start":{"line":363,"column":0},"end":{"line":363,"column":33}},"363":{"start":{"line":364,"column":0},"end":{"line":364,"column":27}},"364":{"start":{"line":365,"column":0},"end":{"line":365,"column":27}},"365":{"start":{"line":366,"column":0},"end":{"line":366,"column":27}},"366":{"start":{"line":367,"column":0},"end":{"line":367,"column":27}},"367":{"start":{"line":368,"column":0},"end":{"line":368,"column":2}},"369":{"start":{"line":370,"column":0},"end":{"line":370,"column":48}},"370":{"start":{"line":371,"column":0},"end":{"line":371,"column":53}},"371":{"start":{"line":372,"column":0},"end":{"line":372,"column":57}},"372":{"start":{"line":373,"column":0},"end":{"line":373,"column":55}},"373":{"start":{"line":374,"column":0},"end":{"line":374,"column":2}},"375":{"start":{"line":376,"column":0},"end":{"line":376,"column":66}},"376":{"start":{"line":377,"column":0},"end":{"line":377,"column":49}},"378":{"start":{"line":379,"column":0},"end":{"line":379,"column":19}},"379":{"start":{"line":380,"column":0},"end":{"line":380,"column":80}},"380":{"start":{"line":381,"column":0},"end":{"line":381,"column":80}},"381":{"start":{"line":382,"column":0},"end":{"line":382,"column":81}},"382":{"start":{"line":383,"column":0},"end":{"line":383,"column":57}},"384":{"start":{"line":385,"column":0},"end":{"line":385,"column":58}},"386":{"start":{"line":387,"column":0},"end":{"line":387,"column":58}},"388":{"start":{"line":389,"column":0},"end":{"line":389,"column":69}},"389":{"start":{"line":390,"column":0},"end":{"line":390,"column":2}},"391":{"start":{"line":392,"column":0},"end":{"line":392,"column":21}},"392":{"start":{"line":393,"column":0},"end":{"line":393,"column":80}},"393":{"start":{"line":394,"column":0},"end":{"line":394,"column":80}},"394":{"start":{"line":395,"column":0},"end":{"line":395,"column":80}},"395":{"start":{"line":396,"column":0},"end":{"line":396,"column":80}},"396":{"start":{"line":397,"column":0},"end":{"line":397,"column":2}},"398":{"start":{"line":399,"column":0},"end":{"line":399,"column":20}},"399":{"start":{"line":400,"column":0},"end":{"line":400,"column":127}},"400":{"start":{"line":401,"column":0},"end":{"line":401,"column":127}},"401":{"start":{"line":402,"column":0},"end":{"line":402,"column":127}},"402":{"start":{"line":403,"column":0},"end":{"line":403,"column":2}},"427":{"start":{"line":428,"column":0},"end":{"line":428,"column":64}},"428":{"start":{"line":429,"column":0},"end":{"line":429,"column":42}},"430":{"start":{"line":431,"column":0},"end":{"line":431,"column":43}},"431":{"start":{"line":432,"column":0},"end":{"line":432,"column":50}},"432":{"start":{"line":433,"column":0},"end":{"line":433,"column":49}},"433":{"start":{"line":434,"column":0},"end":{"line":434,"column":43}},"434":{"start":{"line":435,"column":0},"end":{"line":435,"column":60}},"435":{"start":{"line":436,"column":0},"end":{"line":436,"column":46}},"436":{"start":{"line":437,"column":0},"end":{"line":437,"column":107}},"437":{"start":{"line":438,"column":0},"end":{"line":438,"column":46}},"438":{"start":{"line":439,"column":0},"end":{"line":439,"column":87}},"439":{"start":{"line":440,"column":0},"end":{"line":440,"column":47}},"440":{"start":{"line":441,"column":0},"end":{"line":441,"column":59}},"442":{"start":{"line":443,"column":0},"end":{"line":443,"column":39}},"443":{"start":{"line":444,"column":0},"end":{"line":444,"column":63}},"445":{"start":{"line":446,"column":0},"end":{"line":446,"column":36}},"446":{"start":{"line":447,"column":0},"end":{"line":447,"column":65}},"448":{"start":{"line":449,"column":0},"end":{"line":449,"column":38}},"449":{"start":{"line":450,"column":0},"end":{"line":450,"column":93}},"450":{"start":{"line":451,"column":0},"end":{"line":451,"column":9}},"453":{"start":{"line":454,"column":0},"end":{"line":454,"column":49}},"454":{"start":{"line":455,"column":0},"end":{"line":455,"column":48}},"455":{"start":{"line":456,"column":0},"end":{"line":456,"column":48}},"457":{"start":{"line":458,"column":0},"end":{"line":458,"column":15}},"458":{"start":{"line":459,"column":0},"end":{"line":459,"column":50}},"459":{"start":{"line":460,"column":0},"end":{"line":460,"column":36}},"460":{"start":{"line":461,"column":0},"end":{"line":461,"column":33}},"461":{"start":{"line":462,"column":0},"end":{"line":462,"column":24}},"462":{"start":{"line":463,"column":0},"end":{"line":463,"column":25}},"463":{"start":{"line":464,"column":0},"end":{"line":464,"column":76}},"464":{"start":{"line":465,"column":0},"end":{"line":465,"column":80}},"465":{"start":{"line":466,"column":0},"end":{"line":466,"column":4}},"467":{"start":{"line":468,"column":0},"end":{"line":468,"column":10}},"468":{"start":{"line":469,"column":0},"end":{"line":469,"column":51}},"469":{"start":{"line":470,"column":0},"end":{"line":470,"column":28}},"470":{"start":{"line":471,"column":0},"end":{"line":471,"column":13}},"471":{"start":{"line":472,"column":0},"end":{"line":472,"column":22}},"472":{"start":{"line":473,"column":0},"end":{"line":473,"column":14}},"473":{"start":{"line":474,"column":0},"end":{"line":474,"column":34}},"474":{"start":{"line":475,"column":0},"end":{"line":475,"column":20}},"475":{"start":{"line":476,"column":0},"end":{"line":476,"column":29}},"476":{"start":{"line":477,"column":0},"end":{"line":477,"column":35}},"477":{"start":{"line":478,"column":0},"end":{"line":478,"column":68}},"478":{"start":{"line":479,"column":0},"end":{"line":479,"column":18}},"479":{"start":{"line":480,"column":0},"end":{"line":480,"column":29}},"480":{"start":{"line":481,"column":0},"end":{"line":481,"column":117}},"481":{"start":{"line":482,"column":0},"end":{"line":482,"column":27}},"482":{"start":{"line":483,"column":0},"end":{"line":483,"column":25}},"483":{"start":{"line":484,"column":0},"end":{"line":484,"column":24}},"484":{"start":{"line":485,"column":0},"end":{"line":485,"column":37}},"485":{"start":{"line":486,"column":0},"end":{"line":486,"column":25}},"486":{"start":{"line":487,"column":0},"end":{"line":487,"column":13}},"487":{"start":{"line":488,"column":0},"end":{"line":488,"column":16}},"488":{"start":{"line":489,"column":0},"end":{"line":489,"column":17}},"489":{"start":{"line":490,"column":0},"end":{"line":490,"column":17}},"490":{"start":{"line":491,"column":0},"end":{"line":491,"column":29}},"491":{"start":{"line":492,"column":0},"end":{"line":492,"column":94}},"492":{"start":{"line":493,"column":0},"end":{"line":493,"column":6}},"493":{"start":{"line":494,"column":0},"end":{"line":494,"column":10}},"494":{"start":{"line":495,"column":0},"end":{"line":495,"column":12}},"495":{"start":{"line":496,"column":0},"end":{"line":496,"column":14}},"496":{"start":{"line":497,"column":0},"end":{"line":497,"column":21}},"497":{"start":{"line":498,"column":0},"end":{"line":498,"column":19}},"498":{"start":{"line":499,"column":0},"end":{"line":499,"column":19}},"499":{"start":{"line":500,"column":0},"end":{"line":500,"column":27}},"500":{"start":{"line":501,"column":0},"end":{"line":501,"column":4}},"501":{"start":{"line":502,"column":0},"end":{"line":502,"column":1}},"541":{"start":{"line":542,"column":0},"end":{"line":542,"column":69}},"542":{"start":{"line":543,"column":0},"end":{"line":543,"column":41}},"544":{"start":{"line":545,"column":0},"end":{"line":545,"column":84}},"545":{"start":{"line":546,"column":0},"end":{"line":546,"column":63}},"546":{"start":{"line":547,"column":0},"end":{"line":547,"column":23}},"547":{"start":{"line":548,"column":0},"end":{"line":548,"column":37}},"548":{"start":{"line":549,"column":0},"end":{"line":549,"column":25}},"549":{"start":{"line":550,"column":0},"end":{"line":550,"column":42}},"550":{"start":{"line":551,"column":0},"end":{"line":551,"column":31}},"551":{"start":{"line":552,"column":0},"end":{"line":552,"column":23}},"552":{"start":{"line":553,"column":0},"end":{"line":553,"column":23}},"553":{"start":{"line":554,"column":0},"end":{"line":554,"column":18}},"554":{"start":{"line":555,"column":0},"end":{"line":555,"column":26}},"556":{"start":{"line":557,"column":0},"end":{"line":557,"column":38}},"557":{"start":{"line":558,"column":0},"end":{"line":558,"column":62}},"559":{"start":{"line":560,"column":0},"end":{"line":560,"column":35}},"560":{"start":{"line":561,"column":0},"end":{"line":561,"column":64}},"562":{"start":{"line":563,"column":0},"end":{"line":563,"column":37}},"563":{"start":{"line":564,"column":0},"end":{"line":564,"column":91}},"564":{"start":{"line":565,"column":0},"end":{"line":565,"column":7}},"566":{"start":{"line":567,"column":0},"end":{"line":567,"column":48}},"567":{"start":{"line":568,"column":0},"end":{"line":568,"column":47}},"568":{"start":{"line":569,"column":0},"end":{"line":569,"column":47}},"570":{"start":{"line":571,"column":0},"end":{"line":571,"column":14}},"571":{"start":{"line":572,"column":0},"end":{"line":572,"column":22}},"572":{"start":{"line":573,"column":0},"end":{"line":573,"column":16}},"573":{"start":{"line":574,"column":0},"end":{"line":574,"column":24}},"574":{"start":{"line":575,"column":0},"end":{"line":575,"column":16}},"575":{"start":{"line":576,"column":0},"end":{"line":576,"column":22}},"576":{"start":{"line":577,"column":0},"end":{"line":577,"column":51}},"577":{"start":{"line":578,"column":0},"end":{"line":578,"column":69}},"578":{"start":{"line":579,"column":0},"end":{"line":579,"column":3}},"580":{"start":{"line":581,"column":0},"end":{"line":581,"column":9}},"581":{"start":{"line":582,"column":0},"end":{"line":582,"column":49}},"582":{"start":{"line":583,"column":0},"end":{"line":583,"column":26}},"583":{"start":{"line":584,"column":0},"end":{"line":584,"column":11}},"584":{"start":{"line":585,"column":0},"end":{"line":585,"column":20}},"585":{"start":{"line":586,"column":0},"end":{"line":586,"column":12}},"586":{"start":{"line":587,"column":0},"end":{"line":587,"column":22}},"587":{"start":{"line":588,"column":0},"end":{"line":588,"column":18}},"588":{"start":{"line":589,"column":0},"end":{"line":589,"column":19}},"589":{"start":{"line":590,"column":0},"end":{"line":590,"column":25}},"590":{"start":{"line":591,"column":0},"end":{"line":591,"column":24}},"591":{"start":{"line":592,"column":0},"end":{"line":592,"column":16}},"592":{"start":{"line":593,"column":0},"end":{"line":593,"column":22}},"593":{"start":{"line":594,"column":0},"end":{"line":594,"column":115}},"594":{"start":{"line":595,"column":0},"end":{"line":595,"column":25}},"595":{"start":{"line":596,"column":0},"end":{"line":596,"column":23}},"596":{"start":{"line":597,"column":0},"end":{"line":597,"column":22}},"597":{"start":{"line":598,"column":0},"end":{"line":598,"column":35}},"598":{"start":{"line":599,"column":0},"end":{"line":599,"column":23}},"599":{"start":{"line":600,"column":0},"end":{"line":600,"column":11}},"600":{"start":{"line":601,"column":0},"end":{"line":601,"column":13}},"601":{"start":{"line":602,"column":0},"end":{"line":602,"column":14}},"602":{"start":{"line":603,"column":0},"end":{"line":603,"column":14}},"603":{"start":{"line":604,"column":0},"end":{"line":604,"column":26}},"604":{"start":{"line":605,"column":0},"end":{"line":605,"column":56}},"605":{"start":{"line":606,"column":0},"end":{"line":606,"column":4}},"606":{"start":{"line":607,"column":0},"end":{"line":607,"column":8}},"607":{"start":{"line":608,"column":0},"end":{"line":608,"column":10}},"608":{"start":{"line":609,"column":0},"end":{"line":609,"column":12}},"609":{"start":{"line":610,"column":0},"end":{"line":610,"column":19}},"610":{"start":{"line":611,"column":0},"end":{"line":611,"column":17}},"611":{"start":{"line":612,"column":0},"end":{"line":612,"column":17}},"612":{"start":{"line":613,"column":0},"end":{"line":613,"column":25}},"613":{"start":{"line":614,"column":0},"end":{"line":614,"column":3}},"614":{"start":{"line":615,"column":0},"end":{"line":615,"column":1}},"644":{"start":{"line":645,"column":0},"end":{"line":645,"column":113}},"645":{"start":{"line":646,"column":0},"end":{"line":646,"column":38}},"647":{"start":{"line":648,"column":0},"end":{"line":648,"column":26}},"648":{"start":{"line":649,"column":0},"end":{"line":649,"column":16}},"649":{"start":{"line":650,"column":0},"end":{"line":650,"column":12}},"651":{"start":{"line":652,"column":0},"end":{"line":652,"column":17}},"653":{"start":{"line":654,"column":0},"end":{"line":654,"column":70}},"655":{"start":{"line":656,"column":0},"end":{"line":656,"column":56}},"656":{"start":{"line":657,"column":0},"end":{"line":657,"column":24}},"657":{"start":{"line":658,"column":0},"end":{"line":658,"column":127}},"658":{"start":{"line":659,"column":0},"end":{"line":659,"column":7}},"660":{"start":{"line":661,"column":0},"end":{"line":661,"column":32}},"661":{"start":{"line":662,"column":0},"end":{"line":662,"column":76}},"662":{"start":{"line":663,"column":0},"end":{"line":663,"column":7}},"663":{"start":{"line":664,"column":0},"end":{"line":664,"column":12}},"664":{"start":{"line":665,"column":0},"end":{"line":665,"column":5}},"666":{"start":{"line":667,"column":0},"end":{"line":667,"column":20}},"668":{"start":{"line":669,"column":0},"end":{"line":669,"column":53}},"669":{"start":{"line":670,"column":0},"end":{"line":670,"column":24}},"670":{"start":{"line":671,"column":0},"end":{"line":671,"column":73}},"671":{"start":{"line":672,"column":0},"end":{"line":672,"column":8}},"672":{"start":{"line":673,"column":0},"end":{"line":673,"column":55}},"673":{"start":{"line":674,"column":0},"end":{"line":674,"column":24}},"674":{"start":{"line":675,"column":0},"end":{"line":675,"column":73}},"675":{"start":{"line":676,"column":0},"end":{"line":676,"column":8}},"677":{"start":{"line":678,"column":0},"end":{"line":678,"column":76}},"678":{"start":{"line":679,"column":0},"end":{"line":679,"column":78}},"679":{"start":{"line":680,"column":0},"end":{"line":680,"column":110}},"680":{"start":{"line":681,"column":0},"end":{"line":681,"column":45}},"681":{"start":{"line":682,"column":0},"end":{"line":682,"column":84}},"682":{"start":{"line":683,"column":0},"end":{"line":683,"column":7}},"684":{"start":{"line":685,"column":0},"end":{"line":685,"column":32}},"685":{"start":{"line":686,"column":0},"end":{"line":686,"column":83}},"686":{"start":{"line":687,"column":0},"end":{"line":687,"column":7}},"690":{"start":{"line":691,"column":0},"end":{"line":691,"column":86}},"691":{"start":{"line":692,"column":0},"end":{"line":692,"column":88}},"693":{"start":{"line":694,"column":0},"end":{"line":694,"column":90}},"694":{"start":{"line":695,"column":0},"end":{"line":695,"column":12}},"695":{"start":{"line":696,"column":0},"end":{"line":696,"column":5}},"697":{"start":{"line":698,"column":0},"end":{"line":698,"column":18}},"699":{"start":{"line":700,"column":0},"end":{"line":700,"column":92}},"700":{"start":{"line":701,"column":0},"end":{"line":701,"column":38}},"701":{"start":{"line":702,"column":0},"end":{"line":702,"column":38}},"703":{"start":{"line":704,"column":0},"end":{"line":704,"column":53}},"704":{"start":{"line":705,"column":0},"end":{"line":705,"column":24}},"705":{"start":{"line":706,"column":0},"end":{"line":706,"column":77}},"706":{"start":{"line":707,"column":0},"end":{"line":707,"column":8}},"707":{"start":{"line":708,"column":0},"end":{"line":708,"column":55}},"708":{"start":{"line":709,"column":0},"end":{"line":709,"column":24}},"709":{"start":{"line":710,"column":0},"end":{"line":710,"column":77}},"710":{"start":{"line":711,"column":0},"end":{"line":711,"column":8}},"712":{"start":{"line":713,"column":0},"end":{"line":713,"column":68}},"714":{"start":{"line":715,"column":0},"end":{"line":715,"column":32}},"715":{"start":{"line":716,"column":0},"end":{"line":716,"column":118}},"716":{"start":{"line":717,"column":0},"end":{"line":717,"column":55}},"717":{"start":{"line":718,"column":0},"end":{"line":718,"column":14}},"718":{"start":{"line":719,"column":0},"end":{"line":719,"column":120}},"719":{"start":{"line":720,"column":0},"end":{"line":720,"column":7}},"721":{"start":{"line":722,"column":0},"end":{"line":722,"column":86}},"722":{"start":{"line":723,"column":0},"end":{"line":723,"column":90}},"724":{"start":{"line":725,"column":0},"end":{"line":725,"column":88}},"725":{"start":{"line":726,"column":0},"end":{"line":726,"column":90}},"726":{"start":{"line":727,"column":0},"end":{"line":727,"column":12}},"727":{"start":{"line":728,"column":0},"end":{"line":728,"column":5}},"729":{"start":{"line":730,"column":0},"end":{"line":730,"column":21}},"731":{"start":{"line":732,"column":0},"end":{"line":732,"column":70}},"732":{"start":{"line":733,"column":0},"end":{"line":733,"column":54}},"733":{"start":{"line":734,"column":0},"end":{"line":734,"column":21}},"734":{"start":{"line":735,"column":0},"end":{"line":735,"column":5}},"735":{"start":{"line":736,"column":0},"end":{"line":736,"column":3}},"736":{"start":{"line":737,"column":0},"end":{"line":737,"column":17}},"737":{"start":{"line":738,"column":0},"end":{"line":738,"column":1}},"760":{"start":{"line":761,"column":0},"end":{"line":761,"column":97}},"761":{"start":{"line":762,"column":0},"end":{"line":762,"column":43}},"762":{"start":{"line":763,"column":0},"end":{"line":763,"column":108}},"764":{"start":{"line":765,"column":0},"end":{"line":765,"column":40}},"765":{"start":{"line":766,"column":0},"end":{"line":766,"column":43}},"766":{"start":{"line":767,"column":0},"end":{"line":767,"column":42}},"769":{"start":{"line":770,"column":0},"end":{"line":770,"column":44}},"770":{"start":{"line":771,"column":0},"end":{"line":771,"column":68}},"772":{"start":{"line":773,"column":0},"end":{"line":773,"column":49}},"773":{"start":{"line":774,"column":0},"end":{"line":774,"column":60}},"776":{"start":{"line":777,"column":0},"end":{"line":777,"column":39}},"777":{"start":{"line":778,"column":0},"end":{"line":778,"column":52}},"778":{"start":{"line":779,"column":0},"end":{"line":779,"column":35}},"779":{"start":{"line":780,"column":0},"end":{"line":780,"column":7}},"781":{"start":{"line":782,"column":0},"end":{"line":782,"column":79}},"782":{"start":{"line":783,"column":0},"end":{"line":783,"column":5}},"783":{"start":{"line":784,"column":0},"end":{"line":784,"column":3}},"784":{"start":{"line":785,"column":0},"end":{"line":785,"column":17}},"785":{"start":{"line":786,"column":0},"end":{"line":786,"column":1}}},"s":{"1":1,"13":410,"14":410,"15":410,"16":410,"17":27779,"18":27779,"19":27779,"20":410,"21":25538,"22":25538,"23":410,"24":1057,"25":1057,"26":410,"27":180,"28":180,"29":410,"30":190,"31":190,"32":3325,"33":3325,"34":3325,"35":190,"36":190,"37":410,"38":410,"43":325,"44":325,"45":325,"46":37784,"47":37784,"48":37784,"49":325,"50":325,"61":1,"65":95,"68":95,"69":95,"70":95,"71":19000,"72":19000,"75":95,"76":95,"77":950,"78":950,"81":95,"82":95,"91":1,"92":95,"93":95,"94":95,"95":95,"96":95,"97":95,"98":95,"99":95,"100":95,"101":95,"102":95,"103":95,"104":95,"105":95,"106":95,"107":95,"109":95,"110":95,"113":95,"114":95,"115":95,"118":95,"119":95,"128":1,"129":95,"132":95,"133":95,"134":95,"136":95,"137":95,"138":95,"143":1,"144":1,"145":1,"146":1,"147":1,"148":1,"149":1,"150":1,"151":1,"152":1,"153":1,"154":1,"155":1,"157":1,"159":1,"160":1,"161":7,"162":1,"163":1,"164":1,"165":1,"166":1,"168":1,"169":1,"170":5,"171":1,"172":1,"173":1,"174":1,"175":1,"177":1,"178":1,"179":2,"180":1,"181":1,"182":1,"183":1,"184":1,"186":1,"187":1,"188":14,"189":1,"190":1,"191":1,"192":1,"193":1,"195":1,"196":1,"197":2,"198":1,"199":1,"200":1,"201":1,"202":1,"204":1,"205":1,"206":5,"207":1,"208":1,"209":1,"210":1,"211":1,"213":1,"214":1,"215":5,"216":1,"217":1,"218":1,"219":1,"220":1,"222":1,"223":1,"224":7,"225":1,"226":1,"227":1,"228":1,"229":1,"231":1,"232":1,"233":2,"234":1,"235":1,"236":1,"237":1,"238":1,"240":1,"241":1,"242":4,"243":1,"244":1,"245":1,"246":1,"247":1,"249":1,"250":1,"251":3,"252":1,"253":1,"254":1,"255":1,"256":1,"258":1,"259":1,"260":4,"261":1,"262":1,"263":1,"264":1,"265":1,"267":1,"268":1,"269":2,"270":1,"271":1,"272":1,"273":1,"274":1,"276":1,"277":1,"278":4,"279":1,"280":1,"281":1,"282":1,"283":1,"285":1,"286":1,"287":3,"288":1,"289":1,"290":1,"291":1,"292":1,"294":1,"295":1,"296":5,"297":1,"298":1,"299":1,"300":1,"301":1,"303":1,"304":1,"305":5,"306":1,"307":1,"308":1,"309":1,"310":1,"312":1,"313":1,"314":4,"315":1,"316":1,"317":1,"318":1,"319":1,"321":1,"322":1,"323":5,"324":1,"325":1,"326":1,"327":1,"328":1,"330":1,"331":1,"332":2,"333":1,"334":1,"335":1,"336":1,"337":1,"339":1,"340":1,"341":5,"342":1,"343":1,"344":1,"345":1,"346":1,"347":1,"349":1,"351":1,"352":1,"353":1,"354":1,"355":1,"356":1,"358":1,"359":1,"360":1,"361":1,"362":1,"363":1,"364":1,"365":1,"366":1,"367":1,"369":1,"370":1,"371":1,"372":1,"373":1,"375":1,"376":1,"378":1,"379":1,"380":1,"381":1,"382":1,"384":1,"386":1,"388":1,"389":1,"391":1,"392":1,"393":1,"394":1,"395":1,"396":1,"398":1,"399":1,"400":1,"401":1,"402":1,"427":1,"428":90,"430":90,"431":90,"432":90,"433":90,"434":90,"435":90,"436":90,"437":90,"438":90,"439":90,"440":90,"442":90,"443":90,"445":90,"446":90,"448":90,"449":73,"450":17,"453":90,"454":90,"455":90,"457":90,"458":90,"459":90,"460":90,"461":90,"462":90,"463":90,"464":90,"465":90,"467":90,"468":90,"469":90,"470":90,"471":90,"472":90,"473":90,"474":90,"475":90,"476":90,"477":90,"478":90,"479":90,"480":90,"481":90,"482":90,"483":90,"484":90,"485":90,"486":90,"487":90,"488":90,"489":90,"490":90,"491":90,"492":90,"493":90,"494":90,"495":90,"496":90,"497":90,"498":90,"499":90,"500":90,"501":90,"541":1,"542":5,"544":5,"545":5,"546":5,"547":5,"548":5,"549":5,"550":5,"551":5,"552":5,"553":5,"554":5,"556":5,"557":5,"559":5,"560":5,"562":5,"563":3,"564":2,"566":5,"567":5,"568":5,"570":5,"571":5,"572":5,"573":5,"574":5,"575":5,"576":5,"577":5,"578":5,"580":5,"581":5,"582":5,"583":5,"584":5,"585":5,"586":5,"587":5,"588":5,"589":5,"590":5,"591":5,"592":5,"593":5,"594":5,"595":5,"596":5,"597":5,"598":5,"599":5,"600":5,"601":5,"602":5,"603":5,"604":5,"605":5,"606":5,"607":5,"608":5,"609":5,"610":5,"611":5,"612":5,"613":5,"614":5,"644":1,"645":182,"647":182,"648":182,"649":70,"651":182,"653":83,"655":83,"656":83,"657":15,"658":15,"660":83,"661":42,"662":42,"663":83,"664":83,"666":182,"668":10,"669":10,"670":10,"671":10,"672":10,"673":10,"674":10,"675":10,"677":10,"678":7,"679":7,"680":10,"681":3,"682":3,"684":10,"685":2,"686":2,"690":10,"691":10,"693":10,"694":10,"695":10,"697":182,"699":10,"700":10,"701":10,"703":10,"704":10,"705":10,"706":10,"707":10,"708":10,"709":10,"710":10,"712":10,"714":10,"715":3,"716":3,"717":10,"718":7,"719":7,"721":10,"722":10,"724":10,"725":10,"726":10,"727":10,"729":182,"731":9,"732":9,"733":9,"734":9,"735":182,"736":173,"737":173,"760":1,"761":2,"762":2,"764":2,"765":70,"766":70,"769":70,"770":70,"772":70,"773":120,"776":120,"777":120,"778":23,"779":23,"781":120,"782":120,"783":70,"784":2,"785":2},"branchMap":{"0":{"type":"branch","line":14,"loc":{"start":{"line":14,"column":0},"end":{"line":39,"column":1}},"locations":[{"start":{"line":14,"column":0},"end":{"line":39,"column":1}}]},"1":{"type":"branch","line":17,"loc":{"start":{"line":17,"column":4},"end":{"line":20,"column":6}},"locations":[{"start":{"line":17,"column":4},"end":{"line":20,"column":6}}]},"2":{"type":"branch","line":21,"loc":{"start":{"line":21,"column":4},"end":{"line":23,"column":6}},"locations":[{"start":{"line":21,"column":4},"end":{"line":23,"column":6}}]},"3":{"type":"branch","line":24,"loc":{"start":{"line":24,"column":4},"end":{"line":26,"column":6}},"locations":[{"start":{"line":24,"column":4},"end":{"line":26,"column":6}}]},"4":{"type":"branch","line":27,"loc":{"start":{"line":27,"column":4},"end":{"line":29,"column":6}},"locations":[{"start":{"line":27,"column":4},"end":{"line":29,"column":6}}]},"5":{"type":"branch","line":30,"loc":{"start":{"line":30,"column":4},"end":{"line":37,"column":6}},"locations":[{"start":{"line":30,"column":4},"end":{"line":37,"column":6}}]},"6":{"type":"branch","line":32,"loc":{"start":{"line":32,"column":45},"end":{"line":35,"column":7}},"locations":[{"start":{"line":32,"column":45},"end":{"line":35,"column":7}}]},"7":{"type":"branch","line":44,"loc":{"start":{"line":44,"column":0},"end":{"line":51,"column":1}},"locations":[{"start":{"line":44,"column":0},"end":{"line":51,"column":1}}]},"8":{"type":"branch","line":46,"loc":{"start":{"line":46,"column":39},"end":{"line":49,"column":3}},"locations":[{"start":{"line":46,"column":39},"end":{"line":49,"column":3}}]},"9":{"type":"branch","line":62,"loc":{"start":{"line":62,"column":7},"end":{"line":83,"column":1}},"locations":[{"start":{"line":62,"column":7},"end":{"line":83,"column":1}}]},"10":{"type":"branch","line":71,"loc":{"start":{"line":71,"column":32},"end":{"line":73,"column":3}},"locations":[{"start":{"line":71,"column":32},"end":{"line":73,"column":3}}]},"11":{"type":"branch","line":77,"loc":{"start":{"line":77,"column":31},"end":{"line":79,"column":3}},"locations":[{"start":{"line":77,"column":31},"end":{"line":79,"column":3}}]},"12":{"type":"branch","line":92,"loc":{"start":{"line":92,"column":7},"end":{"line":120,"column":1}},"locations":[{"start":{"line":92,"column":7},"end":{"line":120,"column":1}}]},"13":{"type":"branch","line":115,"loc":{"start":{"line":115,"column":40},"end":{"line":115,"column":62}},"locations":[{"start":{"line":115,"column":40},"end":{"line":115,"column":62}}]},"14":{"type":"branch","line":129,"loc":{"start":{"line":129,"column":7},"end":{"line":139,"column":1}},"locations":[{"start":{"line":129,"column":7},"end":{"line":139,"column":1}}]},"15":{"type":"branch","line":161,"loc":{"start":{"line":161,"column":16},"end":{"line":162,"column":106}},"locations":[{"start":{"line":161,"column":16},"end":{"line":162,"column":106}}]},"16":{"type":"branch","line":170,"loc":{"start":{"line":170,"column":16},"end":{"line":171,"column":106}},"locations":[{"start":{"line":170,"column":16},"end":{"line":171,"column":106}}]},"17":{"type":"branch","line":179,"loc":{"start":{"line":179,"column":16},"end":{"line":180,"column":78}},"locations":[{"start":{"line":179,"column":16},"end":{"line":180,"column":78}}]},"18":{"type":"branch","line":188,"loc":{"start":{"line":188,"column":16},"end":{"line":189,"column":78}},"locations":[{"start":{"line":188,"column":16},"end":{"line":189,"column":78}}]},"19":{"type":"branch","line":197,"loc":{"start":{"line":197,"column":16},"end":{"line":198,"column":107}},"locations":[{"start":{"line":197,"column":16},"end":{"line":198,"column":107}}]},"20":{"type":"branch","line":206,"loc":{"start":{"line":206,"column":16},"end":{"line":207,"column":118}},"locations":[{"start":{"line":206,"column":16},"end":{"line":207,"column":118}}]},"21":{"type":"branch","line":215,"loc":{"start":{"line":215,"column":16},"end":{"line":216,"column":123}},"locations":[{"start":{"line":215,"column":16},"end":{"line":216,"column":123}}]},"22":{"type":"branch","line":224,"loc":{"start":{"line":224,"column":14},"end":{"line":225,"column":126}},"locations":[{"start":{"line":224,"column":14},"end":{"line":225,"column":126}}]},"23":{"type":"branch","line":233,"loc":{"start":{"line":233,"column":14},"end":{"line":234,"column":117}},"locations":[{"start":{"line":233,"column":14},"end":{"line":234,"column":117}}]},"24":{"type":"branch","line":242,"loc":{"start":{"line":242,"column":14},"end":{"line":243,"column":83}},"locations":[{"start":{"line":242,"column":14},"end":{"line":243,"column":83}}]},"25":{"type":"branch","line":251,"loc":{"start":{"line":251,"column":14},"end":{"line":252,"column":113}},"locations":[{"start":{"line":251,"column":14},"end":{"line":252,"column":113}}]},"26":{"type":"branch","line":260,"loc":{"start":{"line":260,"column":14},"end":{"line":261,"column":144}},"locations":[{"start":{"line":260,"column":14},"end":{"line":261,"column":144}}]},"27":{"type":"branch","line":269,"loc":{"start":{"line":269,"column":14},"end":{"line":270,"column":135}},"locations":[{"start":{"line":269,"column":14},"end":{"line":270,"column":135}}]},"28":{"type":"branch","line":278,"loc":{"start":{"line":278,"column":14},"end":{"line":279,"column":120}},"locations":[{"start":{"line":278,"column":14},"end":{"line":279,"column":120}}]},"29":{"type":"branch","line":287,"loc":{"start":{"line":287,"column":14},"end":{"line":288,"column":120}},"locations":[{"start":{"line":287,"column":14},"end":{"line":288,"column":120}}]},"30":{"type":"branch","line":296,"loc":{"start":{"line":296,"column":14},"end":{"line":297,"column":143}},"locations":[{"start":{"line":296,"column":14},"end":{"line":297,"column":143}}]},"31":{"type":"branch","line":305,"loc":{"start":{"line":305,"column":14},"end":{"line":306,"column":159}},"locations":[{"start":{"line":305,"column":14},"end":{"line":306,"column":159}}]},"32":{"type":"branch","line":314,"loc":{"start":{"line":314,"column":14},"end":{"line":315,"column":103}},"locations":[{"start":{"line":314,"column":14},"end":{"line":315,"column":103}}]},"33":{"type":"branch","line":323,"loc":{"start":{"line":323,"column":14},"end":{"line":324,"column":103}},"locations":[{"start":{"line":323,"column":14},"end":{"line":324,"column":103}}]},"34":{"type":"branch","line":332,"loc":{"start":{"line":332,"column":14},"end":{"line":333,"column":103}},"locations":[{"start":{"line":332,"column":14},"end":{"line":333,"column":103}}]},"35":{"type":"branch","line":341,"loc":{"start":{"line":341,"column":14},"end":{"line":342,"column":75}},"locations":[{"start":{"line":341,"column":14},"end":{"line":342,"column":75}}]},"36":{"type":"branch","line":428,"loc":{"start":{"line":428,"column":7},"end":{"line":502,"column":1}},"locations":[{"start":{"line":428,"column":7},"end":{"line":502,"column":1}}]},"37":{"type":"branch","line":437,"loc":{"start":{"line":437,"column":28},"end":{"line":437,"column":78}},"locations":[{"start":{"line":437,"column":28},"end":{"line":437,"column":78}}]},"38":{"type":"branch","line":437,"loc":{"start":{"line":437,"column":74},"end":{"line":437,"column":107}},"locations":[{"start":{"line":437,"column":74},"end":{"line":437,"column":107}}]},"39":{"type":"branch","line":439,"loc":{"start":{"line":439,"column":28},"end":{"line":439,"column":56}},"locations":[{"start":{"line":439,"column":28},"end":{"line":439,"column":56}}]},"40":{"type":"branch","line":439,"loc":{"start":{"line":439,"column":52},"end":{"line":439,"column":87}},"locations":[{"start":{"line":439,"column":52},"end":{"line":439,"column":87}}]},"41":{"type":"branch","line":441,"loc":{"start":{"line":441,"column":36},"end":{"line":441,"column":46}},"locations":[{"start":{"line":441,"column":36},"end":{"line":441,"column":46}}]},"42":{"type":"branch","line":441,"loc":{"start":{"line":441,"column":40},"end":{"line":441,"column":59}},"locations":[{"start":{"line":441,"column":40},"end":{"line":441,"column":59}}]},"43":{"type":"branch","line":449,"loc":{"start":{"line":449,"column":37},"end":{"line":450,"column":93}},"locations":[{"start":{"line":449,"column":37},"end":{"line":450,"column":93}}]},"44":{"type":"branch","line":450,"loc":{"start":{"line":450,"column":92},"end":{"line":451,"column":9}},"locations":[{"start":{"line":450,"column":92},"end":{"line":451,"column":9}}]},"45":{"type":"branch","line":492,"loc":{"start":{"line":492,"column":32},"end":{"line":492,"column":62}},"locations":[{"start":{"line":492,"column":32},"end":{"line":492,"column":62}}]},"46":{"type":"branch","line":492,"loc":{"start":{"line":492,"column":41},"end":{"line":492,"column":83}},"locations":[{"start":{"line":492,"column":41},"end":{"line":492,"column":83}}]},"47":{"type":"branch","line":542,"loc":{"start":{"line":542,"column":7},"end":{"line":615,"column":1}},"locations":[{"start":{"line":542,"column":7},"end":{"line":615,"column":1}}]},"48":{"type":"branch","line":563,"loc":{"start":{"line":563,"column":36},"end":{"line":564,"column":91}},"locations":[{"start":{"line":563,"column":36},"end":{"line":564,"column":91}}]},"49":{"type":"branch","line":564,"loc":{"start":{"line":564,"column":90},"end":{"line":565,"column":7}},"locations":[{"start":{"line":564,"column":90},"end":{"line":565,"column":7}}]},"50":{"type":"branch","line":545,"loc":{"start":{"line":545,"column":29},"end":{"line":545,"column":81}},"locations":[{"start":{"line":545,"column":29},"end":{"line":545,"column":81}}]},"51":{"type":"branch","line":645,"loc":{"start":{"line":645,"column":7},"end":{"line":738,"column":1}},"locations":[{"start":{"line":645,"column":7},"end":{"line":738,"column":1}}]},"52":{"type":"branch","line":649,"loc":{"start":{"line":649,"column":4},"end":{"line":650,"column":12}},"locations":[{"start":{"line":649,"column":4},"end":{"line":650,"column":12}}]},"53":{"type":"branch","line":652,"loc":{"start":{"line":652,"column":4},"end":{"line":665,"column":5}},"locations":[{"start":{"line":652,"column":4},"end":{"line":665,"column":5}}]},"54":{"type":"branch","line":657,"loc":{"start":{"line":657,"column":23},"end":{"line":659,"column":7}},"locations":[{"start":{"line":657,"column":23},"end":{"line":659,"column":7}}]},"55":{"type":"branch","line":661,"loc":{"start":{"line":661,"column":31},"end":{"line":663,"column":7}},"locations":[{"start":{"line":661,"column":31},"end":{"line":663,"column":7}}]},"56":{"type":"branch","line":667,"loc":{"start":{"line":667,"column":4},"end":{"line":696,"column":5}},"locations":[{"start":{"line":667,"column":4},"end":{"line":696,"column":5}}]},"57":{"type":"branch","line":678,"loc":{"start":{"line":678,"column":26},"end":{"line":678,"column":75}},"locations":[{"start":{"line":678,"column":26},"end":{"line":678,"column":75}}]},"58":{"type":"branch","line":678,"loc":{"start":{"line":678,"column":75},"end":{"line":681,"column":17}},"locations":[{"start":{"line":678,"column":75},"end":{"line":681,"column":17}}]},"59":{"type":"branch","line":681,"loc":{"start":{"line":681,"column":6},"end":{"line":683,"column":7}},"locations":[{"start":{"line":681,"column":6},"end":{"line":683,"column":7}}]},"60":{"type":"branch","line":685,"loc":{"start":{"line":685,"column":31},"end":{"line":687,"column":7}},"locations":[{"start":{"line":685,"column":31},"end":{"line":687,"column":7}}]},"61":{"type":"branch","line":698,"loc":{"start":{"line":698,"column":4},"end":{"line":728,"column":5}},"locations":[{"start":{"line":698,"column":4},"end":{"line":728,"column":5}}]},"62":{"type":"branch","line":713,"loc":{"start":{"line":713,"column":43},"end":{"line":713,"column":55}},"locations":[{"start":{"line":713,"column":43},"end":{"line":713,"column":55}}]},"63":{"type":"branch","line":713,"loc":{"start":{"line":713,"column":49},"end":{"line":713,"column":68}},"locations":[{"start":{"line":713,"column":49},"end":{"line":713,"column":68}}]},"64":{"type":"branch","line":715,"loc":{"start":{"line":715,"column":31},"end":{"line":718,"column":13}},"locations":[{"start":{"line":715,"column":31},"end":{"line":718,"column":13}}]},"65":{"type":"branch","line":718,"loc":{"start":{"line":718,"column":6},"end":{"line":720,"column":7}},"locations":[{"start":{"line":718,"column":6},"end":{"line":720,"column":7}}]},"66":{"type":"branch","line":730,"loc":{"start":{"line":730,"column":4},"end":{"line":735,"column":5}},"locations":[{"start":{"line":730,"column":4},"end":{"line":735,"column":5}}]},"67":{"type":"branch","line":736,"loc":{"start":{"line":736,"column":2},"end":{"line":738,"column":1}},"locations":[{"start":{"line":736,"column":2},"end":{"line":738,"column":1}}]},"68":{"type":"branch","line":662,"loc":{"start":{"line":662,"column":49},"end":{"line":662,"column":74}},"locations":[{"start":{"line":662,"column":49},"end":{"line":662,"column":74}}]},"69":{"type":"branch","line":671,"loc":{"start":{"line":671,"column":8},"end":{"line":671,"column":73}},"locations":[{"start":{"line":671,"column":8},"end":{"line":671,"column":73}}]},"70":{"type":"branch","line":675,"loc":{"start":{"line":675,"column":8},"end":{"line":675,"column":73}},"locations":[{"start":{"line":675,"column":8},"end":{"line":675,"column":73}}]},"71":{"type":"branch","line":679,"loc":{"start":{"line":679,"column":44},"end":{"line":679,"column":76}},"locations":[{"start":{"line":679,"column":44},"end":{"line":679,"column":76}}]},"72":{"type":"branch","line":706,"loc":{"start":{"line":706,"column":8},"end":{"line":706,"column":77}},"locations":[{"start":{"line":706,"column":8},"end":{"line":706,"column":77}}]},"73":{"type":"branch","line":710,"loc":{"start":{"line":710,"column":8},"end":{"line":710,"column":77}},"locations":[{"start":{"line":710,"column":8},"end":{"line":710,"column":77}}]},"74":{"type":"branch","line":716,"loc":{"start":{"line":716,"column":40},"end":{"line":716,"column":72}},"locations":[{"start":{"line":716,"column":40},"end":{"line":716,"column":72}}]},"75":{"type":"branch","line":761,"loc":{"start":{"line":761,"column":7},"end":{"line":786,"column":1}},"locations":[{"start":{"line":761,"column":7},"end":{"line":786,"column":1}}]},"76":{"type":"branch","line":765,"loc":{"start":{"line":765,"column":39},"end":{"line":784,"column":3}},"locations":[{"start":{"line":765,"column":39},"end":{"line":784,"column":3}}]},"77":{"type":"branch","line":771,"loc":{"start":{"line":771,"column":17},"end":{"line":771,"column":63}},"locations":[{"start":{"line":771,"column":17},"end":{"line":771,"column":63}}]},"78":{"type":"branch","line":771,"loc":{"start":{"line":771,"column":59},"end":{"line":771,"column":68}},"locations":[{"start":{"line":771,"column":59},"end":{"line":771,"column":68}}]},"79":{"type":"branch","line":773,"loc":{"start":{"line":773,"column":48},"end":{"line":783,"column":5}},"locations":[{"start":{"line":773,"column":48},"end":{"line":783,"column":5}}]},"80":{"type":"branch","line":778,"loc":{"start":{"line":778,"column":20},"end":{"line":778,"column":51}},"locations":[{"start":{"line":778,"column":20},"end":{"line":778,"column":51}}]},"81":{"type":"branch","line":778,"loc":{"start":{"line":778,"column":51},"end":{"line":780,"column":7}},"locations":[{"start":{"line":778,"column":51},"end":{"line":780,"column":7}}]}},"b":{"0":[410],"1":[27779],"2":[25538],"3":[1057],"4":[180],"5":[190],"6":[3325],"7":[325],"8":[37784],"9":[95],"10":[19000],"11":[950],"12":[95],"13":[2061],"14":[95],"15":[7],"16":[5],"17":[2],"18":[14],"19":[2],"20":[5],"21":[5],"22":[7],"23":[2],"24":[4],"25":[3],"26":[4],"27":[2],"28":[4],"29":[3],"30":[5],"31":[5],"32":[4],"33":[5],"34":[2],"35":[5],"36":[90],"37":[23],"38":[67],"39":[23],"40":[67],"41":[12],"42":[78],"43":[73],"44":[17],"45":[23],"46":[67],"47":[5],"48":[3],"49":[2],"50":[5],"51":[182],"52":[70],"53":[83],"54":[15],"55":[42],"56":[10],"57":[7],"58":[7],"59":[3],"60":[2],"61":[10],"62":[2],"63":[8],"64":[3],"65":[7],"66":[9],"67":[173],"68":[1271],"69":[1],"70":[10],"71":[231],"72":[1],"73":[10],"74":[99],"75":[2],"76":[70],"77":[5],"78":[65],"79":[120],"80":[50],"81":[23]},"fnMap":{"0":{"name":"makePrng","decl":{"start":{"line":14,"column":0},"end":{"line":39,"column":1}},"loc":{"start":{"line":14,"column":0},"end":{"line":39,"column":1}},"line":14},"1":{"name":"next","decl":{"start":{"line":17,"column":4},"end":{"line":20,"column":6}},"loc":{"start":{"line":17,"column":4},"end":{"line":20,"column":6}},"line":17},"2":{"name":"int","decl":{"start":{"line":21,"column":4},"end":{"line":23,"column":6}},"loc":{"start":{"line":21,"column":4},"end":{"line":23,"column":6}},"line":21},"3":{"name":"pick","decl":{"start":{"line":24,"column":4},"end":{"line":26,"column":6}},"loc":{"start":{"line":24,"column":4},"end":{"line":26,"column":6}},"line":24},"4":{"name":"bool","decl":{"start":{"line":27,"column":4},"end":{"line":29,"column":6}},"loc":{"start":{"line":27,"column":4},"end":{"line":29,"column":6}},"line":27},"5":{"name":"shuffle","decl":{"start":{"line":30,"column":4},"end":{"line":37,"column":6}},"loc":{"start":{"line":30,"column":4},"end":{"line":37,"column":6}},"line":30},"6":{"name":"simpleHash","decl":{"start":{"line":44,"column":0},"end":{"line":51,"column":1}},"loc":{"start":{"line":44,"column":0},"end":{"line":51,"column":1}},"line":44},"7":{"name":"generateCanvasBlob","decl":{"start":{"line":62,"column":7},"end":{"line":83,"column":1}},"loc":{"start":{"line":62,"column":7},"end":{"line":83,"column":1}},"line":62},"8":{"name":"generateWebGLBlob","decl":{"start":{"line":92,"column":7},"end":{"line":120,"column":1}},"loc":{"start":{"line":92,"column":7},"end":{"line":120,"column":1}},"line":92},"9":{"name":"generateAudioBlob","decl":{"start":{"line":129,"column":7},"end":{"line":139,"column":1}},"loc":{"start":{"line":129,"column":7},"end":{"line":139,"column":1}},"line":129},"10":{"name":"uaTemplate","decl":{"start":{"line":161,"column":16},"end":{"line":162,"column":106}},"loc":{"start":{"line":161,"column":16},"end":{"line":162,"column":106}},"line":161},"11":{"name":"uaTemplate","decl":{"start":{"line":170,"column":16},"end":{"line":171,"column":106}},"loc":{"start":{"line":170,"column":16},"end":{"line":171,"column":106}},"line":170},"12":{"name":"uaTemplate","decl":{"start":{"line":179,"column":16},"end":{"line":180,"column":78}},"loc":{"start":{"line":179,"column":16},"end":{"line":180,"column":78}},"line":179},"13":{"name":"uaTemplate","decl":{"start":{"line":188,"column":16},"end":{"line":189,"column":78}},"loc":{"start":{"line":188,"column":16},"end":{"line":189,"column":78}},"line":188},"14":{"name":"uaTemplate","decl":{"start":{"line":197,"column":16},"end":{"line":198,"column":107}},"loc":{"start":{"line":197,"column":16},"end":{"line":198,"column":107}},"line":197},"15":{"name":"uaTemplate","decl":{"start":{"line":206,"column":16},"end":{"line":207,"column":118}},"loc":{"start":{"line":206,"column":16},"end":{"line":207,"column":118}},"line":206},"16":{"name":"uaTemplate","decl":{"start":{"line":215,"column":16},"end":{"line":216,"column":123}},"loc":{"start":{"line":215,"column":16},"end":{"line":216,"column":123}},"line":215},"17":{"name":"uaTemplate","decl":{"start":{"line":224,"column":14},"end":{"line":225,"column":126}},"loc":{"start":{"line":224,"column":14},"end":{"line":225,"column":126}},"line":224},"18":{"name":"uaTemplate","decl":{"start":{"line":233,"column":14},"end":{"line":234,"column":117}},"loc":{"start":{"line":233,"column":14},"end":{"line":234,"column":117}},"line":233},"19":{"name":"uaTemplate","decl":{"start":{"line":242,"column":14},"end":{"line":243,"column":83}},"loc":{"start":{"line":242,"column":14},"end":{"line":243,"column":83}},"line":242},"20":{"name":"uaTemplate","decl":{"start":{"line":251,"column":14},"end":{"line":252,"column":113}},"loc":{"start":{"line":251,"column":14},"end":{"line":252,"column":113}},"line":251},"21":{"name":"uaTemplate","decl":{"start":{"line":260,"column":14},"end":{"line":261,"column":144}},"loc":{"start":{"line":260,"column":14},"end":{"line":261,"column":144}},"line":260},"22":{"name":"uaTemplate","decl":{"start":{"line":269,"column":14},"end":{"line":270,"column":135}},"loc":{"start":{"line":269,"column":14},"end":{"line":270,"column":135}},"line":269},"23":{"name":"uaTemplate","decl":{"start":{"line":278,"column":14},"end":{"line":279,"column":120}},"loc":{"start":{"line":278,"column":14},"end":{"line":279,"column":120}},"line":278},"24":{"name":"uaTemplate","decl":{"start":{"line":287,"column":14},"end":{"line":288,"column":120}},"loc":{"start":{"line":287,"column":14},"end":{"line":288,"column":120}},"line":287},"25":{"name":"uaTemplate","decl":{"start":{"line":296,"column":14},"end":{"line":297,"column":143}},"loc":{"start":{"line":296,"column":14},"end":{"line":297,"column":143}},"line":296},"26":{"name":"uaTemplate","decl":{"start":{"line":305,"column":14},"end":{"line":306,"column":159}},"loc":{"start":{"line":305,"column":14},"end":{"line":306,"column":159}},"line":305},"27":{"name":"uaTemplate","decl":{"start":{"line":314,"column":14},"end":{"line":315,"column":103}},"loc":{"start":{"line":314,"column":14},"end":{"line":315,"column":103}},"line":314},"28":{"name":"uaTemplate","decl":{"start":{"line":323,"column":14},"end":{"line":324,"column":103}},"loc":{"start":{"line":323,"column":14},"end":{"line":324,"column":103}},"line":323},"29":{"name":"uaTemplate","decl":{"start":{"line":332,"column":14},"end":{"line":333,"column":103}},"loc":{"start":{"line":332,"column":14},"end":{"line":333,"column":103}},"line":332},"30":{"name":"uaTemplate","decl":{"start":{"line":341,"column":14},"end":{"line":342,"column":75}},"loc":{"start":{"line":341,"column":14},"end":{"line":342,"column":75}},"line":341},"31":{"name":"createBaseFingerprint","decl":{"start":{"line":428,"column":7},"end":{"line":502,"column":1}},"loc":{"start":{"line":428,"column":7},"end":{"line":502,"column":1}},"line":428},"32":{"name":"createAttractorFingerprint","decl":{"start":{"line":542,"column":7},"end":{"line":615,"column":1}},"loc":{"start":{"line":542,"column":7},"end":{"line":615,"column":1}},"line":542},"33":{"name":"mutate","decl":{"start":{"line":645,"column":7},"end":{"line":738,"column":1}},"loc":{"start":{"line":645,"column":7},"end":{"line":738,"column":1}},"line":645},"34":{"name":"generateDataset","decl":{"start":{"line":761,"column":7},"end":{"line":786,"column":1}},"loc":{"start":{"line":761,"column":7},"end":{"line":786,"column":1}},"line":761}},"f":{"0":410,"1":27779,"2":25538,"3":1057,"4":180,"5":190,"6":325,"7":95,"8":95,"9":95,"10":7,"11":5,"12":2,"13":14,"14":2,"15":5,"16":5,"17":7,"18":2,"19":4,"20":3,"21":4,"22":2,"23":4,"24":3,"25":5,"26":5,"27":4,"28":5,"29":2,"30":5,"31":90,"32":5,"33":182,"34":2}}
,"/home/sam/Documents/Code/TypeScript/FP-Devicer-Suite/fp-devicer/src/benchmarks/metrics.ts": {"path":"/home/sam/Documents/Code/TypeScript/FP-Devicer-Suite/fp-devicer/src/benchmarks/metrics.ts","all":true,"statementMap":{"16":{"start":{"line":17,"column":0},"end":{"line":17,"column":33}},"17":{"start":{"line":18,"column":0},"end":{"line":18,"column":78}},"18":{"start":{"line":19,"column":0},"end":{"line":19,"column":68}},"19":{"start":{"line":20,"column":0},"end":{"line":20,"column":22}},"20":{"start":{"line":21,"column":0},"end":{"line":21,"column":30}},"21":{"start":{"line":22,"column":0},"end":{"line":22,"column":39}},"22":{"start":{"line":23,"column":0},"end":{"line":23,"column":34}},"23":{"start":{"line":24,"column":0},"end":{"line":24,"column":41}},"24":{"start":{"line":25,"column":0},"end":{"line":25,"column":46}},"25":{"start":{"line":26,"column":0},"end":{"line":26,"column":52}},"26":{"start":{"line":27,"column":0},"end":{"line":27,"column":53}},"27":{"start":{"line":28,"column":0},"end":{"line":28,"column":16}},"28":{"start":{"line":29,"column":0},"end":{"line":29,"column":5}},"29":{"start":{"line":30,"column":0},"end":{"line":30,"column":51}},"30":{"start":{"line":31,"column":0},"end":{"line":31,"column":48}},"31":{"start":{"line":32,"column":0},"end":{"line":32,"column":36}},"32":{"start":{"line":33,"column":0},"end":{"line":33,"column":36}},"33":{"start":{"line":34,"column":0},"end":{"line":34,"column":34}},"36":{"start":{"line":37,"column":0},"end":{"line":37,"column":96}},"37":{"start":{"line":38,"column":0},"end":{"line":38,"column":46}},"38":{"start":{"line":39,"column":0},"end":{"line":39,"column":87}},"39":{"start":{"line":40,"column":0},"end":{"line":40,"column":10}},"41":{"start":{"line":42,"column":0},"end":{"line":42,"column":122}},"42":{"start":{"line":43,"column":0},"end":{"line":43,"column":5}},"43":{"start":{"line":44,"column":0},"end":{"line":44,"column":1}},"45":{"start":{"line":46,"column":0},"end":{"line":46,"column":30}},"46":{"start":{"line":47,"column":0},"end":{"line":47,"column":71}},"47":{"start":{"line":48,"column":0},"end":{"line":48,"column":13}},"48":{"start":{"line":49,"column":0},"end":{"line":49,"column":15}},"49":{"start":{"line":50,"column":0},"end":{"line":50,"column":16}},"51":{"start":{"line":52,"column":0},"end":{"line":52,"column":33}},"52":{"start":{"line":53,"column":0},"end":{"line":53,"column":35}},"53":{"start":{"line":54,"column":0},"end":{"line":54,"column":28}},"54":{"start":{"line":55,"column":0},"end":{"line":55,"column":48}},"55":{"start":{"line":56,"column":0},"end":{"line":56,"column":33}},"56":{"start":{"line":57,"column":0},"end":{"line":57,"column":42}},"57":{"start":{"line":58,"column":0},"end":{"line":58,"column":77}},"58":{"start":{"line":59,"column":0},"end":{"line":59,"column":22}},"59":{"start":{"line":60,"column":0},"end":{"line":60,"column":4}},"60":{"start":{"line":61,"column":0},"end":{"line":61,"column":3}},"61":{"start":{"line":62,"column":0},"end":{"line":62,"column":19}},"62":{"start":{"line":63,"column":0},"end":{"line":63,"column":2}},"63":{"start":{"line":64,"column":0},"end":{"line":64,"column":80}},"64":{"start":{"line":65,"column":0},"end":{"line":65,"column":34}},"65":{"start":{"line":66,"column":0},"end":{"line":66,"column":46}},"66":{"start":{"line":67,"column":0},"end":{"line":67,"column":31}},"67":{"start":{"line":68,"column":0},"end":{"line":68,"column":30}},"68":{"start":{"line":69,"column":0},"end":{"line":69,"column":24}},"69":{"start":{"line":70,"column":0},"end":{"line":70,"column":43}},"70":{"start":{"line":71,"column":0},"end":{"line":71,"column":38}},"71":{"start":{"line":72,"column":0},"end":{"line":72,"column":35}},"72":{"start":{"line":73,"column":0},"end":{"line":73,"column":5}},"73":{"start":{"line":74,"column":0},"end":{"line":74,"column":4}},"74":{"start":{"line":75,"column":0},"end":{"line":75,"column":49}},"75":{"start":{"line":76,"column":0},"end":{"line":76,"column":37}},"76":{"start":{"line":77,"column":0},"end":{"line":77,"column":4}},"77":{"start":{"line":78,"column":0},"end":{"line":78,"column":3}},"78":{"start":{"line":79,"column":0},"end":{"line":79,"column":2}},"79":{"start":{"line":80,"column":0},"end":{"line":80,"column":41}},"80":{"start":{"line":81,"column":0},"end":{"line":81,"column":24}},"81":{"start":{"line":82,"column":0},"end":{"line":82,"column":18}},"82":{"start":{"line":83,"column":0},"end":{"line":83,"column":36}},"83":{"start":{"line":84,"column":0},"end":{"line":84,"column":36}},"84":{"start":{"line":85,"column":0},"end":{"line":85,"column":22}},"85":{"start":{"line":86,"column":0},"end":{"line":86,"column":53}},"86":{"start":{"line":87,"column":0},"end":{"line":87,"column":11}},"87":{"start":{"line":88,"column":0},"end":{"line":88,"column":18}},"88":{"start":{"line":89,"column":0},"end":{"line":89,"column":4}},"89":{"start":{"line":90,"column":0},"end":{"line":90,"column":3}},"90":{"start":{"line":91,"column":0},"end":{"line":91,"column":2}},"91":{"start":{"line":92,"column":0},"end":{"line":92,"column":28}},"92
[...]
umn":4},"end":{"line":35,"column":49}}]},"3":{"type":"branch","line":36,"loc":{"start":{"line":36,"column":4},"end":{"line":48,"column":6}},"locations":[{"start":{"line":36,"column":4},"end":{"line":48,"column":6}}]},"4":{"type":"branch","line":49,"loc":{"start":{"line":49,"column":4},"end":{"line":53,"column":6}},"locations":[{"start":{"line":49,"column":4},"end":{"line":53,"column":6}}]},"5":{"type":"branch","line":52,"loc":{"start":{"line":52,"column":37},"end":{"line":52,"column":65}},"locations":[{"start":{"line":52,"column":37},"end":{"line":52,"column":65}}]},"6":{"type":"branch","line":54,"loc":{"start":{"line":54,"column":4},"end":{"line":115,"column":6}},"locations":[{"start":{"line":54,"column":4},"end":{"line":115,"column":6}}]},"7":{"type":"branch","line":69,"loc":{"start":{"line":69,"column":31},"end":{"line":69,"column":41}},"locations":[{"start":{"line":69,"column":31},"end":{"line":69,"column":41}}]},"8":{"type":"branch","line":73,"loc":{"start":{"line":73,"column":31},"end":{"line":75,"column":10}},"locations":[{"start":{"line":73,"column":31},"end":{"line":75,"column":10}}]},"9":{"type":"branch","line":82,"loc":{"start":{"line":82,"column":31},"end":{"line":82,"column":41}},"locations":[{"start":{"line":82,"column":31},"end":{"line":82,"column":41}}]},"10":{"type":"branch","line":86,"loc":{"start":{"line":86,"column":37},"end":{"line":89,"column":4}},"locations":[{"start":{"line":86,"column":37},"end":{"line":89,"column":4}}]},"11":{"type":"branch","line":94,"loc":{"start":{"line":94,"column":46},"end":{"line":111,"column":4}},"locations":[{"start":{"line":94,"column":46},"end":{"line":111,"column":4}}]},"12":{"type":"branch","line":96,"loc":{"start":{"line":96,"column":14},"end":{"line":96,"column":23}},"locations":[{"start":{"line":96,"column":14},"end":{"line":96,"column":23}}]},"13":{"type":"branch","line":110,"loc":{"start":{"line":110,"column":36},"end":{"line":110,"column":42}},"locations":[{"start":{"line":110,"column":36},"end":{"line":110,"column":42}}]},"14":{"type":"branch","line":114,"loc":{"start":{"line":114,"column":26},"end":{"line":114,"column":63}},"locations":[{"start":{"line":114,"column":26},"end":{"line":114,"column":63}}]},"15":{"type":"branch","line":116,"loc":{"start":{"line":116,"column":4},"end":{"line":118,"column":6}},"locations":[{"start":{"line":116,"column":4},"end":{"line":118,"column":6}}]},"16":{"type":"branch","line":119,"loc":{"start":{"line":119,"column":4},"end":{"line":122,"column":6}},"locations":[{"start":{"line":119,"column":4},"end":{"line":122,"column":6}}]},"17":{"type":"branch","line":123,"loc":{"start":{"line":123,"column":2},"end":{"line":142,"column":4}},"locations":[{"start":{"line":123,"column":2},"end":{"line":142,"column":4}}]},"18":{"type":"branch","line":127,"loc":{"start":{"line":127,"column":22},"end":{"line":141,"column":4}},"locations":[{"start":{"line":127,"column":22},"end":{"line":141,"column":4}}]},"19":{"type":"branch","line":128,"loc":{"start":{"line":128,"column":22},"end":{"line":138,"column":5}},"locations":[{"start":{"line":128,"column":22},"end":{"line":138,"column":5}}]},"20":{"type":"branch","line":131,"loc":{"start":{"line":131,"column":19},"end":{"line":131,"column":45}},"locations":[{"start":{"line":131,"column":19},"end":{"line":131,"column":45}}]},"21":{"type":"branch","line":133,"loc":{"start":{"line":133,"column":22},"end":{"line":136,"column":7}},"locations":[{"start":{"line":133,"column":22},"end":{"line":136,"column":7}}]},"22":{"type":"branch","line":134,"loc":{"start":{"line":134,"column":16},"end":{"line":134,"column":38}},"locations":[{"start":{"line":134,"column":16},"end":{"line":134,"column":38}}]},"23":{"type":"branch","line":135,"loc":{"start":{"line":135,"column":19},"end":{"line":135,"column":69}},"locations":[{"start":{"line":135,"column":19},"end":{"line":135,"column":69}}]},"24":{"type":"branch","line":139,"loc":{"start":{"line":139,"column":21},"end":{"line":139,"column":51}},"locations":[{"start":{"line":139,"column":21},"end":{"line":139,"column":51}}]},"25":{"type":"branch","line":143,"loc":{"start":{"line":143,"column":4},"end":{"line":143,"column":41}},"locations":[{"start":{"line":143,"column":4},"end":{"line":143,"column":41}}]}},"b":{"0":[8],"1":[0],"2":[7],"3":[9],"4":[1],"5":[1],"6":[2],"7":[0],"8":[0],"9":[0],"10":[3],"11":[3],"12":[0],"13":[0],"14":[1],"15":[1],"16":[1],"17":[1],"18":[1],"19":[1],"20":[2],"21":[2],"22":[0],"23":[2],"24":[1],"25":[1]},"fnMap":{"0":{"name":"createRedisAdapter","decl":{"start":{"line":31,"column":7},"end":{"line":145,"column":1}},"loc":{"start":{"line":31,"column":7},"end":{"line":145,"column":1}},"line":31},"1":{"name":"init","decl":{"start":{"line":35,"column":4},"end":{"line":35,"column":49}},"loc":{"start":{"line":35,"column":4},"end":{"line":35,"column":49}},"line":35},"2":{"name":"save","decl":{"start":{"line":36,"column":4},"end":{"line":48,"column":6}},"loc":{"start":{"line":36,"column":4},"end":{"line":48,"column":6}},"line":36},"3":{"name":"getHistory","decl":{"start":{"line":49,"column":4},"end":{"line":53,"column":6}},"loc":{"start":{"line":49,"column":4},"end":{"line":53,"column":6}},"line":49},"4":{"name":"findCandidates","decl":{"start":{"line":54,"column":4},"end":{"line":115,"column":6}},"loc":{"start":{"line":54,"column":4},"end":{"line":115,"column":6}},"line":54},"5":{"name":"linkToUser","decl":{"start":{"line":116,"column":4},"end":{"line":118,"column":6}},"loc":{"start":{"line":116,"column":4},"end":{"line":118,"column":6}},"line":116},"6":{"name":"deleteOldSnapshots","decl":{"start":{"line":119,"column":4},"end":{"line":122,"column":6}},"loc":{"start":{"line":119,"column":4},"end":{"line":122,"column":6}},"line":119},"7":{"name":"getAllFingerprints","decl":{"start":{"line":123,"column":2},"end":{"line":142,"column":4}},"loc":{"start":{"line":123,"column":2},"end":{"line":142,"column":4}},"line":123},"8":{"name":"close","decl":{"start":{"line":143,"column":4},"end":{"line":143,"column":41}},"loc":{"start":{"line":143,"column":4},"end":{"line":143,"column":41}},"line":143}},"f":{"0":8,"1":7,"2":9,"3":1,"4":2,"5":1,"6":1,"7":1,"8":1}}
,"/home/sam/Documents/Code/TypeScript/FP-Devicer-Suite/fp-devicer/src/libs/adapters/sqlite.ts": {"path":"/home/sam/Documents/Code/TypeScript/FP-Devicer-Suite/fp-devicer/src/libs/adapters/sqlite.ts","all":false,"statementMap":{"0":{"start":{"line":1,"column":0},"end":{"line":1,"column":96}},"1":{"start":{"line":2,"column":0},"end":{"line":2,"column":60}},"2":{"start":{"line":3,"column":0},"end":{"line":3,"column":38}},"3":{"start":{"line":4,"column":0},"end":{"line":4,"column":64}},"4":{"start":{"line":5,"column":0},"end":{"line":5,"column":58}},"5":{"start":{"line":6,"column":0},"end":{"line":6,"column":36}},"7":{"start":{"line":8,"column":0},"end":{"line":8,"column":55}},"10":{"start":{"line":11,"column":0},"end":{"line":11,"column":55}},"11":{"start":{"line":12,"column":0},"end":{"line":12,"column":29}},"12":{"start":{"line":13,"column":0},"end":{"line":13,"column":38}},"13":{"start":{"line":14,"column":0},"end":{"line":14,"column":80}},"14":{"start":{"line":15,"column":0},"end":{"line":15,"column":30}},"15":{"start":{"line":16,"column":0},"end":{"line":16,"column":3}},"34":{"start":{"line":35,"column":0},"end":{"line":35,"column":76}},"35":{"start":{"line":36,"column":0},"end":{"line":36,"column":71}},"37":{"start":{"line":38,"column":0},"end":{"line":38,"column":9}},"38":{"start":{"line":39,"column":0},"end":{"line":39,"column":16}},"39":{"start":{"line":40,"column":0},"end":{"line":40,"column":16}},"40":{"start":{"line":41,"column":0},"end":{"line":41,"column":49}},"46":{"start":{"line":47,"column":0},"end":{"line":47,"column":5}},"47":{"start":{"line":48,"column":0},"end":{"line":48,"column":4}},"48":{"start":{"line":49,"column":0},"end":{"line":49,"column":24}},"49":{"start":{"line":50,"column":0},"end":{"line":50,"column":27}},"50":{"start":{"line":51,"column":0},"end":{"line":51,"column":46}},"51":{"start":{"line":52,"column":0},"end":{"line":52,"column":7}},"52":{"start":{"line":53,"column":0},"end":{"line":53,"column":32}},"53":{"start":{"line":54,"column":0},"end":{"line":54,"column":31}},"54":{"start":{"line":55,"column":0},"end":{"line":55,"column":106}},"56":{"start":{"line":57,"column":0},"end":{"line":57,"column":6}},"57":{"start":{"line":58,"column":0},"end":{"line":58,"column":13}},"58":{"start":{"line":59,"column":0},"end":{"line":59,"column":4}},"59":{"start":{"line":60,"column":0},"end":{"line":60,"column":42}},"60":{"start":{"line":61,"column":0},"end":{"line":61,"column":27}},"61":{"start":{"line":62,"column":0},"end":{"line":62,"column":13}},"62":{"start":{"line":63,"column":0},"end":{"line":63,"column":28}},"63":{"start":{"line":64,"column":0},"end":{"line":64,"column":52}},"64":{"start":{"line":65,"column":0},"end":{"line":65,"column":47}},"65":{"start":{"line":66,"column":0},"end":{"line":66,"column":18}},"66":{"start":{"line":67,"column":0},"end":{"line":67,"column":64}},"67":{"start":{"line":68,"column":0},"end":{"line":68,"column":15}},"68":{"start":{"line":69,"column":0},"end":{"line":69,"column":27}},"69":{"start":{"line":70,"column":0},"end":{"line":70,"column":27}},"70":{"start":{"line":71,"column":0},"end":{"line":71,"column":68}},"71":{"start":{"line":72,"column":0},"end":{"line":72,"column":7}},"72":{"start":{"line":73,"column":0},"end":{"line":73,"column":4}},"73":{"start":{"line":74,"column":0},"end":{"line":74,"column":58}},"75":{"start":{"line":76,"column":0},"end":{"line":76,"column":66}},"76":{"start":{"line":77,"column":0},"end":{"line":77,"column":69}},"77":{"start":{"line":78,"column":0},"end":{"line":78,"column":82}},"78":{"start":{"line":79,"column":0},"end":{"line":79,"column":62}},"79":{"start":{"line":80,"column":0},"end":{"line":80,"column":5}},"82":{"start":{"line":83,"column":0},"end":{"line":83,"column":42}},"83":{"start":{"line":84,"column":0},"end":{"line":84,"column":31}},"84":{"start":{"line":85,"column":0},"end":{"line":85,"column":59}},"85":{"start":{"line":86,"column":0},"end":{"line":86,"column":48}},"86":{"start":{"line":87,"column":0},"end":{"line":87,"column":6}},"90":{"start":{"line":91,"column":0},"end":{"line":91,"column":56}},"91":{"start":{"line":92,"column":0},"end":{"line":92,"column":70}},"92":{"start":{"line":93,"column":0},"end":{"line":93,"column":28}},"93":{"start":{"line":94,"column":0},"end":{"line":94,"column":61}},"94":{"start":{"line":95,"column":0},"end":{"line":95,"column":38}},"95":{"start":{"line":96,"column":0},"end":{"line":96,"column":22}},"96":{"start":{"line":97,"column":0},"end":{"line":97,"column":29}},"97":{"start":{"line":98,"column":0},"end":{"line":98,"column":17}},"98":{"start":{"line":99,"column":0},"end":{"line":99,"column":69}},"99":{"start":{"line":100,"column":0},"end":{"line":100,"column":8}},"100":{"start":{"line":101,"column":0},"end":{"line":101,"column":5}},"101":{"start":{"line":102,"column":0},"end":{"line":102,"column":4}},"102":{"start":{"line":103,"column":0},"end":{"line":103,"column":58}},"103":{"start":{"line":104,"column":0},"end":{"line":104,"column":37}},"104":{"start":{"line":105,"column":0},"end":{"line":105,"column":4}},"105":{"start":{"line":106,"column":0},"end":{"line":106,"column":102}},"106":{"start":{"line":107,"column":0},"end":{"line":107,"column":43}},"107":{"start":{"line":108,"column":0},"end":{"line":108,"column":91}},"108":{"start":{"line":109,"column":0},"end":{"line":109,"column":100}},"109":{"start":{"line":110,"column":0},"end":{"line":110,"column":56}},"110":{"start":{"line":111,"column":0},"end":{"line":111,"column":4}},"111":{"start":{"line":112,"column":0},"end":{"line":112,"column":30}},"112":{"start":{"line":113,"column":0},"end":{"line":113,"column":61}},"113":{"start":{"line":114,"column":0},"end":{"line":114,"column":64}},"114":{"start":{"line":115,"column":0},"end":{"line":115,"column":15}},"115":{"start":{"line":116,"column":0},"end":{"line":116,"column":27}},"116":{"start":{"line":117,"column":0},"end":{"line":117,"column":27}},"117":{"start":{"line":118,"column":0},"end":{"line":118,"column":68}},"118":{"start":{"line":119,"column":0},"end":{"line":119,"column":7}},"119":{"start":{"line":120,"column":0},"end":{"line":120,"column":3}},"120":{"start":{"line":121,"column":0},"end":{"line":121,"column":3}},"121":{"start":{"line":122,"column":0},"end":{"line":122,"column":1}}},"s":{"0":1,"1":1,"2":1,"3":1,"4":1,"5":1,"7":1,"10":1,"11":1,"12":1,"13":1,"14":1,"15":1,"34":1,"35":6,"37":6,"38":6,"39":5,"40":5,"46":5,"47":5,"48":6,"49":8,"50":8,"51":8,"52":8,"53":8,"54":8,"56":8,"57":8,"58":8,"59":6,"60":2,"61":2,"62":2,"63":2,"64":2,"65":2,"66":2,"67":1,"68":1,"69":1,"70":1,"71":2,"72":2,"73":6,"75":2,"76":2,"77":2,"78":2,"79":2,"82":2,"83":3,"84":3,"85":0,"86":2,"90":2,"91":2,"92":2,"93":3,"94":3,"95":3,"96":3,"97":3,"98":3,"99":3,"100":3,"101":3,"102":2,"103":2,"104":2,"105":6,"106":6,"107":6,"108":6,"109":6,"110":6,"111":6,"112":1,"113":1,"114":2,"115":2,"116":2,"117":2,"118":1,"119":1,"120":6,"121":6},"branchMap":{"0":{"type":"branch","line":35,"loc":{"start":{"line":35,"column":7},"end":{"line":122,"column":1}},"locations":[{"start":{"line":35,"column":7},"end":{"line":122,"column":1}}]},"1":{"type":"branch","line":39,"loc":{"start":{"line":39,"column":2},"end":{"line":48,"column":4}},"locations":[{"start":{"line":39,"column":2},"end":{"line":48,"column":4}}]},"2":{"type":"branch","line":49,"loc":{"start":{"line":49,"column":2},"end":{"line":59,"column":4}},"locations":[{"start":{"line":49,"column":2},"end":{"line":59,"column":4}}]},"3":{"type":"branch","line":55,"loc":{"start":{"line":55,"column":83},"end":{"line":55,"column":106}},"locations":[{"start":{"line":55,"column":83},"end":{"line":55,"column":106}}]},"4":{"type":"branch","line":60,"loc":{"start":{"line":60,"column":2},"end":{"line":73,"column":4}},"locations":[{"start":{"line":60,"column":2},"end":{"line":73,"column":4}}]},"5":{"type":"branch","line":67,"loc":{"start":{"line":67,"column":25},"end":{"line":67,"column":49}},"locations":[{"start":{"line":67,"column":25},"end":{"line":67,"column":49}}]},"6":{"type":"branch","line":67,"loc":{"start":{"line":67,"column":55},"end":{"line":72,"column":5}},"locations":[{"start":{"line":67,"column":55},"end":{"line":72,"column":5}}]},"7":{"type":"branch","line":71,"loc":{"start":{"line":71,"column":53},"end":{"line":71,"column":68}},"locations":[{"start":{"line":71,"column":53},"end":{"line":71,"column":68}}]},"8":{"type":"branch","line":74,"loc":{"start":{"line":74,"column":2},"end":{"line":105,"column":4}},"locations":[{"start":{"line":74,"column":2},"end":{"line":105,"column":4}}]},"9":{"type":"branch","line":91,"loc":{"start":{"line":91,"column":38},"end":{"line":91,"column":56}},"locations":[{"start":{"line":91,"column":38},"end":{"line":91,"column":56}}]},"10":{"type":"branch","line":93,"loc":{"start":{"line":93,"column":27},"end":{"line":102,"column":4}},"locations":[{"start":{"line":93,"column":27},"end":{"line":102,"column":4}}]},"11":{"type":"branch","line":99,"loc":{"start":{"line":99,"column":54},"end":{"line":99,"column":69}},"locations":[{"start":{"line":99,"column":54},"end":{"line":99,"column":69}}]},"12":{"type":"branch","line":83,"loc":{"start":{"line":83,"column":34},"end":{"line":87,"column":4}},"locations":[{"start":{"line":83,"column":34},"end":{"line":87,"column":4}}]},"13":{"type":"branch","line":85,"loc":{"start":{"line":85,"column":49},"end":{"line":86,"column":48}},"locations":[{"start":{"line":85,"column":49},"end":{"line":86,"column":48}}]},"14":{"type":"branch","line":103,"loc":{"start":{"line":103,"column":19},"end":{"line":103,"column":56}},"locations":[{"start":{"line":103,"column":19},"end":{"line":103,"column":56}}]},"15":{"type":"branch","line":107,"loc":{"start":{"line":107,"column":2},"end":{"line":111,"column":4}},"locations":[{"start":{"line":107,"column":2},"end":{"line":111,"column":4}}]},"16":{"type":"branch","line":110,"loc":{"start":{"line":110,"column":17},"end":{"line":110,"column":56}},"locations":[{"start":{"line":110,"column":17},"end":{"line":110,"column":56}}]},"17":{"type":"branch","line":112,"loc":{"start":{"line":112,"column":2},"end":{"line":120,"column":3}},"locations":[{"start":{"line":112,"column":2},"end":{"line":120,"column":3}}]},"18":{"type":"branch","line":114,"loc":{"start":{"line":114,"column":25},"end":{"line":114,"column":49}},"locations":[{"start":{"line":114,"column":25},"end":{"line":114,"column":49}}]},"19":{"type":"branch","line":114,"loc":{"start":{"line":114,"column":55},"end":{"line":119,"column":5}},"locations":[{"start":{"line":114,"column":55},"end":{"line":119,"column":5}}]},"20":{"type":"branch","line":118,"loc":{"start":{"line":118,"column":53},"end":{"line":118,"column":68}},"locations":[{"start":{"line":118,"column":53},"end":{"line":118,"column":68}}]}},"b":{"0":[6],"1":[5],"2":[8],"3":[0],"4":[2],"5":[1],"6":[1],"7":[0],"8":[2],"9":[0],"10":[3],"11":[0],"12":[3],"13":[0],"14":[1],"15":[6],"16":[1],"17":[1],"18":[2],"19":[2],"20":[0]},"fnMap":{"0":{"name":"createSqliteAdapter","decl":{"start":{"line":35,"column":7},"end":{"line":122,"column":1}},"loc":{"start":{"line":35,"column":7},"end":{"line":122,"column":1}},"line":35},"1":{"name":"init","decl":{"start":{"line":39,"column":2},"end":{"line":48,"column":4}},"loc":{"start":{"line":39,"column":2},"end":{"line":48,"column":4}},"line":39},"2":{"name":"save","decl":{"start":{"line":49,"column":2},"end":{"line":59,"column":4}},"loc":{"start":{"line":49,"column":2},"end":{"line":59,"column":4}},"line":49},"3":{"name":"getHistory","decl":{"start":{"line":60,"column":2},"end":{"line":73,"column":4}},"loc":{"start":{"line":60,"column":2},"end":{"line":73,"column":4}},"line":60},"4":{"name":"findCandidates","decl":{"start":{"line":74,"column":2},"end":{"line":105,"column":4}},"loc":{"start":{"line":74,"column":2},"end":{"line":105,"column":4}},"line":74},"5":{"name":"linkToUser","decl":{"start":{"line":106,"column":2},"end":{"line":106,"column":102}},"loc":{"start":{"line":106,"column":2},"end":{"line":106,"column":102}},"line":106},"6":{"name":"deleteOldSnapshots","decl":{"start":{"line":107,"column":2},"end":{"line":111,"column":4}},"loc":{"start":{"line":107,"column":2},"end":{"line":111,"column":4}},"line":107},"7":{"name":"getAllFingerprints","decl":{"start":{"line":112,"column":2},"end":{"line":120,"column":3}},"loc":{"start":{"line":112,"column":2},"end":{"line":120,"column":3}},"line":112}},"f":{"0":6,"1":5,"2":8,"3":2,"4":2,"5":0,"6":6,"7":1}}
,"/home/sam/Documents/Code/TypeScript/FP-Devicer-Suite/fp-devicer/src/tests/fixtures/fingerprints.ts": {"path":"/home/sam/Documents/Code/TypeScript/FP-Devicer-Suite/fp-devicer/src/tests/fixtures/fingerprints.ts","all":false,"statementMap":{"0":{"start":{"line":1,"column":0},"end":{"line":1,"column":83}},"2":{"start":{"line":3,"column":0},"end":{"line":3,"column":52}},"3":{"start":{"line":4,"column":0},"end":{"line":4,"column":56}},"4":{"start":{"line":5,"column":0},"end":{"line":5,"column":55}},"5":{"start":{"line":6,"column":0},"end":{"line":6,"column":55}},"6":{"start":{"line":7,"column":0},"end":{"line":7,"column":62}}},"s":{"0":1,"2":1,"3":1,"4":1,"5":1,"6":1},"branchMap":{},"b":{},"fnMap":{},"f":{}}
,"/home/sam/Documents/Code/TypeScript/FP-Devicer-Suite/fp-devicer/src/types/data.ts": {"path":"/home/sam/Documents/Code/TypeScript/FP-Devicer-Suite/fp-devicer/src/types/data.ts","all":false,"statementMap":{},"s":{},"branchMap":{},"b":{},"fnMap":{},"f":{}}
,"/home/sam/Documents/Code/TypeScript/FP-Devicer-Suite/fp-devicer/src/types/observability.ts": {"path":"/home/sam/Documents/Code/TypeScript/FP-Devicer-Suite/fp-devicer/src/types/observability.ts","all":false,"statementMap":{},"s":{},"branchMap":{},"b":{},"fnMap":{},"f":{}}
,"/home/sam/Documents/Code/TypeScript/FP-Devicer-Suite/fp-devicer/src/types/storage.ts": {"path":"/home/sam/Documents/Code/TypeScript/FP-Devicer-Suite/fp-devicer/src/types/storage.ts","all":false,"statementMap":{},"s":{},"branchMap":{},"b":{},"fnMap":{},"f":{}}
}
